#
# A fatal error has been detected by the Java Runtime Environment:
#
#  EXCEPTION_ACCESS_VIOLATION (0xc0000005) at pc=0x00000000158d0740, pid=12788, tid=0x0000000000004ffc
#
# JRE version: OpenJDK Runtime Environment (8.0_202-b03) (build 1.8.0_202-release-1483-b03)
# Java VM: OpenJDK 64-Bit Server VM (25.202-b03 mixed mode windows-amd64 compressed oops)
# Problematic frame:
# C  0x00000000158d0740
#
# Failed to write core dump. Minidumps are not enabled by default on client versions of Windows
#
# If you would like to submit a bug report, please visit:
#   http://bugreport.java.com/bugreport/crash.jsp
#

---------------  T H R E A D  ---------------

Current thread (0x00000000177eb000):  JavaThread "C2 CompilerThread0" daemon [_thread_in_vm, id=20476, stack(0x0000000017e80000,0x0000000017f80000)]

siginfo: ExceptionCode=0xc0000005, ExceptionInformation=0x0000000000000008 0x00000000158d0740

Registers:
RAX=0x00000000177eb000, RBX=0x000000013fbe1600, RCX=0x000000013fbe1600, RDX=0x000000013fbe1600
RSP=0x0000000017f7b0e8, RBP=0x000000001dc71080, RSI=0x000000013fbe1600, RDI=0x0000000000000000
R8 =0x00000000158d0778, R9 =0x00000000000000a7, R10=0x000000001dc712b0, R11=0x000000001d95f200
R12=0x00000000177eb000, R13=0x000000001dc71080, R14=0x0000000018b08c40, R15=0x0000000018b08d90
RIP=0x00000000158d0740, EFLAGS=0x0000000000010202

Top of Stack: (sp=0x0000000017f7b0e8)
0x0000000017f7b0e8:   000000005077f21c 0000000019453470
0x0000000017f7b0f8:   0000000019453300 00000000000010b6
0x0000000017f7b108:   0000000050779a96 00000000177e90e0
0x0000000017f7b118:   000000005095021f 000000001b165828
0x0000000017f7b128:   0000000050867154 0000000000000144
0x0000000017f7b138:   000000005077f5a9 0000000020221ce0
0x0000000017f7b148:   000000005082804b 00000000000000a7
0x0000000017f7b158:   0000000018b08da0 00000000177e90e0
0x0000000017f7b168:   0000000018b08d90 0000000000000001
0x0000000017f7b178:   000000005077b280 0000000018b08da0
0x0000000017f7b188:   000000013fbe1600 0000000000000018
0x0000000017f7b198:   0000000019452660 0000000018b08da0
0x0000000017f7b1a8:   000000005077c1e1 0000000017f7f548
0x0000000017f7b1b8:   0000000020221ce0 0000000018b08d90
0x0000000017f7b1c8:   0000000023bce820 00000000fffffffc
0x0000000017f7b1d8:   0000000050760000 0000000019452660 

Instructions: (pc=0x00000000158d0740)
0x00000000158d0720:   70 40 1b 16 00 00 00 00 e0 f8 df 02 00 00 00 00
0x00000000158d0730:   90 f7 df 02 00 00 00 00 a0 69 86 02 00 00 00 00
0x00000000158d0740:   58 01 00 00 00 00 00 00 f8 00 8d 15 00 00 00 00
0x00000000158d0750:   00 00 00 00 00 00 00 00 07 00 00 00 02 00 0c 00 


Register to memory mapping:

RAX=0x00000000177eb000 is a thread
RBX=0x000000013fbe1600 is pointing into metadata
RCX=0x000000013fbe1600 is pointing into metadata
RDX=0x000000013fbe1600 is pointing into metadata
RSP=0x0000000017f7b0e8 is pointing into the stack for thread: 0x00000000177eb000
RBP=0x000000001dc71080 is an unknown value
RSI=0x000000013fbe1600 is pointing into metadata
RDI=0x0000000000000000 is an unknown value
R8 ={method} {0x00000000158d0780} 'clone' '()Ljava/lang/Object;' in 'java/lang/Object'
R9 =0x00000000000000a7 is an unknown value
R10=0x000000001dc712b0 is an unknown value
R11=0x000000001d95f200 is an unknown value
R12=0x00000000177eb000 is a thread
R13=0x000000001dc71080 is an unknown value
R14=0x0000000018b08c40 is an unknown value
R15=0x0000000018b08d90 is an unknown value


Stack: [0x0000000017e80000,0x0000000017f80000],  sp=0x0000000017f7b0e8,  free space=1004k
Native frames: (J=compiled Java code, j=interpreted, Vv=VM code, C=native code)
C  0x00000000158d0740


Current CompileTask:
C2: 109010 11048   !   4       java.nio.file.Files::walkFileTree (355 bytes)


---------------  P R O C E S S  ---------------

Java Threads: ( => current thread )
  0x000000001f428000 JavaThread "Cache worker for execution history cache (C:\Users\Administrator\AndroidStudioProjects\carrot_market\.gradle\5.4.1\executionHistory)" [_thread_blocked, id=17420, stack(0x0000000027490000,0x0000000027590000)]
  0x000000001f429800 JavaThread "Execution worker for ':' Thread 3" [_thread_in_native, id=20464, stack(0x0000000025eb0000,0x0000000025fb0000)]
  0x000000001f42b000 JavaThread "Execution worker for ':' Thread 2" [_thread_in_native, id=20332, stack(0x0000000026180000,0x0000000026280000)]
  0x000000001f428800 JavaThread "Execution worker for ':'" [_thread_in_native, id=20012, stack(0x0000000021f80000,0x0000000022080000)]
  0x000000001c9b2000 JavaThread "Cache worker for file content cache (C:\Users\Administrator\AndroidStudioProjects\carrot_market\.gradle\5.4.1\fileContent)" [_thread_blocked, id=8808, stack(0x0000000025fd0000,0x00000000260d0000)]
  0x000000001c9b0800 JavaThread "Cache worker for Build Output Cleanup Cache (C:\Users\Administrator\AndroidStudioProjects\carrot_market\.gradle\buildOutputCleanup)" [_thread_blocked, id=6884, stack(0x0000000022b70000,0x0000000022c70000)]
  0x000000001c9b0000 JavaThread "pool-3-thread-1" [_thread_blocked, id=17084, stack(0x0000000022470000,0x0000000022570000)]
  0x000000001c9af000 JavaThread "Build operations Thread 4" [_thread_blocked, id=20120, stack(0x000000001c010000,0x000000001c110000)]
  0x000000001c9ae800 JavaThread "Build operations Thread 3" [_thread_blocked, id=16712, stack(0x00000000244c0000,0x00000000245c0000)]
  0x000000001c9ad800 JavaThread "Build operations Thread 2" [_thread_blocked, id=19508, stack(0x00000000222b0000,0x00000000223b0000)]
  0x000000001c9ad000 JavaThread "Build operations" [_thread_blocked, id=8688, stack(0x0000000021e60000,0x0000000021f60000)]
  0x000000001c9ab800 JavaThread "Cache worker for cache directory md-rule (C:\Users\Administrator\.gradle\caches\5.4.1\md-rule)" [_thread_blocked, id=12552, stack(0x0000000021960000,0x0000000021a60000)]
  0x00000000188ef800 JavaThread "Cache worker for cache directory md-supplier (C:\Users\Administrator\.gradle\caches\5.4.1\md-supplier)" [_thread_blocked, id=18868, stack(0x000000001bc90000,0x000000001bd90000)]
  0x00000000188e8800 JavaThread "Cache worker for file hash cache (C:\Users\Administrator\AndroidStudioProjects\carrot_market\.gradle\5.4.1\fileHashes)" [_thread_blocked, id=16220, stack(0x0000000021d30000,0x0000000021e30000)]
  0x00000000188e9800 JavaThread "Thread-37" [_thread_blocked, id=15708, stack(0x0000000017310000,0x0000000017410000)]
  0x00000000188e4000 JavaThread "Stdin handler" [_thread_blocked, id=5800, stack(0x000000001f1b0000,0x000000001f2b0000)]
  0x00000000188ef000 JavaThread "Asynchronous log dispatcher for DefaultDaemonConnection: socket connection from /127.0.0.1:54767 to /127.0.0.1:54826" [_thread_blocked, id=16976, stack(0x0000000021820000,0x0000000021920000)]
  0x00000000188ed800 JavaThread "Daemon worker Thread 2" [_thread_blocked, id=11444, stack(0x000000001c140000,0x000000001c240000)]
  0x00000000188eb000 JavaThread "Cancel handler" [_thread_blocked, id=13020, stack(0x0000000017fb0000,0x00000000180b0000)]
  0x00000000188eb800 JavaThread "Handler for socket connection from /127.0.0.1:54767 to /127.0.0.1:54826" [_thread_in_native, id=14936, stack(0x000000001bda0000,0x000000001bea0000)]
  0x00000000188ec800 JavaThread "Daemon Thread 2" [_thread_blocked, id=7108, stack(0x000000001b2e0000,0x000000001b3e0000)]
  0x000000001f424000 JavaThread "Cache worker for file content cache (C:\Users\Administrator\.gradle\caches\5.4.1\fileContent)" [_thread_blocked, id=15928, stack(0x0000000021690000,0x0000000021790000)]
  0x00000000188f1000 JavaThread "Memory manager" [_thread_blocked, id=13264, stack(0x0000000021b60000,0x0000000021c60000)]
  0x00000000188ea000 JavaThread "Cache worker for execution history cache (C:\Users\Administrator\.gradle\caches\5.4.1\executionHistory)" [_thread_blocked, id=18304, stack(0x0000000021a60000,0x0000000021b60000)]
  0x00000000188e3800 JavaThread "Cache worker for journal cache (C:\Users\Administrator\.gradle\caches\journal-1)" [_thread_in_native, id=19952, stack(0x000000001c700000,0x000000001c800000)]
  0x00000000188e2800 JavaThread "File lock request listener" [_thread_in_native, id=19496, stack(0x000000001c540000,0x000000001c640000)]
  0x00000000188e2000 JavaThread "Cache worker for file hash cache (C:\Users\Administrator\.gradle\caches\5.4.1\fileHashes)" [_thread_blocked, id=1640, stack(0x000000001b520000,0x000000001b620000)]
  0x000000001a451000 JavaThread "Daemon periodic checks" [_thread_blocked, id=13832, stack(0x000000001b820000,0x000000001b920000)]
  0x00000000193b7000 JavaThread "Incoming local TCP Connector on port 54767" [_thread_in_native, id=20172, stack(0x000000001b630000,0x000000001b730000)]
  0x0000000019286000 JavaThread "Daemon health stats" [_thread_blocked, id=8932, stack(0x0000000019f40000,0x000000001a040000)]
  0x0000000017880000 JavaThread "Service Thread" daemon [_thread_blocked, id=20368, stack(0x00000000183f0000,0x00000000184f0000)]
  0x0000000017805000 JavaThread "C1 CompilerThread2" daemon [_thread_blocked, id=19892, stack(0x0000000018200000,0x0000000018300000)]
  0x0000000017803800 JavaThread "C2 CompilerThread1" daemon [_thread_in_native, id=18648, stack(0x00000000180b0000,0x00000000181b0000)]
=>0x00000000177eb000 JavaThread "C2 CompilerThread0" daemon [_thread_in_vm, id=20476, stack(0x0000000017e80000,0x0000000017f80000)]
  0x00000000177e8800 JavaThread "Attach Listener" daemon [_thread_blocked, id=12168, stack(0x0000000017cb0000,0x0000000017db0000)]
  0x00000000162bc800 JavaThread "Signal Dispatcher" daemon [_thread_blocked, id=19996, stack(0x0000000017580000,0x0000000017680000)]
  0x00000000162a8800 JavaThread "Finalizer" daemon [_thread_blocked, id=15208, stack(0x00000000176e0000,0x00000000177e0000)]
  0x00000000162a1000 JavaThread "Reference Handler" daemon [_thread_blocked, id=11008, stack(0x0000000017410000,0x0000000017510000)]
  0x00000000023bf800 JavaThread "main" [_thread_blocked, id=6788, stack(0x0000000002720000,0x0000000002820000)]

Other Threads:
  0x0000000016259800 VMThread [stack: 0x0000000017210000,0x0000000017310000] [id=19912]
  0x000000001782e000 WatcherThread [stack: 0x00000000185a0000,0x00000000186a0000] [id=9880]

VM state:not at safepoint (normal execution)

VM Mutex/Monitor currently owned by a thread:  ([mutex/lock_event])
[0x00000000023bbe20] CodeCache_lock - owner thread: 0x0000000000000000

heap address: 0x00000000a0000000, size: 1536 MB, Compressed Oops mode: 32-bit
Narrow klass base: 0x0000000000000000, Narrow klass shift: 3
Compressed class space size: 1073741824 Address: 0x000000013fbe0000

Heap:
 PSYoungGen      total 319488K, used 286193K [0x00000000e0000000, 0x00000000fce80000, 0x0000000100000000)
  eden space 290304K, 88% used [0x00000000e0000000,0x00000000efaffe90,0x00000000f1b80000)
  from space 29184K, 99% used [0x00000000f1b80000,0x00000000f37fc580,0x00000000f3800000)
  to   space 66048K, 0% used [0x00000000f8e00000,0x00000000f8e00000,0x00000000fce80000)
 ParOldGen       total 226304K, used 115722K [0x00000000a0000000, 0x00000000add00000, 0x00000000e0000000)
  object space 226304K, 51% used [0x00000000a0000000,0x00000000a7102ab8,0x00000000add00000)
 Metaspace       used 73197K, capacity 76062K, committed 76184K, reserved 1116160K
  class space    used 9832K, capacity 10371K, committed 10408K, reserved 1048576K

Card table byte_map: [0x0000000011be0000,0x0000000011ef0000] byte_map_base: 0x00000000116e0000

Marking Bits: (ParMarkBitMap*) 0x0000000050f29f30
 Begin Bits: [0x00000000125d0000, 0x0000000013dd0000)
 End Bits:   [0x0000000013dd0000, 0x00000000155d0000)

Polling page: 0x0000000000240000

CodeCache: size=245760Kb used=28862Kb max_used=28874Kb free=216897Kb
 bounds [0x0000000002820000, 0x0000000004480000, 0x0000000011820000]
 total_blobs=10072 nmethods=9255 adapters=729
 compilation: enabled

Compilation events (10 events):
Event: 108.956 Thread 0x0000000017805000 11044       3       com.google.common.cache.AbstractCache$SimpleStatsCounter::recordEviction (10 bytes)
Event: 108.956 Thread 0x0000000017805000 nmethod 11044 0x00000000044355d0 code [0x0000000004435740, 0x0000000004435a08]
Event: 108.956 Thread 0x0000000017805000 11045       3       com.google.common.cache.LocalCache$AccessQueue::remove (44 bytes)
Event: 108.956 Thread 0x0000000017805000 nmethod 11045 0x0000000004448890 code [0x0000000004448a80, 0x00000000044492f8]
Event: 108.961 Thread 0x0000000017805000 11046       3       com.google.common.cache.LocalCache$AccessQueue$2::computeNext (9 bytes)
Event: 108.961 Thread 0x0000000017805000 nmethod 11046 0x0000000004434e90 code [0x0000000004435020, 0x0000000004435428]
Event: 108.967 Thread 0x00000000177eb000 nmethod 11039 0x000000000446f5d0 code [0x000000000446f900, 0x0000000004472020]
Event: 108.980 Thread 0x00000000177eb000 11047       4       org.gradle.internal.event.DefaultListenerManager$EventBroadcast$ListenerDispatch::dispatch (9 bytes)
Event: 108.981 Thread 0x00000000177eb000 nmethod 11047 0x0000000004448590 code [0x00000000044486e0, 0x0000000004448788]
Event: 108.986 Thread 0x00000000177eb000 11048   !   4       java.nio.file.Files::walkFileTree (355 bytes)

GC Heap History (10 events):
Event: 8.475 GC heap before
{Heap before GC invocations=8 (full 2):
 PSYoungGen      total 204800K, used 196608K [0x00000000e0000000, 0x00000000f1880000, 0x0000000100000000)
  eden space 196608K, 100% used [0x00000000e0000000,0x00000000ec000000,0x00000000ec000000)
  from space 8192K, 0% used [0x00000000ec000000,0x00000000ec000000,0x00000000ec800000)
  to   space 16896K, 0% used [0x00000000f0800000,0x00000000f0800000,0x00000000f1880000)
 ParOldGen       total 153088K, used 20078K [0x00000000a0000000, 0x00000000a9580000, 0x00000000e0000000)
  object space 153088K, 13% used [0x00000000a0000000,0x00000000a139ba48,0x00000000a9580000)
 Metaspace       used 52474K, capacity 53948K, committed 54184K, reserved 1095680K
  class space    used 7102K, capacity 7490K, committed 7592K, reserved 1048576K
Event: 8.502 GC heap after
Heap after GC invocations=8 (full 2):
 PSYoungGen      total 258048K, used 16889K [0x00000000e0000000, 0x00000000f1980000, 0x0000000100000000)
  eden space 241152K, 0% used [0x00000000e0000000,0x00000000e0000000,0x00000000eeb80000)
  from space 16896K, 99% used [0x00000000f0800000,0x00000000f187e600,0x00000000f1880000)
  to   space 23552K, 0% used [0x00000000eeb80000,0x00000000eeb80000,0x00000000f0280000)
 ParOldGen       total 153088K, used 27558K [0x00000000a0000000, 0x00000000a9580000, 0x00000000e0000000)
  object space 153088K, 18% used [0x00000000a0000000,0x00000000a1ae99f0,0x00000000a9580000)
 Metaspace       used 52474K, capacity 53948K, committed 54184K, reserved 1095680K
  class space    used 7102K, capacity 7490K, committed 7592K, reserved 1048576K
}
Event: 9.372 GC heap before
{Heap before GC invocations=9 (full 2):
 PSYoungGen      total 258048K, used 85302K [0x00000000e0000000, 0x00000000f1980000, 0x0000000100000000)
  eden space 241152K, 28% used [0x00000000e0000000,0x00000000e42cf210,0x00000000eeb80000)
  from space 16896K, 99% used [0x00000000f0800000,0x00000000f187e600,0x00000000f1880000)
  to   space 23552K, 0% used [0x00000000eeb80000,0x00000000eeb80000,0x00000000f0280000)
 ParOldGen       total 153088K, used 27558K [0x00000000a0000000, 0x00000000a9580000, 0x00000000e0000000)
  object space 153088K, 18% used [0x00000000a0000000,0x00000000a1ae99f0,0x00000000a9580000)
 Metaspace       used 57438K, capacity 59124K, committed 59160K, reserved 1099776K
  class space    used 7783K, capacity 8196K, committed 8232K, reserved 1048576K
Event: 9.388 GC heap after
Heap after GC invocations=9 (full 2):
 PSYoungGen      total 264704K, used 17500K [0x00000000e0000000, 0x00000000f5080000, 0x0000000100000000)
  eden space 241152K, 0% used [0x00000000e0000000,0x00000000e0000000,0x00000000eeb80000)
  from space 23552K, 74% used [0x00000000eeb80000,0x00000000efc972b0,0x00000000f0280000)
  to   space 24576K, 0% used [0x00000000f3880000,0x00000000f3880000,0x00000000f5080000)
 ParOldGen       total 153088K, used 27630K [0x00000000a0000000, 0x00000000a9580000, 0x00000000e0000000)
  object space 153088K, 18% used [0x00000000a0000000,0x00000000a1afba00,0x00000000a9580000)
 Metaspace       used 57438K, capacity 59124K, committed 59160K, reserved 1099776K
  class space    used 7783K, capacity 8196K, committed 8232K, reserved 1048576K
}
Event: 9.388 GC heap before
{Heap before GC invocations=10 (full 3):
 PSYoungGen      total 264704K, used 17500K [0x00000000e0000000, 0x00000000f5080000, 0x0000000100000000)
  eden space 241152K, 0% used [0x00000000e0000000,0x00000000e0000000,0x00000000eeb80000)
  from space 23552K, 74% used [0x00000000eeb80000,0x00000000efc972b0,0x00000000f0280000)
  to   space 24576K, 0% used [0x00000000f3880000,0x00000000f3880000,0x00000000f5080000)
 ParOldGen       total 153088K, used 27630K [0x00000000a0000000, 0x00000000a9580000, 0x00000000e0000000)
  object space 153088K, 18% used [0x00000000a0000000,0x00000000a1afba00,0x00000000a9580000)
 Metaspace       used 57438K, capacity 59124K, committed 59160K, reserved 1099776K
  class space    used 7783K, capacity 8196K, committed 8232K, reserved 1048576K
Event: 9.563 GC heap after
Heap after GC invocations=10 (full 3):
 PSYoungGen      total 264704K, used 0K [0x00000000e0000000, 0x00000000f5080000, 0x0000000100000000)
  eden space 241152K, 0% used [0x00000000e0000000,0x00000000e0000000,0x00000000eeb80000)
  from space 23552K, 0% used [0x00000000eeb80000,0x00000000eeb80000,0x00000000f0280000)
  to   space 24576K, 0% used [0x00000000f3880000,0x00000000f3880000,0x00000000f5080000)
 ParOldGen       total 226304K, used 33046K [0x00000000a0000000, 0x00000000add00000, 0x00000000e0000000)
  object space 226304K, 14% used [0x00000000a0000000,0x00000000a2045860,0x00000000add00000)
 Metaspace       used 57438K, capacity 59124K, committed 59160K, reserved 1099776K
  class space    used 7783K, capacity 8196K, committed 8232K, reserved 1048576K
}
Event: 13.392 GC heap before
{Heap before GC invocations=11 (full 3):
 PSYoungGen      total 264704K, used 241152K [0x00000000e0000000, 0x00000000f5080000, 0x0000000100000000)
  eden space 241152K, 100% used [0x00000000e0000000,0x00000000eeb80000,0x00000000eeb80000)
  from space 23552K, 0% used [0x00000000eeb80000,0x00000000eeb80000,0x00000000f0280000)
  to   space 24576K, 0% used [0x00000000f3880000,0x00000000f3880000,0x00000000f5080000)
 ParOldGen       total 226304K, used 33046K [0x00000000a0000000, 0x00000000add00000, 0x00000000e0000000)
  object space 226304K, 14% used [0x00000000a0000000,0x00000000a2045860,0x00000000add00000)
 Metaspace       used 62020K, capacity 64018K, committed 64152K, reserved 1103872K
  class space    used 8390K, capacity 8843K, committed 8872K, reserved 1048576K
Event: 13.417 GC heap after
Heap after GC invocations=11 (full 3):
 PSYoungGen      total 314880K, used 24569K [0x00000000e0000000, 0x00000000f5480000, 0x0000000100000000)
  eden space 290304K, 0% used [0x00000000e0000000,0x00000000e0000000,0x00000000f1b80000)
  from space 24576K, 99% used [0x00000000f3880000,0x00000000f507e6d8,0x00000000f5080000)
  to   space 29184K, 0% used [0x00000000f1b80000,0x00000000f1b80000,0x00000000f3800000)
 ParOldGen       total 226304K, used 34931K [0x00000000a0000000, 0x00000000add00000, 0x00000000e0000000)
  object space 226304K, 15% used [0x00000000a0000000,0x00000000a221cf00,0x00000000add00000)
 Metaspace       used 62020K, capacity 64018K, committed 64152K, reserved 1103872K
  class space    used 8390K, capacity 8843K, committed 8872K, reserved 1048576K
}
Event: 15.216 GC heap before
{Heap before GC invocations=12 (full 3):
 PSYoungGen      total 314880K, used 314873K [0x00000000e0000000, 0x00000000f5480000, 0x0000000100000000)
  eden space 290304K, 100% used [0x00000000e0000000,0x00000000f1b80000,0x00000000f1b80000)
  from space 24576K, 99% used [0x00000000f3880000,0x00000000f507e6d8,0x00000000f5080000)
  to   space 29184K, 0% used [0x00000000f1b80000,0x00000000f1b80000,0x00000000f3800000)
 ParOldGen       total 226304K, used 34931K [0x00000000a0000000, 0x00000000add00000, 0x00000000e0000000)
  object space 226304K, 15% used [0x00000000a0000000,0x00000000a221cf00,0x00000000add00000)
 Metaspace       used 65575K, capacity 67898K, committed 68120K, reserved 1107968K
  class space    used 8946K, capacity 9437K, committed 9512K, reserved 1048576K
Event: 15.318 GC heap after
Heap after GC invocations=12 (full 3):
 PSYoungGen      total 319488K, used 29169K [0x00000000e0000000, 0x00000000fce80000, 0x0000000100000000)
  eden space 290304K, 0% used [0x00000000e0000000,0x00000000e0000000,0x00000000f1b80000)
  from space 29184K, 99% used [0x00000000f1b80000,0x00000000f37fc580,0x00000000f3800000)
  to   space 66048K, 0% used [0x00000000f8e00000,0x00000000f8e00000,0x00000000fce80000)
 ParOldGen       total 226304K, used 115722K [0x00000000a0000000, 0x00000000add00000, 0x00000000e0000000)
  object space 226304K, 51% used [0x00000000a0000000,0x00000000a7102ab8,0x00000000add00000)
 Metaspace       used 65575K, capacity 67898K, committed 68120K, reserved 1107968K
  class space    used 8946K, capacity 9437K, committed 9512K, reserved 1048576K
}

Deoptimization events (10 events):
Event: 107.282 Thread 0x00000000188ed800 Uncommon trap: reason=bimorphic action=maybe_recompile pc=0x0000000003c7ef9c method=com.google.common.cache.LocalCache$Segment.getEntry(Ljava/lang/Object;I)Lcom/google/common/cache/ReferenceEntry; @ 24
Event: 107.494 Thread 0x00000000188ed800 Uncommon trap: reason=class_check action=maybe_recompile pc=0x0000000003d4ac38 method=com.google.common.cache.LocalCache$LoadingValueReference.loadFuture(Ljava/lang/Object;Lcom/google/common/cache/CacheLoader;)Lcom/google/common/util/concurrent/Listenable
Event: 107.495 Thread 0x00000000188ed800 Uncommon trap: reason=bimorphic action=maybe_recompile pc=0x0000000003c7ef9c method=com.google.common.cache.LocalCache$Segment.getEntry(Ljava/lang/Object;I)Lcom/google/common/cache/ReferenceEntry; @ 24
Event: 107.495 Thread 0x00000000188ed800 Uncommon trap: reason=class_check action=maybe_recompile pc=0x0000000003e91cdc method=java.util.Spliterators$ArraySpliterator.forEachRemaining(Ljava/util/function/Consumer;)V @ 53
Event: 107.495 Thread 0x00000000188ed800 Uncommon trap: reason=class_check action=maybe_recompile pc=0x0000000003e91cdc method=java.util.Spliterators$ArraySpliterator.forEachRemaining(Ljava/util/function/Consumer;)V @ 53
Event: 107.495 Thread 0x00000000188ed800 Uncommon trap: reason=class_check action=maybe_recompile pc=0x00000000037a5110 method=java.util.Spliterators$ArraySpliterator.forEachRemaining(Ljava/util/function/Consumer;)V @ 53
Event: 107.766 Thread 0x00000000188ed800 Uncommon trap: reason=unstable_if action=reinterpret pc=0x0000000003fb5fa4 method=java.util.Spliterators$ArraySpliterator.forEachRemaining(Ljava/util/function/Consumer;)V @ 46
Event: 107.792 Thread 0x000000001f428800 Uncommon trap: reason=unstable_if action=reinterpret pc=0x0000000002bade40 method=org.gradle.internal.service.DefaultServiceRegistry$ManagedObjectServiceProvider.getInstance()Ljava/lang/Object; @ 19
Event: 108.782 Thread 0x000000001f428800 Uncommon trap: reason=unstable_if action=reinterpret pc=0x0000000002ce1f30 method=java.util.concurrent.ConcurrentLinkedQueue.updateHead(Ljava/util/concurrent/ConcurrentLinkedQueue$Node;Ljava/util/concurrent/ConcurrentLinkedQueue$Node;)V @ 11
Event: 108.988 Thread 0x000000001f428800 Uncommon trap: reason=unstable_if action=reinterpret pc=0x0000000003a91710 method=java.util.concurrent.ConcurrentLinkedQueue.offer(Ljava/lang/Object;)Z @ 40

Classes redefined (0 events):
No events

Internal exceptions (10 events):
Event: 16.013 Thread 0x000000001f428800 Exception <a 'java/lang/NoSuchMethodError': java.lang.Object.newSystemTemporaryDirectory()Lcom/android/tools/build/apkzlib/bytestorage/TemporaryDirectory;> (0x00000000e3984598) thrown at [D:\src\AOSP-openjdk-cygwin\jdk8u\hotspot\src\share\vm\interpreter\l
Event: 16.116 Thread 0x000000001f428800 Exception <a 'java/lang/NoSuchMethodError': java.lang.Object.lambda$static$0(Lcom/android/apksig/util/RunnablesProvider;)V> (0x00000000e42d8830) thrown at [D:\src\AOSP-openjdk-cygwin\jdk8u\hotspot\src\share\vm\interpreter\linkResolver.cpp, line 620]
Event: 16.958 Thread 0x0000000019506800 Exception <a 'sun/nio/fs/WindowsException'> (0x00000000e8e82a48) thrown at [D:\src\AOSP-openjdk-cygwin\jdk8u\hotspot\src\share\vm\prims\jni.cpp, line 710]
Event: 17.316 Thread 0x00000000194a8800 Exception <a 'java/lang/NoSuchMethodError': <clinit>> (0x00000000ea82c870) thrown at [D:\src\AOSP-openjdk-cygwin\jdk8u\hotspot\src\share\vm\prims\jni.cpp, line 1614]
Event: 17.316 Thread 0x00000000194a8800 Exception <a 'java/lang/NoSuchMethodError': <clinit>> (0x00000000ea837e20) thrown at [D:\src\AOSP-openjdk-cygwin\jdk8u\hotspot\src\share\vm\prims\jni.cpp, line 1614]
Event: 17.317 Thread 0x00000000194a8800 Exception <a 'java/lang/NoSuchMethodError': <clinit>> (0x00000000ea841e80) thrown at [D:\src\AOSP-openjdk-cygwin\jdk8u\hotspot\src\share\vm\prims\jni.cpp, line 1614]
Event: 17.318 Thread 0x00000000194a8800 Exception <a 'java/lang/NoSuchMethodError': <clinit>> (0x00000000ea85afd0) thrown at [D:\src\AOSP-openjdk-cygwin\jdk8u\hotspot\src\share\vm\prims\jni.cpp, line 1614]
Event: 17.323 Thread 0x00000000194a8800 Exception <a 'java/lang/NoSuchMethodError': <clinit>> (0x00000000ea86bbc0) thrown at [D:\src\AOSP-openjdk-cygwin\jdk8u\hotspot\src\share\vm\prims\jni.cpp, line 1614]
Event: 107.273 Thread 0x00000000188ed800 Implicit null exception at 0x00000000031fb7ef to 0x00000000031fb88d
Event: 107.497 Thread 0x00000000188ed800 Exception <a 'sun/nio/fs/WindowsException'> (0x00000000ebe957c8) thrown at [D:\src\AOSP-openjdk-cygwin\jdk8u\hotspot\src\share\vm\prims\jni.cpp, line 710]

Events (10 events):
Event: 108.782 Thread 0x000000001f428800 Uncommon trap: trap_request=0xffffff65 fr.pc=0x0000000002ce1f30
Event: 108.782 Thread 0x000000001f428800 DEOPT PACKING pc=0x0000000002ce1f30 sp=0x000000002207d090
Event: 108.782 Thread 0x000000001f428800 DEOPT UNPACKING pc=0x000000000286557b sp=0x000000002207cf50 mode 2
Event: 108.824 Executing VM operation: RevokeBias
Event: 108.824 Executing VM operation: RevokeBias done
Event: 108.824 Executing VM operation: RevokeBias
Event: 108.825 Executing VM operation: RevokeBias done
Event: 108.988 Thread 0x000000001f428800 Uncommon trap: trap_request=0xffffff65 fr.pc=0x0000000003a91710
Event: 108.988 Thread 0x000000001f428800 DEOPT PACKING pc=0x0000000003a91710 sp=0x000000002207cfa0
Event: 108.988 Thread 0x000000001f428800 DEOPT UNPACKING pc=0x000000000286557b sp=0x000000002207cf28 mode 2


Dynamic libraries:
0x000000013fba0000 - 0x000000013fbd1000 	C:\Program Files\Android\Android Studio\jre\bin\java.exe
0x0000000077790000 - 0x000000007792f000 	C:\Windows\SYSTEM32\ntdll.dll
0x000007feea0a0000 - 0x000007feea0b4000 	C:\Program Files\AVAST Software\Avast\aswhook.dll
0x0000000077670000 - 0x000000007778f000 	C:\Windows\system32\kernel32.dll
0x000007fefd290000 - 0x000007fefd2fa000 	C:\Windows\system32\KERNELBASE.dll
0x000007fefd740000 - 0x000007fefd81b000 	C:\Windows\system32\ADVAPI32.dll
0x000007fefe8d0000 - 0x000007fefe96f000 	C:\Windows\system32\msvcrt.dll
0x000007fefd720000 - 0x000007fefd73f000 	C:\Windows\SYSTEM32\sechost.dll
0x000007feff640000 - 0x000007feff76c000 	C:\Windows\system32\RPCRT4.dll
0x0000000077570000 - 0x000000007766a000 	C:\Windows\system32\USER32.dll
0x000007feff190000 - 0x000007feff1f7000 	C:\Windows\system32\GDI32.dll
0x000007fefd710000 - 0x000007fefd71e000 	C:\Windows\system32\LPK.dll
0x000007fefee90000 - 0x000007fefef5b000 	C:\Windows\system32\USP10.dll
0x000007fefb490000 - 0x000007fefb685000 	C:\Windows\WinSxS\amd64_microsoft.windows.common-controls_6595b64144ccf1df_6.0.7601.24440_none_e36f1bbf30ff0606\COMCTL32.dll
0x000007fefd630000 - 0x000007fefd6a1000 	C:\Windows\system32\SHLWAPI.dll
0x000007fefef60000 - 0x000007fefef8e000 	C:\Windows\system32\IMM32.DLL
0x000007feff280000 - 0x000007feff389000 	C:\Windows\system32\MSCTF.dll
0x000007fefd1b0000 - 0x000007fefd1e0000 	C:\Windows\system32\nvinitx.dll
0x000007fefd1a0000 - 0x000007fefd1ac000 	C:\Windows\system32\VERSION.dll
0x0000000074e30000 - 0x0000000074e36000 	C:\Program Files\NVIDIA Corporation\CoProcManager\detoured.dll
0x000007fefa9d0000 - 0x000007fefaa08000 	C:\Program Files\NVIDIA Corporation\CoProcManager\nvd3d9wrapx.dll
0x000007feff3a0000 - 0x000007feff577000 	C:\Windows\system32\SETUPAPI.dll
0x000007fefd5e0000 - 0x000007fefd616000 	C:\Windows\system32\CFGMGR32.dll
0x000007feff810000 - 0x000007feff8eb000 	C:\Windows\system32\OLEAUT32.dll
0x000007fefef90000 - 0x000007feff18f000 	C:\Windows\system32\ole32.dll
0x000007fefd330000 - 0x000007fefd34a000 	C:\Windows\system32\DEVOBJ.dll
0x000007fefa9a0000 - 0x000007fefa9c4000 	C:\Program Files\NVIDIA Corporation\CoProcManager\nvdxgiwrapx.dll
0x00000000788e0000 - 0x00000000789b2000 	C:\Program Files\Android\Android Studio\jre\jre\bin\msvcr100.dll
0x0000000050760000 - 0x0000000050fa6000 	C:\Program Files\Android\Android Studio\jre\jre\bin\server\jvm.dll
0x000007feea1c0000 - 0x000007feea1c9000 	C:\Windows\system32\WSOCK32.dll
0x000007fefe880000 - 0x000007fefe8cd000 	C:\Windows\system32\WS2_32.dll
0x000007feff390000 - 0x000007feff398000 	C:\Windows\system32\NSI.dll
0x000007fef9fb0000 - 0x000007fef9feb000 	C:\Windows\system32\WINMM.dll
0x0000000077940000 - 0x0000000077947000 	C:\Windows\system32\PSAPI.DLL
0x000007fed19d0000 - 0x000007fed19df000 	C:\Program Files\Android\Android Studio\jre\jre\bin\verify.dll
0x000007fec93b0000 - 0x000007fec93d9000 	C:\Program Files\Android\Android Studio\jre\jre\bin\java.dll
0x000007fec4df0000 - 0x000007fec4e06000 	C:\Program Files\Android\Android Studio\jre\jre\bin\zip.dll
0x000007fefd820000 - 0x000007fefe5ab000 	C:\Windows\system32\SHELL32.dll
0x00000000002a0000 - 0x00000000002af000 	C:\Windows\system32\profapi.dll
0x000007fec4dd0000 - 0x000007fec4dea000 	C:\Program Files\Android\Android Studio\jre\jre\bin\net.dll
0x000007fefc9b0000 - 0x000007fefca05000 	C:\Windows\system32\mswsock.dll
0x000007fefc9a0000 - 0x000007fefc9a7000 	C:\Windows\System32\wship6.dll
0x000007fec4db0000 - 0x000007fec4dc1000 	C:\Program Files\Android\Android Studio\jre\jre\bin\nio.dll
0x000007fec45b0000 - 0x000007fec45d6000 	C:\Users\Administrator\.gradle\native\29\windows-amd64\native-platform.dll
0x000007fefc280000 - 0x000007fefc283000 	C:\Windows\system32\api-ms-win-core-synch-l1-2-0.DLL
0x000007feccef0000 - 0x000007feccefd000 	C:\Program Files\Android\Android Studio\jre\jre\bin\management.dll
0x000007fefca10000 - 0x000007fefca28000 	C:\Windows\system32\CRYPTSP.dll
0x000007fefc710000 - 0x000007fefc757000 	C:\Windows\system32\rsaenh.dll
0x000007fefd570000 - 0x000007fefd58e000 	C:\Windows\system32\USERENV.dll
0x000007fefd0d0000 - 0x000007fefd0df000 	C:\Windows\system32\CRYPTBASE.dll
0x000007fefa000000 - 0x000007fefa027000 	C:\Windows\system32\IPHLPAPI.DLL
0x000007fef9ff0000 - 0x000007fef9ffb000 	C:\Windows\system32\WINNSI.DLL
0x000007fef5450000 - 0x000007fef5468000 	C:\Windows\system32\dhcpcsvc.DLL
0x000007fef5380000 - 0x000007fef5391000 	C:\Windows\system32\dhcpcsvc6.DLL
0x000007fee7b80000 - 0x000007fee7ca5000 	C:\Windows\system32\dbghelp.dll

VM Arguments:
jvm_args: -Xmx1536m -Dfile.encoding=x-windows-949 -Duser.country=KR -Duser.language=ko -Duser.variant 
java_command: org.gradle.launcher.daemon.bootstrap.GradleDaemon 5.4.1
java_class_path (initial): C:\Users\Administrator\.gradle\wrapper\dists\gradle-5.4.1-all\3221gyojl5jsh0helicew7rwx\gradle-5.4.1\lib\gradle-launcher-5.4.1.jar
Launcher Type: SUN_STANDARD

Environment Variables:
JAVA_HOME=C:\Program Files\Java\jdk-12.0.1
PATH=C:\Windows\system32; C:\Program Files\Java\jdk-12.0.1\bin;C:\Program Files\Intel\WiFi\bin\;C:\Program Files\Common Files\Intel\WirelessCommon\;C:\Users\Administrator\AppData\Local\GitHubDesktop\bin
USERNAME=Administrator
OS=Windows_NT
PROCESSOR_IDENTIFIER=Intel64 Family 6 Model 94 Stepping 3, GenuineIntel



---------------  S Y S T E M  ---------------

OS: Windows 7 , 64 bit Build 7601 (6.1.7601.24441)

CPU:total 4 (initial active 4) (4 cores per cpu, 1 threads per core) family 6 model 94 stepping 3, cmov, cx8, fxsr, mmx, sse, sse2, sse3, ssse3, sse4.1, sse4.2, popcnt, avx, avx2, aes, clmul, erms, rtm, 3dnowpref, lzcnt, tsc, tscinvbit, bmi1, bmi2, adx

Memory: 4k page, physical 12489592k(704828k free), swap 17566732k(1377696k free)

vm_info: OpenJDK 64-Bit Server VM (25.202-b03) for windows-amd64 JRE (1.8.0_202-release-1483-b03), built by "builder" with MS VC++ 10.0 (VS2010)

time: Mon Nov 04 12:00:39 2019
timezone: 대한민국 표준시
elapsed time: 109 seconds (0d 0h 1m 49s)

