#
# A fatal error has been detected by the Java Runtime Environment:
#
#  EXCEPTION_ACCESS_VIOLATION (0xc0000005) at pc=0x0000000050bcbaa7, pid=19756, tid=0x0000000000004750
#
# JRE version: OpenJDK Runtime Environment (8.0_202-b03) (build 1.8.0_202-release-1483-b03)
# Java VM: OpenJDK 64-Bit Server VM (25.202-b03 mixed mode windows-amd64 compressed oops)
# Problematic frame:
# V  [jvm.dll+0x46baa7]
#
# Failed to write core dump. Minidumps are not enabled by default on client versions of Windows
#
# If you would like to submit a bug report, please visit:
#   http://bugreport.java.com/bugreport/crash.jsp
#

---------------  T H R E A D  ---------------

Current thread (0x0000000017871800):  JavaThread "C2 CompilerThread1" daemon [_thread_in_native, id=18256, stack(0x0000000018130000,0x0000000018230000)]

siginfo: ExceptionCode=0xc0000005, reading address 0xffffffffffffffff

Registers:
RAX=0x0000000050d8a22a, RBX=0x0000000000000010, RCX=0x000000002333b100, RDX=0x0000000000000001
RSP=0x000000001822bd40, RBP=0x000000001822be40, RSI=0x0000000000000008, RDI=0x0000000000015f50
R8 =0x0000000000000004, R9 =0x000000002a6b4240, R10=0x0000000000000323, R11=0x000000001822bd10
R12=0x0000000000000003, R13=0x000000001a323990, R14=0x000000002333b100, R15=0x0000000000000000
RIP=0x0000000050bcbaa7, EFLAGS=0x0000000000010246

Top of Stack: (sp=0x000000001822bd40)
0x000000001822bd40:   0000000023d58070 0000000000000000
0x000000001822bd50:   000000001822be40 0000000000000000
0x000000001822bd60:   0000000f00000000 0000000000000011
0x000000001822bd70:   000000002333b100 0000032300000000
0x000000001822bd80:   0000028b00000010 000000000000000e
0x000000001822bd90:   0000000005155455 0000000000000000
0x000000001822bda0:   0000000000000000 0000000000000000
0x000000001822bdb0:   0000000000000000 00000c4500000000
0x000000001822bdc0:   0303030300000008 000000002a6b3c20
0x000000001822bdd0:   000000000000000d 000000001822bea0
0x000000001822bde0:   000000000000000d 000000001822be90
0x000000001822bdf0:   0000000000000010 0000000000000001
0x000000001822be00:   0000000000000000 0000000000000000
0x000000001822be10:   0000000300000000 0000000000000000
0x000000001822be20:   0000000000000000 000000000000028b
0x000000001822be30:   0000000000000000 000000001a323990 

Instructions: (pc=0x0000000050bcbaa7)
0x0000000050bcba87:   ca 83 e1 1f 48 c1 ea 05 d3 e6 4a 8b 0c e0 83 e2
0x0000000050bcba97:   07 85 34 91 0f 85 eb 02 00 00 49 8b 06 49 8b ce
0x0000000050bcbaa7:   ff 10 3d d9 00 00 00 0f 84 d3 02 00 00 49 8b 46
0x0000000050bcbab7:   08 45 0f b7 56 2c 4c 8b 20 41 0f b6 c2 24 0f 3c 


Register to memory mapping:

RAX=0x0000000050d8a22a is an unknown value
RBX=0x0000000000000010 is an unknown value
RCX=0x000000002333b100 is an unknown value
RDX=0x0000000000000001 is an unknown value
RSP=0x000000001822bd40 is pointing into the stack for thread: 0x0000000017871800
RBP=0x000000001822be40 is pointing into the stack for thread: 0x0000000017871800
RSI=0x0000000000000008 is an unknown value
RDI=0x0000000000015f50 is an unknown value
R8 =0x0000000000000004 is an unknown value
R9 =0x000000002a6b4240 is an unknown value
R10=0x0000000000000323 is an unknown value
R11=0x000000001822bd10 is pointing into the stack for thread: 0x0000000017871800
R12=0x0000000000000003 is an unknown value
R13=0x000000001a323990 is an unknown value
R14=0x000000002333b100 is an unknown value
R15=0x0000000000000000 is an unknown value


Stack: [0x0000000018130000,0x0000000018230000],  sp=0x000000001822bd40,  free space=1007k
Native frames: (J=compiled Java code, j=interpreted, Vv=VM code, C=native code)
V  [jvm.dll+0x46baa7]
V  [jvm.dll+0x436f58]
V  [jvm.dll+0x4419bb]
V  [jvm.dll+0x4442b8]
V  [jvm.dll+0x4273d2]
V  [jvm.dll+0x8215f]
V  [jvm.dll+0x82abf]
V  [jvm.dll+0x21db7f]
V  [jvm.dll+0x26f5ba]
C  [msvcr100.dll+0x21d9f]
C  [msvcr100.dll+0x21e3b]
C  [kernel32.dll+0x1556d]
C  [ntdll.dll+0x5385d]


Current CompileTask:
C2:1665586 29931       4       com.sun.tools.javac.file.RegularFileObject::ensureParentDirectoriesExist (63 bytes)


---------------  P R O C E S S  ---------------

Java Threads: ( => current thread )
  0x000000001d8ad800 JavaThread "Cache worker for Java compile cache (C:\Users\Administrator\AndroidStudioProjects\carrot_market\.gradle\5.4.1\javaCompile)" [_thread_blocked, id=20084, stack(0x000000002bd80000,0x000000002be80000)]
  0x000000001d8ac800 JavaThread "stdout" [_thread_in_native, id=17524, stack(0x0000000029f60000,0x000000002a060000)]
  0x000000001d8ac000 JavaThread "stderr" [_thread_in_native, id=15704, stack(0x000000002bbc0000,0x000000002bcc0000)]
  0x000000001d500000 JavaThread "pool-42-thread-1" [_thread_blocked, id=16184, stack(0x000000002ba90000,0x000000002bb90000)]
  0x000000001d4fd000 JavaThread "WorkerExecutor Queue Thread 2" [_thread_blocked, id=13092, stack(0x000000002a2a0000,0x000000002a3a0000)]
  0x0000000018fbe800 JavaThread "WorkerExecutor Queue" [_thread_blocked, id=8304, stack(0x0000000025cb0000,0x0000000025db0000)]
  0x0000000018fc1000 JavaThread "Cache worker for execution history cache (C:\Users\Administrator\AndroidStudioProjects\carrot_market\.gradle\5.4.1\executionHistory)" [_thread_blocked, id=3876, stack(0x0000000026160000,0x0000000026260000)]
  0x0000000018fbd000 JavaThread "Execution worker for ':' Thread 3" [_thread_blocked, id=8712, stack(0x0000000029230000,0x0000000029330000)]
  0x0000000018fbc800 JavaThread "Execution worker for ':' Thread 2" [_thread_in_native, id=3604, stack(0x0000000028c90000,0x0000000028d90000)]
  0x0000000020416800 JavaThread "Execution worker for ':'" [_thread_blocked, id=4428, stack(0x0000000026bd0000,0x0000000026cd0000)]
  0x000000002041a000 JavaThread "Cache worker for file content cache (C:\Users\Administrator\AndroidStudioProjects\carrot_market\.gradle\5.4.1\fileContent)" [_thread_blocked, id=16460, stack(0x00000000278f0000,0x00000000279f0000)]
  0x0000000020418800 JavaThread "Cache worker for Build Output Cleanup Cache (C:\Users\Administrator\AndroidStudioProjects\carrot_market\.gradle\buildOutputCleanup)" [_thread_blocked, id=15508, stack(0x00000000277d0000,0x00000000278d0000)]
  0x000000002041b000 JavaThread "pool-41-thread-1" [_thread_blocked, id=14480, stack(0x0000000027370000,0x0000000027470000)]
  0x0000000020414000 JavaThread "Build operations Thread 4" [_thread_blocked, id=18740, stack(0x00000000214e0000,0x00000000215e0000)]
  0x0000000020419800 JavaThread "Build operations Thread 3" [_thread_blocked, id=19624, stack(0x0000000025520000,0x0000000025620000)]
  0x0000000020418000 JavaThread "Build operations Thread 2" [_thread_blocked, id=20092, stack(0x0000000025fe0000,0x00000000260e0000)]
  0x000000001876c800 JavaThread "Build operations" [_thread_blocked, id=13080, stack(0x00000000259a0000,0x0000000025aa0000)]
  0x0000000018772000 JavaThread "Cache worker for cache directory md-rule (C:\Users\Administrator\.gradle\caches\5.4.1\md-rule)" [_thread_blocked, id=13692, stack(0x0000000021810000,0x0000000021910000)]
  0x000000001876f000 JavaThread "Cache worker for cache directory md-supplier (C:\Users\Administrator\.gradle\caches\5.4.1\md-supplier)" [_thread_blocked, id=19696, stack(0x00000000251b0000,0x00000000252b0000)]
  0x000000001876f800 JavaThread "Cache worker for file hash cache (C:\Users\Administrator\AndroidStudioProjects\carrot_market\.gradle\5.4.1\fileHashes)" [_thread_blocked, id=12740, stack(0x0000000021ff0000,0x00000000220f0000)]
  0x0000000018774000 JavaThread "Thread-524" [_thread_blocked, id=296, stack(0x0000000021d90000,0x0000000021e90000)]
  0x0000000018771000 JavaThread "Stdin handler" [_thread_blocked, id=1576, stack(0x000000001b450000,0x000000001b550000)]
  0x0000000018769800 JavaThread "Asynchronous log dispatcher for DefaultDaemonConnection: socket connection from /127.0.0.1:57665 to /127.0.0.1:58607" [_thread_blocked, id=18524, stack(0x0000000021ef0000,0x0000000021ff0000)]
  0x0000000018775000 JavaThread "Daemon worker Thread 9" [_thread_blocked, id=17864, stack(0x0000000021c90000,0x0000000021d90000)]
  0x0000000018772800 JavaThread "Cancel handler" [_thread_blocked, id=12448, stack(0x000000001ed40000,0x000000001ee40000)]
  0x0000000018773800 JavaThread "Handler for socket connection from /127.0.0.1:57665 to /127.0.0.1:58607" [_thread_in_native, id=16788, stack(0x000000001b550000,0x000000001b650000)]
  0x000000001ce5a000 JavaThread "Daemon Thread 9" [_thread_blocked, id=13356, stack(0x000000001e780000,0x000000001e880000)]
  0x000000001ce58800 JavaThread "RMI TCP Connection(idle)" daemon [_thread_blocked, id=17284, stack(0x000000001ba10000,0x000000001bb10000)]
  0x000000001ce5b800 JavaThread "RMI TCP Connection(idle)" daemon [_thread_blocked, id=1508, stack(0x000000001b910000,0x000000001ba10000)]
  0x000000001ce5d000 JavaThread "RMI Reaper" [_thread_blocked, id=7796, stack(0x0000000026ab0000,0x0000000026bb0000)]
  0x000000001ce5c000 JavaThread "RMI TCP Accept-0" daemon [_thread_in_native, id=19676, stack(0x0000000027200000,0x0000000027300000)]
  0x000000001ce5d800 JavaThread "GC Daemon" daemon [_thread_blocked, id=9480, stack(0x0000000026ef0000,0x0000000026ff0000)]
  0x000000001ce5a800 JavaThread "RMI Scheduler(0)" daemon [_thread_blocked, id=15920, stack(0x00000000262a0000,0x00000000263a0000)]
  0x000000001ce57800 JavaThread "Cache worker for Java compile cache (C:\Users\Administrator\.gradle\caches\5.4.1\javaCompile)" [_thread_blocked, id=13808, stack(0x00000000258a0000,0x00000000259a0000)]
  0x0000000018777000 JavaThread "Cache worker for file content cache (C:\Users\Administrator\.gradle\caches\5.4.1\fileContent)" [_thread_blocked, id=14736, stack(0x00000000245a0000,0x00000000246a0000)]
  0x0000000018776800 JavaThread "Memory manager" [_thread_blocked, id=14124, stack(0x00000000246b0000,0x00000000247b0000)]
  0x0000000018770800 JavaThread "Cache worker for execution history cache (C:\Users\Administrator\.gradle\caches\5.4.1\executionHistory)" [_thread_blocked, id=17668, stack(0x0000000021920000,0x0000000021a20000)]
  0x0000000018769000 JavaThread "Cache worker for journal cache (C:\Users\Administrator\.gradle\caches\journal-1)" [_thread_blocked, id=11384, stack(0x000000001c270000,0x000000001c370000)]
  0x0000000018768000 JavaThread "File lock request listener" [_thread_in_native, id=18984, stack(0x000000001c000000,0x000000001c100000)]
  0x0000000017b33000 JavaThread "Cache worker for file hash cache (C:\Users\Administrator\.gradle\caches\5.4.1\fileHashes)" [_thread_blocked, id=12632, stack(0x000000001c150000,0x000000001c250000)]
  0x00000000196b3000 JavaThread "Daemon periodic checks" [_thread_blocked, id=6788, stack(0x000000001b080000,0x000000001b180000)]
  0x0000000019690000 JavaThread "Incoming local TCP Connector on port 57665" [_thread_in_native, id=19480, stack(0x000000001b350000,0x000000001b450000)]
  0x00000000192a2000 JavaThread "Daemon health stats" [_thread_blocked, id=16540, stack(0x0000000018450000,0x0000000018550000)]
  0x00000000178d8000 JavaThread "Service Thread" daemon [_thread_blocked, id=15680, stack(0x0000000018030000,0x0000000018130000)]
  0x0000000017875000 JavaThread "C1 CompilerThread2" daemon [_thread_blocked, id=6912, stack(0x00000000182c0000,0x00000000183c0000)]
=>0x0000000017871800 JavaThread "C2 CompilerThread1" daemon [_thread_in_native, id=18256, stack(0x0000000018130000,0x0000000018230000)]
  0x000000001785b000 JavaThread "C2 CompilerThread0" daemon [_thread_blocked, id=18804, stack(0x0000000017e50000,0x0000000017f50000)]
  0x0000000017858800 JavaThread "Attach Listener" daemon [_thread_blocked, id=4528, stack(0x0000000017d30000,0x0000000017e30000)]
  0x000000001639c800 JavaThread "Signal Dispatcher" daemon [_thread_blocked, id=16556, stack(0x00000000174b0000,0x00000000175b0000)]
  0x0000000016388800 JavaThread "Finalizer" daemon [_thread_blocked, id=15260, stack(0x0000000017750000,0x0000000017850000)]
  0x0000000016381000 JavaThread "Reference Handler" daemon [_thread_blocked, id=3020, stack(0x00000000175e0000,0x00000000176e0000)]
  0x000000000015f800 JavaThread "main" [_thread_blocked, id=14388, stack(0x00000000025a0000,0x00000000026a0000)]

Other Threads:
  0x0000000016339800 VMThread [stack: 0x0000000017350000,0x0000000017450000] [id=9012]
  0x0000000017901800 WatcherThread [stack: 0x0000000018580000,0x0000000018680000] [id=17428]

VM state:not at safepoint (normal execution)

VM Mutex/Monitor currently owned by a thread: None

heap address: 0x00000000a0000000, size: 1536 MB, Compressed Oops mode: 32-bit
Narrow klass base: 0x0000000000000000, Narrow klass shift: 3
Compressed class space size: 1073741824 Address: 0x000000013fbe0000

Heap:
 PSYoungGen      total 386560K, used 282231K [0x00000000e0000000, 0x0000000100000000, 0x0000000100000000)
  eden space 264192K, 74% used [0x00000000e0000000,0x00000000ec12f1d0,0x00000000f0200000)
  from space 122368K, 68% used [0x00000000f8880000,0x00000000fdaeec28,0x0000000100000000)
  to   space 130048K, 0% used [0x00000000f0200000,0x00000000f0200000,0x00000000f8100000)
 ParOldGen       total 438784K, used 146630K [0x00000000a0000000, 0x00000000bac80000, 0x00000000e0000000)
  object space 438784K, 33% used [0x00000000a0000000,0x00000000a8f31b40,0x00000000bac80000)
 Metaspace       used 154040K, capacity 161634K, committed 162764K, reserved 1191936K
  class space    used 18523K, capacity 19753K, committed 19956K, reserved 1048576K

Card table byte_map: [0x0000000011a60000,0x0000000011d70000] byte_map_base: 0x0000000011560000

Marking Bits: (ParMarkBitMap*) 0x0000000050f29f30
 Begin Bits: [0x00000000126b0000, 0x0000000013eb0000)
 End Bits:   [0x0000000013eb0000, 0x00000000156b0000)

Polling page: 0x0000000000140000

CodeCache: size=245760Kb used=80878Kb max_used=80891Kb free=164881Kb
 bounds [0x00000000026a0000, 0x0000000007630000, 0x00000000116a0000]
 total_blobs=23073 nmethods=22162 adapters=821
 compilation: enabled

Compilation events (10 events):
Event: 1665.393 Thread 0x0000000017875000 29927       3       com.sun.tools.javac.comp.Flow$AssignAnalyzer::visitTry (687 bytes)
Event: 1665.400 Thread 0x0000000017875000 nmethod 29927 0x0000000007615490 code [0x0000000007615fc0, 0x000000000761d358]
Event: 1665.401 Thread 0x0000000017871800 nmethod 29928 0x00000000075d69d0 code [0x00000000075d6b80, 0x00000000075d7308]
Event: 1665.401 Thread 0x0000000017871800 29930       4       com.sun.tools.javac.comp.TransTypes::visitClassDef (14 bytes)
Event: 1665.402 Thread 0x0000000017871800 nmethod 29930 0x000000000631c490 code [0x000000000631c5e0, 0x000000000631c6a8]
Event: 1665.404 Thread 0x000000001785b000 nmethod 29929 0x0000000007623590 code [0x0000000007623780, 0x0000000007624080]
Event: 1665.454 Thread 0x0000000017871800 29931       4       com.sun.tools.javac.file.RegularFileObject::ensureParentDirectoriesExist (63 bytes)
Event: 1665.513 Thread 0x000000001785b000 29932   !   4       com.sun.tools.javac.comp.Lower$1::visitClassDef (35 bytes)
Event: 1665.518 Thread 0x000000001785b000 nmethod 29932 0x00000000075e1b10 code [0x00000000075e1c80, 0x00000000075e2138]
Event: 1665.519 Thread 0x000000001785b000 29933   !   4       com.sun.tools.javac.jvm.Gen::genClass (353 bytes)

GC Heap History (10 events):
Event: 1478.498 GC heap before
{Heap before GC invocations=67 (full 7):
 PSYoungGen      total 391680K, used 278016K [0x00000000e0000000, 0x0000000100000000, 0x0000000100000000)
  eden space 278016K, 100% used [0x00000000e0000000,0x00000000f0f80000,0x00000000f0f80000)
  from space 113664K, 0% used [0x00000000f0f80000,0x00000000f0f80000,0x00000000f7e80000)
  to   space 109056K, 0% used [0x00000000f9580000,0x00000000f9580000,0x0000000100000000)
 ParOldGen       total 438784K, used 126859K [0x00000000a0000000, 0x00000000bac80000, 0x00000000e0000000)
  object space 438784K, 28% used [0x00000000a0000000,0x00000000a7be2e78,0x00000000bac80000)
 Metaspace       used 150702K, capacity 158080K, committed 159692K, reserved 1189888K
  class space    used 18219K, capacity 19416K, committed 19700K, reserved 1048576K
Event: 1478.560 GC heap after
Heap after GC invocations=67 (full 7):
 PSYoungGen      total 393728K, used 90119K [0x00000000e0000000, 0x0000000100000000, 0x0000000100000000)
  eden space 284672K, 0% used [0x00000000e0000000,0x00000000e0000000,0x00000000f1600000)
  from space 109056K, 82% used [0x00000000f9580000,0x00000000fed81e08,0x0000000100000000)
  to   space 119808K, 0% used [0x00000000f1600000,0x00000000f1600000,0x00000000f8b00000)
 ParOldGen       total 438784K, used 126859K [0x00000000a0000000, 0x00000000bac80000, 0x00000000e0000000)
  object space 438784K, 28% used [0x00000000a0000000,0x00000000a7be2e78,0x00000000bac80000)
 Metaspace       used 150702K, capacity 158080K, committed 159692K, reserved 1189888K
  class space    used 18219K, capacity 19416K, committed 19700K, reserved 1048576K
}
Event: 1505.468 GC heap before
{Heap before GC invocations=68 (full 7):
 PSYoungGen      total 393728K, used 374791K [0x00000000e0000000, 0x0000000100000000, 0x0000000100000000)
  eden space 284672K, 100% used [0x00000000e0000000,0x00000000f1600000,0x00000000f1600000)
  from space 109056K, 82% used [0x00000000f9580000,0x00000000fed81e08,0x0000000100000000)
  to   space 119808K, 0% used [0x00000000f1600000,0x00000000f1600000,0x00000000f8b00000)
 ParOldGen       total 438784K, used 126859K [0x00000000a0000000, 0x00000000bac80000, 0x00000000e0000000)
  object space 438784K, 28% used [0x00000000a0000000,0x00000000a7be2e78,0x00000000bac80000)
 Metaspace       used 150837K, capacity 158250K, committed 159948K, reserved 1189888K
  class space    used 18225K, capacity 19421K, committed 19700K, reserved 1048576K
Event: 1505.482 GC heap after
Heap after GC invocations=68 (full 7):
 PSYoungGen      total 404480K, used 7488K [0x00000000e0000000, 0x0000000100000000, 0x0000000100000000)
  eden space 284672K, 0% used [0x00000000e0000000,0x00000000e0000000,0x00000000f1600000)
  from space 119808K, 6% used [0x00000000f1600000,0x00000000f1d50020,0x00000000f8b00000)
  to   space 119808K, 0% used [0x00000000f8b00000,0x00000000f8b00000,0x0000000100000000)
 ParOldGen       total 438784K, used 132787K [0x00000000a0000000, 0x00000000bac80000, 0x00000000e0000000)
  object space 438784K, 30% used [0x00000000a0000000,0x00000000a81acea0,0x00000000bac80000)
 Metaspace       used 150837K, capacity 158250K, committed 159948K, reserved 1189888K
  class space    used 18225K, capacity 19421K, committed 19700K, reserved 1048576K
}
Event: 1508.863 GC heap before
{Heap before GC invocations=69 (full 7):
 PSYoungGen      total 404480K, used 291873K [0x00000000e0000000, 0x0000000100000000, 0x0000000100000000)
  eden space 284672K, 99% used [0x00000000e0000000,0x00000000f15b8488,0x00000000f1600000)
  from space 119808K, 6% used [0x00000000f1600000,0x00000000f1d50020,0x00000000f8b00000)
  to   space 119808K, 0% used [0x00000000f8b00000,0x00000000f8b00000,0x0000000100000000)
 ParOldGen       total 438784K, used 132787K [0x00000000a0000000, 0x00000000bac80000, 0x00000000e0000000)
  object space 438784K, 30% used [0x00000000a0000000,0x00000000a81acea0,0x00000000bac80000)
 Metaspace       used 151070K, capacity 158530K, committed 159948K, reserved 1189888K
  class space    used 18237K, capacity 19443K, committed 19700K, reserved 1048576K
Event: 1508.936 GC heap after
Heap after GC invocations=69 (full 7):
 PSYoungGen      total 397312K, used 74897K [0x00000000e0000000, 0x0000000100000000, 0x0000000100000000)
  eden space 277504K, 0% used [0x00000000e0000000,0x00000000e0000000,0x00000000f0f00000)
  from space 119808K, 62% used [0x00000000f8b00000,0x00000000fd424490,0x0000000100000000)
  to   space 123392K, 0% used [0x00000000f0f00000,0x00000000f0f00000,0x00000000f8780000)
 ParOldGen       total 438784K, used 138745K [0x00000000a0000000, 0x00000000bac80000, 0x00000000e0000000)
  object space 438784K, 31% used [0x00000000a0000000,0x00000000a877e5a0,0x00000000bac80000)
 Metaspace       used 151070K, capacity 158530K, committed 159948K, reserved 1189888K
  class space    used 18237K, capacity 19443K, committed 19700K, reserved 1048576K
}
Event: 1660.960 GC heap before
{Heap before GC invocations=70 (full 7):
 PSYoungGen      total 397312K, used 352401K [0x00000000e0000000, 0x0000000100000000, 0x0000000100000000)
  eden space 277504K, 100% used [0x00000000e0000000,0x00000000f0f00000,0x00000000f0f00000)
  from space 119808K, 62% used [0x00000000f8b00000,0x00000000fd424490,0x0000000100000000)
  to   space 123392K, 0% used [0x00000000f0f00000,0x00000000f0f00000,0x00000000f8780000)
 ParOldGen       total 438784K, used 138745K [0x00000000a0000000, 0x00000000bac80000, 0x00000000e0000000)
  object space 438784K, 31% used [0x00000000a0000000,0x00000000a877e5a0,0x00000000bac80000)
 Metaspace       used 151245K, capacity 158822K, committed 160204K, reserved 1189888K
  class space    used 18257K, capacity 19481K, committed 19700K, reserved 1048576K
Event: 1660.968 GC heap after
Heap after GC invocations=70 (full 7):
 PSYoungGen      total 400896K, used 7328K [0x00000000e0000000, 0x0000000100000000, 0x0000000100000000)
  eden space 277504K, 0% used [0x00000000e0000000,0x00000000e0000000,0x00000000f0f00000)
  from space 123392K, 5% used [0x00000000f0f00000,0x00000000f1628060,0x00000000f8780000)
  to   space 122368K, 0% used [0x00000000f8880000,0x00000000f8880000,0x0000000100000000)
 ParOldGen       total 438784K, used 139813K [0x00000000a0000000, 0x00000000bac80000, 0x00000000e0000000)
  object space 438784K, 31% used [0x00000000a0000000,0x00000000a88894d0,0x00000000bac80000)
 Metaspace       used 151245K, capacity 158822K, committed 160204K, reserved 1189888K
  class space    used 18257K, capacity 19481K, committed 19700K, reserved 1048576K
}
Event: 1664.755 GC heap before
{Heap before GC invocations=71 (full 7):
 PSYoungGen      total 400896K, used 284832K [0x00000000e0000000, 0x0000000100000000, 0x0000000100000000)
  eden space 277504K, 100% used [0x00000000e0000000,0x00000000f0f00000,0x00000000f0f00000)
  from space 123392K, 5% used [0x00000000f0f00000,0x00000000f1628060,0x00000000f8780000)
  to   space 122368K, 0% used [0x00000000f8880000,0x00000000f8880000,0x0000000100000000)
 ParOldGen       total 438784K, used 139813K [0x00000000a0000000, 0x00000000bac80000, 0x00000000e0000000)
  object space 438784K, 31% used [0x00000000a0000000,0x00000000a88894d0,0x00000000bac80000)
 Metaspace       used 153968K, capacity 161570K, committed 162764K, reserved 1191936K
  class space    used 18522K, capacity 19753K, committed 19956K, reserved 1048576K
Event: 1664.807 GC heap after
Heap after GC invocations=71 (full 7):
 PSYoungGen      total 386560K, used 84411K [0x00000000e0000000, 0x0000000100000000, 0x0000000100000000)
  eden space 264192K, 0% used [0x00000000e0000000,0x00000000e0000000,0x00000000f0200000)
  from space 122368K, 68% used [0x00000000f8880000,0x00000000fdaeec28,0x0000000100000000)
  to   space 130048K, 0% used [0x00000000f0200000,0x00000000f0200000,0x00000000f8100000)
 ParOldGen       total 438784K, used 146630K [0x00000000a0000000, 0x00000000bac80000, 0x00000000e0000000)
  object space 438784K, 33% used [0x00000000a0000000,0x00000000a8f31b40,0x00000000bac80000)
 Metaspace       used 153968K, capacity 161570K, committed 162764K, reserved 1191936K
  class space    used 18522K, capacity 19753K, committed 19956K, reserved 1048576K
}

Deoptimization events (10 events):
Event: 1508.002 Thread 0x0000000018fbd000 Uncommon trap: reason=unstable_if action=reinterpret pc=0x0000000006d04fd0 method=com.android.tools.r8.graph.w.i(Ljava/lang/String;)I @ 52
Event: 1508.006 Thread 0x0000000018fbd000 Uncommon trap: reason=unstable_if action=reinterpret pc=0x00000000029b89a0 method=com.android.tools.r8.ir.conversion.X.a(ILcom/android/tools/r8/t/a/a/B;)I @ 78
Event: 1508.006 Thread 0x0000000018fbd000 Uncommon trap: reason=unstable_if action=reinterpret pc=0x0000000006d92548 method=com.android.tools.r8.ir.conversion.X.a(ILcom/android/tools/r8/t/a/a/B;)I @ 78
Event: 1508.006 Thread 0x0000000018fbd000 Uncommon trap: reason=unstable_if action=reinterpret pc=0x0000000006f58814 method=com.android.tools.r8.ir.conversion.X.a(ILcom/android/tools/r8/t/a/a/B;)I @ 78
Event: 1508.006 Thread 0x0000000018fbd000 Uncommon trap: reason=unstable_if action=reinterpret pc=0x000000000566802c method=com.android.tools.r8.ir.conversion.X.a(ILcom/android/tools/r8/t/a/a/B;)I @ 78
Event: 1508.032 Thread 0x0000000018fbd000 Uncommon trap: reason=class_check action=maybe_recompile pc=0x0000000006f5c0f0 method=com.android.tools.r8.ir.regalloc.LinearScanRegisterAllocator.b(Lcom/android/tools/r8/ir/regalloc/LiveIntervals;I)V @ 62
Event: 1661.400 Thread 0x0000000020416800 Uncommon trap: reason=class_check action=maybe_recompile pc=0x00000000071a1c2c method=com.sun.org.apache.xerces.internal.dom.AttrImpl.getOwnerElement()Lorg/w3c/dom/Element; @ 18
Event: 1661.400 Thread 0x0000000020416800 Uncommon trap: reason=class_check action=maybe_recompile pc=0x00000000071a1c2c method=com.sun.org.apache.xerces.internal.dom.AttrImpl.getOwnerElement()Lorg/w3c/dom/Element; @ 18
Event: 1664.641 Thread 0x0000000018fbc800 Uncommon trap: reason=unstable_if action=reinterpret pc=0x000000000323fa48 method=com.google.gson.stream.JsonReader.nextNonWhitespace(Z)I @ 61
Event: 1664.931 Thread 0x0000000018fbc800 Uncommon trap: reason=unstable_if action=reinterpret pc=0x00000000075c0ac8 method=android.databinding.tool.reflection.SdkUtil$ApiChecker.buildFullLookup()V @ 49

Classes redefined (0 events):
No events

Internal exceptions (10 events):
Event: 1479.775 Thread 0x000000001d500000 Exception <a 'sun/nio/fs/WindowsException'> (0x00000000e91f33b8) thrown at [D:\src\AOSP-openjdk-cygwin\jdk8u\hotspot\src\share\vm\prims\jni.cpp, line 710]
Event: 1480.325 Thread 0x0000000018773800 Exception <a 'sun/nio/fs/WindowsException'> (0x00000000e90a3e08) thrown at [D:\src\AOSP-openjdk-cygwin\jdk8u\hotspot\src\share\vm\prims\jni.cpp, line 710]
Event: 1504.645 Thread 0x0000000018773800 Exception <a 'sun/nio/fs/WindowsException'> (0x00000000ed105420) thrown at [D:\src\AOSP-openjdk-cygwin\jdk8u\hotspot\src\share\vm\prims\jni.cpp, line 710]
Event: 1508.001 Thread 0x0000000018fbd000 Exception <a 'sun/nio/fs/WindowsException'> (0x00000000e63e0f38) thrown at [D:\src\AOSP-openjdk-cygwin\jdk8u\hotspot\src\share\vm\prims\jni.cpp, line 710]
Event: 1508.048 Thread 0x0000000018fbd000 Exception <a 'sun/nio/fs/WindowsException'> (0x00000000e6877170) thrown at [D:\src\AOSP-openjdk-cygwin\jdk8u\hotspot\src\share\vm\prims\jni.cpp, line 710]
Event: 1508.049 Thread 0x0000000018fbd000 Exception <a 'sun/nio/fs/WindowsException'> (0x00000000e687e2a0) thrown at [D:\src\AOSP-openjdk-cygwin\jdk8u\hotspot\src\share\vm\prims\jni.cpp, line 710]
Event: 1508.415 Thread 0x000000001d8ac000 Exception <a 'sun/nio/fs/WindowsException'> (0x00000000e7592558) thrown at [D:\src\AOSP-openjdk-cygwin\jdk8u\hotspot\src\share\vm\prims\jni.cpp, line 710]
Event: 1509.468 Thread 0x000000001d8af800 Exception <a 'sun/nio/fs/WindowsException'> (0x00000000e9440d18) thrown at [D:\src\AOSP-openjdk-cygwin\jdk8u\hotspot\src\share\vm\prims\jni.cpp, line 710]
Event: 1509.960 Thread 0x0000000018773800 Exception <a 'sun/nio/fs/WindowsException'> (0x00000000ebfb0b00) thrown at [D:\src\AOSP-openjdk-cygwin\jdk8u\hotspot\src\share\vm\prims\jni.cpp, line 710]
Event: 1659.906 Thread 0x0000000018775000 Exception <a 'sun/nio/fs/WindowsException'> (0x00000000ed2690e0) thrown at [D:\src\AOSP-openjdk-cygwin\jdk8u\hotspot\src\share\vm\prims\jni.cpp, line 710]

Events (10 events):
Event: 1664.911 Thread 0x0000000018fbc800 DEOPT UNPACKING pc=0x00000000026e75d0 sp=0x0000000028d8b0f0 mode 0
Event: 1664.931 Thread 0x0000000018fbc800 Uncommon trap: trap_request=0xffffff65 fr.pc=0x00000000075c0ac8
Event: 1664.931 Thread 0x0000000018fbc800 DEOPT PACKING pc=0x00000000075c0ac8 sp=0x0000000028d8b350
Event: 1664.931 Thread 0x0000000018fbc800 DEOPT UNPACKING pc=0x00000000026e557b sp=0x0000000028d8b370 mode 2
Event: 1665.092 loading class android/databinding/tool/processing/Scope
Event: 1665.092 loading class android/databinding/tool/processing/Scope done
Event: 1665.093 loading class android/databinding/tool/ext/ExtKt
Event: 1665.093 loading class android/databinding/tool/ext/ExtKt done
Event: 1665.097 loading class android/databinding/tool/ext/Replacement
Event: 1665.097 loading class android/databinding/tool/ext/Replacement done


Dynamic libraries:
0x000000013fba0000 - 0x000000013fbd1000 	C:\Program Files\Android\Android Studio\jre\bin\java.exe
0x0000000077790000 - 0x000000007792f000 	C:\Windows\SYSTEM32\ntdll.dll
0x000007feea0a0000 - 0x000007feea0b4000 	C:\Program Files\AVAST Software\Avast\aswhook.dll
0x0000000077670000 - 0x000000007778f000 	C:\Windows\system32\kernel32.dll
0x000007fefd290000 - 0x000007fefd2fa000 	C:\Windows\system32\KERNELBASE.dll
0x000007fefd740000 - 0x000007fefd81b000 	C:\Windows\system32\ADVAPI32.dll
0x000007fefe8d0000 - 0x000007fefe96f000 	C:\Windows\system32\msvcrt.dll
0x000007fefd720000 - 0x000007fefd73f000 	C:\Windows\SYSTEM32\sechost.dll
0x000007feff640000 - 0x000007feff76c000 	C:\Windows\system32\RPCRT4.dll
0x0000000077570000 - 0x000000007766a000 	C:\Windows\system32\USER32.dll
0x000007feff190000 - 0x000007feff1f7000 	C:\Windows\system32\GDI32.dll
0x000007fefd710000 - 0x000007fefd71e000 	C:\Windows\system32\LPK.dll
0x000007fefee90000 - 0x000007fefef5b000 	C:\Windows\system32\USP10.dll
0x000007fefb490000 - 0x000007fefb685000 	C:\Windows\WinSxS\amd64_microsoft.windows.common-controls_6595b64144ccf1df_6.0.7601.24440_none_e36f1bbf30ff0606\COMCTL32.dll
0x000007fefd630000 - 0x000007fefd6a1000 	C:\Windows\system32\SHLWAPI.dll
0x000007fefef60000 - 0x000007fefef8e000 	C:\Windows\system32\IMM32.DLL
0x000007feff280000 - 0x000007feff389000 	C:\Windows\system32\MSCTF.dll
0x000007fefd1b0000 - 0x000007fefd1e0000 	C:\Windows\system32\nvinitx.dll
0x000007fefd1a0000 - 0x000007fefd1ac000 	C:\Windows\system32\VERSION.dll
0x0000000074e30000 - 0x0000000074e36000 	C:\Program Files\NVIDIA Corporation\CoProcManager\detoured.dll
0x000007fefa9d0000 - 0x000007fefaa08000 	C:\Program Files\NVIDIA Corporation\CoProcManager\nvd3d9wrapx.dll
0x000007feff3a0000 - 0x000007feff577000 	C:\Windows\system32\SETUPAPI.dll
0x000007fefd5e0000 - 0x000007fefd616000 	C:\Windows\system32\CFGMGR32.dll
0x000007feff810000 - 0x000007feff8eb000 	C:\Windows\system32\OLEAUT32.dll
0x000007fefef90000 - 0x000007feff18f000 	C:\Windows\system32\ole32.dll
0x000007fefd330000 - 0x000007fefd34a000 	C:\Windows\system32\DEVOBJ.dll
0x000007fefa9a0000 - 0x000007fefa9c4000 	C:\Program Files\NVIDIA Corporation\CoProcManager\nvdxgiwrapx.dll
0x00000000788e0000 - 0x00000000789b2000 	C:\Program Files\Android\Android Studio\jre\jre\bin\msvcr100.dll
0x0000000050760000 - 0x0000000050fa6000 	C:\Program Files\Android\Android Studio\jre\jre\bin\server\jvm.dll
0x000007feea1c0000 - 0x000007feea1c9000 	C:\Windows\system32\WSOCK32.dll
0x000007fefe880000 - 0x000007fefe8cd000 	C:\Windows\system32\WS2_32.dll
0x000007feff390000 - 0x000007feff398000 	C:\Windows\system32\NSI.dll
0x000007fef9fb0000 - 0x000007fef9feb000 	C:\Windows\system32\WINMM.dll
0x0000000077940000 - 0x0000000077947000 	C:\Windows\system32\PSAPI.DLL
0x000007fed19d0000 - 0x000007fed19df000 	C:\Program Files\Android\Android Studio\jre\jre\bin\verify.dll
0x000007fec93b0000 - 0x000007fec93d9000 	C:\Program Files\Android\Android Studio\jre\jre\bin\java.dll
0x000007fec4df0000 - 0x000007fec4e06000 	C:\Program Files\Android\Android Studio\jre\jre\bin\zip.dll
0x000007fefd820000 - 0x000007fefe5ab000 	C:\Windows\system32\SHELL32.dll
0x00000000001b0000 - 0x00000000001bf000 	C:\Windows\system32\profapi.dll
0x000007fec4dd0000 - 0x000007fec4dea000 	C:\Program Files\Android\Android Studio\jre\jre\bin\net.dll
0x000007fefc9b0000 - 0x000007fefca05000 	C:\Windows\system32\mswsock.dll
0x000007fefc9a0000 - 0x000007fefc9a7000 	C:\Windows\System32\wship6.dll
0x000007fec4db0000 - 0x000007fec4dc1000 	C:\Program Files\Android\Android Studio\jre\jre\bin\nio.dll
0x000007fec45b0000 - 0x000007fec45d6000 	C:\Users\Administrator\.gradle\native\29\windows-amd64\native-platform.dll
0x000007fefc280000 - 0x000007fefc283000 	C:\Windows\system32\api-ms-win-core-synch-l1-2-0.DLL
0x000007feccef0000 - 0x000007feccefd000 	C:\Program Files\Android\Android Studio\jre\jre\bin\management.dll
0x000007fefca10000 - 0x000007fefca28000 	C:\Windows\system32\CRYPTSP.dll
0x000007fefc710000 - 0x000007fefc757000 	C:\Windows\system32\rsaenh.dll
0x000007fefd570000 - 0x000007fefd58e000 	C:\Windows\system32\USERENV.dll
0x000007fefd0d0000 - 0x000007fefd0df000 	C:\Windows\system32\CRYPTBASE.dll
0x000007fefa000000 - 0x000007fefa027000 	C:\Windows\system32\IPHLPAPI.DLL
0x000007fef9ff0000 - 0x000007fef9ffb000 	C:\Windows\system32\WINNSI.DLL
0x000007fef5450000 - 0x000007fef5468000 	C:\Windows\system32\dhcpcsvc.DLL
0x000007fef5380000 - 0x000007fef5391000 	C:\Windows\system32\dhcpcsvc6.DLL
0x000007feebda0000 - 0x000007feebdbe000 	C:\Users\Administrator\AppData\Local\Temp\native-platform5750861589292563438dir\native-platform.dll
0x000007fefd070000 - 0x000007fefd0c7000 	C:\Windows\system32\apphelp.dll
0x000007fee7b80000 - 0x000007fee7ca5000 	C:\Windows\system32\dbghelp.dll

VM Arguments:
jvm_args: -Xmx1536m -Dfile.encoding=x-windows-949 -Duser.country=KR -Duser.language=ko -Duser.variant 
java_command: org.gradle.launcher.daemon.bootstrap.GradleDaemon 5.4.1
java_class_path (initial): C:\Users\Administrator\.gradle\wrapper\dists\gradle-5.4.1-all\3221gyojl5jsh0helicew7rwx\gradle-5.4.1\lib\gradle-launcher-5.4.1.jar
Launcher Type: SUN_STANDARD

Environment Variables:
JAVA_HOME=C:\Program Files\Java\jdk-12.0.1
PATH=C:\Windows\system32; C:\Program Files\Java\jdk-12.0.1\bin;C:\Program Files\Intel\WiFi\bin\;C:\Program Files\Common Files\Intel\WirelessCommon\;C:\Users\Administrator\AppData\Local\GitHubDesktop\bin
USERNAME=Administrator
OS=Windows_NT
PROCESSOR_IDENTIFIER=Intel64 Family 6 Model 94 Stepping 3, GenuineIntel



---------------  S Y S T E M  ---------------

OS: Windows 7 , 64 bit Build 7601 (6.1.7601.24441)

CPU:total 4 (initial active 4) (4 cores per cpu, 1 threads per core) family 6 model 94 stepping 3, cmov, cx8, fxsr, mmx, sse, sse2, sse3, ssse3, sse4.1, sse4.2, popcnt, avx, avx2, aes, clmul, erms, rtm, 3dnowpref, lzcnt, tsc, tscinvbit, bmi1, bmi2, adx

Memory: 4k page, physical 12489592k(349468k free), swap 17566732k(1002332k free)

vm_info: OpenJDK 64-Bit Server VM (25.202-b03) for windows-amd64 JRE (1.8.0_202-release-1483-b03), built by "builder" with MS VC++ 10.0 (VS2010)

time: Mon Nov 04 15:24:26 2019
timezone: 대한민국 표준시
elapsed time: 1665 seconds (0d 0h 27m 45s)

