#
# A fatal error has been detected by the Java Runtime Environment:
#
#  EXCEPTION_ACCESS_VIOLATION (0xc0000005) at pc=0x00000000507eb650, pid=17004, tid=0x0000000000004694
#
# JRE version: OpenJDK Runtime Environment (8.0_202-b03) (build 1.8.0_202-release-1483-b03)
# Java VM: OpenJDK 64-Bit Server VM (25.202-b03 mixed mode windows-amd64 compressed oops)
# Problematic frame:
# V  [jvm.dll+0x8b650]
#
# Failed to write core dump. Minidumps are not enabled by default on client versions of Windows
#
# If you would like to submit a bug report, please visit:
#   http://bugreport.java.com/bugreport/crash.jsp
#

---------------  T H R E A D  ---------------

Current thread (0x00000000024ae800):  GCTaskThread [stack: 0x0000000012300000,0x0000000012400000] [id=18068]

siginfo: ExceptionCode=0xc0000005, reading address 0x00000003ac794168

Registers:
RAX=0x0000000000000000, RBX=0x00000000ea5da8d2, RCX=0x00000000ea5da8d2, RDX=0x00000003ac794160
RSP=0x00000000123ff378, RBP=0x0000000000000000, RSI=0x00000000163469c0, RDI=0x00000000163469c0
R8 =0x00000000163469c0, R9 =0x000000000000002e, R10=0x0000000000000008, R11=0x0000000000000000
R12=0x0000000050d4b6b0, R13=0xcef700000000a9e8, R14=0x0000000000000000, R15=0x00000000024aea30
RIP=0x00000000507eb650, EFLAGS=0x0000000000010206

Top of Stack: (sp=0x00000000123ff378)
0x00000000123ff378:   0000000050b2eb82 00000000eef078a8
0x00000000123ff388:   0000000000000005 00000000163469c0
0x00000000123ff398:   0000000050b2fa95 00000000ffff0ad8
0x00000000123ff3a8:   0000000050b2f2cb 00000000aa03cb80
0x00000000123ff3b8:   0000000000000400 0000000000000000
0x00000000123ff3c8:   00000000024ab200 0000000050d4b6b0
0x00000000123ff3d8:   0000000050b2eef0 00000000aa03cfd0
0x00000000123ff3e8:   0000000000000000 00000000163469c0
0x00000000123ff3f8:   00000000163469c0 00000000aa03cfd0
0x00000000123ff408:   0000000050b2fa95 00000000eee77270
0x00000000123ff418:   0000000000000000 00000000163469c0
0x00000000123ff428:   00000000a92a0d08 00000000a92a0d08
0x00000000123ff438:   0000000000000c00 0000000000000000
0x00000000123ff448:   0000000000000000 0000000011bb9500
0x00000000123ff458:   000000001dc26800 00000000a92a0d01
0x00000000123ff468:   0000000050950201 00009216a1602175 

Instructions: (pc=0x00000000507eb650)
0x00000000507eb630:   7c 5f 1d 00 48 8b 9c 24 c0 00 00 00 48 81 c4 b0
0x00000000507eb640:   00 00 00 5d c3 cc cc cc cc cc cc cc cc cc cc cc
0x00000000507eb650:   44 8b 42 08 4c 8b ca 45 85 c0 7e 0e 41 f6 c0 01
0x00000000507eb660:   75 57 41 c1 f8 03 41 8b c0 c3 79 4d 80 3d fe 47 


Register to memory mapping:

RAX=0x0000000000000000 is an unknown value
RBX=0x00000000ea5da8d2 is an unknown value
RCX=0x00000000ea5da8d2 is an unknown value
RDX=0x00000003ac794160 is an unknown value
RSP=0x00000000123ff378 is an unknown value
RBP=0x0000000000000000 is an unknown value
RSI=0x00000000163469c0 is an unknown value
RDI=0x00000000163469c0 is an unknown value
R8 =0x00000000163469c0 is an unknown value
R9 =0x000000000000002e is an unknown value
R10=0x0000000000000008 is an unknown value
R11=0x0000000000000000 is an unknown value
R12=0x0000000050d4b6b0 is an unknown value
R13=0xcef700000000a9e8 is an unknown value
R14=0x0000000000000000 is an unknown value
R15=0x00000000024aea30 is an unknown value


Stack: [0x0000000012300000,0x0000000012400000],  sp=0x00000000123ff378,  free space=1020k
Native frames: (J=compiled Java code, j=interpreted, Vv=VM code, C=native code)


---------------  P R O C E S S  ---------------

Java Threads: ( => current thread )
  0x000000001d21f000 JavaThread "WorkerExecutor Queue Thread 4" [_thread_blocked, id=7668, stack(0x0000000036cb0000,0x0000000036db0000)]
  0x000000001d21c000 JavaThread "ForkJoinPool.commonPool-worker-3" daemon [_thread_blocked, id=19224, stack(0x000000002f6c0000,0x000000002f7c0000)]
  0x000000001d21a800 JavaThread "ForkJoinPool.commonPool-worker-1" daemon [_thread_blocked, id=4492, stack(0x000000002f370000,0x000000002f470000)]
  0x000000001a3c6800 JavaThread "WorkerExecutor Queue Thread 3" [_thread_blocked, id=18984, stack(0x000000002ef40000,0x000000002f040000)]
  0x000000001d219000 JavaThread "Cache worker for Java compile cache (C:\Users\Administrator\AndroidStudioProjects\carrot_market\.gradle\5.4.1\javaCompile)" [_thread_blocked, id=16932, stack(0x000000002f070000,0x000000002f170000)]
  0x000000001c99c000 JavaThread "stdout" [_thread_in_native, id=19040, stack(0x000000002ee30000,0x000000002ef30000)]
  0x0000000020058000 JavaThread "stderr" [_thread_in_native, id=13128, stack(0x000000002eb10000,0x000000002ec10000)]
  0x000000002005b800 JavaThread "pool-22-thread-1" [_thread_blocked, id=11524, stack(0x000000002ec50000,0x000000002ed50000)]
  0x0000000020059800 JavaThread "WorkerExecutor Queue Thread 2" [_thread_blocked, id=2872, stack(0x000000002e4a0000,0x000000002e5a0000)]
  0x000000002005e000 JavaThread "WorkerExecutor Queue" [_thread_blocked, id=2868, stack(0x000000002e9b0000,0x000000002eab0000)]
  0x000000001dc24000 JavaThread "Cache worker for execution history cache (C:\Users\Administrator\AndroidStudioProjects\carrot_market\.gradle\5.4.1\executionHistory)" [_thread_blocked, id=2616, stack(0x0000000027c90000,0x0000000027d90000)]
  0x000000001dc28800 JavaThread "Execution worker for ':' Thread 3" [_thread_blocked, id=15440, stack(0x000000002e160000,0x000000002e260000)]
  0x000000001a3c3800 JavaThread "Execution worker for ':' Thread 2" [_thread_blocked, id=13900, stack(0x000000002e030000,0x000000002e130000)]
  0x000000001a3cc000 JavaThread "Execution worker for ':'" [_thread_blocked, id=12820, stack(0x00000000297e0000,0x00000000298e0000)]
  0x000000001dc25800 JavaThread "Cache worker for file content cache (C:\Users\Administrator\AndroidStudioProjects\carrot_market\.gradle\5.4.1\fileContent)" [_thread_blocked, id=5696, stack(0x0000000027380000,0x0000000027480000)]
  0x000000001dc27000 JavaThread "Cache worker for Build Output Cleanup Cache (C:\Users\Administrator\AndroidStudioProjects\carrot_market\.gradle\buildOutputCleanup)" [_thread_blocked, id=13820, stack(0x0000000025b30000,0x0000000025c30000)]
  0x000000001dc22800 JavaThread "pool-21-thread-1" [_thread_blocked, id=17972, stack(0x00000000276c0000,0x00000000277c0000)]
  0x000000001dc26800 JavaThread "Build operations Thread 4" [_thread_blocked, id=18940, stack(0x000000001be70000,0x000000001bf70000)]
  0x000000001a3be000 JavaThread "Build operations Thread 3" [_thread_blocked, id=8792, stack(0x00000000268c0000,0x00000000269c0000)]
  0x000000001a3c4000 JavaThread "Build operations Thread 2" [_thread_blocked, id=15836, stack(0x0000000022e20000,0x0000000022f20000)]
  0x000000001a3bf000 JavaThread "Build operations" [_thread_blocked, id=13920, stack(0x0000000025d90000,0x0000000025e90000)]
  0x000000001a3c9800 JavaThread "Cache worker for cache directory md-rule (C:\Users\Administrator\.gradle\caches\5.4.1\md-rule)" [_thread_blocked, id=8012, stack(0x0000000025380000,0x0000000025480000)]
  0x000000001a3cb000 JavaThread "Cache worker for cache directory md-supplier (C:\Users\Administrator\.gradle\caches\5.4.1\md-supplier)" [_thread_blocked, id=19316, stack(0x000000001b350000,0x000000001b450000)]
  0x000000001a3c8000 JavaThread "Cache worker for file hash cache (C:\Users\Administrator\AndroidStudioProjects\carrot_market\.gradle\5.4.1\fileHashes)" [_thread_blocked, id=17488, stack(0x00000000215c0000,0x00000000216c0000)]
  0x000000001f242000 JavaThread "Thread-428" [_thread_blocked, id=6704, stack(0x0000000023360000,0x0000000023460000)]
  0x000000001f241800 JavaThread "Stdin handler" [_thread_blocked, id=7196, stack(0x0000000021b90000,0x0000000021c90000)]
  0x000000001f243800 JavaThread "Asynchronous log dispatcher for DefaultDaemonConnection: socket connection from /127.0.0.1:50692 to /127.0.0.1:52035" [_thread_blocked, id=11312, stack(0x0000000021440000,0x0000000021540000)]
  0x000000001f246800 JavaThread "Daemon worker Thread 11" [_thread_blocked, id=17528, stack(0x000000001c3f0000,0x000000001c4f0000)]
  0x000000001f245000 JavaThread "Cancel handler" [_thread_blocked, id=10620, stack(0x000000001b800000,0x000000001b900000)]
  0x000000001f244800 JavaThread "Handler for socket connection from /127.0.0.1:50692 to /127.0.0.1:52035" [_thread_in_native, id=9148, stack(0x000000001b6a0000,0x000000001b7a0000)]
  0x000000001f243000 JavaThread "Daemon Thread 11" [_thread_blocked, id=19140, stack(0x0000000017e20000,0x0000000017f20000)]
  0x000000001c99a800 JavaThread "RMI TCP Accept-0" daemon [_thread_in_native, id=16092, stack(0x000000002dce0000,0x000000002dde0000)]
  0x000000001a7ee000 JavaThread "RMI Reaper" [_thread_blocked, id=18320, stack(0x0000000026a80000,0x0000000026b80000)]
  0x000000001a7ed000 JavaThread "RMI TCP Accept-0" daemon [_thread_in_native, id=19152, stack(0x00000000267b0000,0x00000000268b0000)]
  0x000000001a7ec800 JavaThread "GC Daemon" daemon [_thread_blocked, id=18420, stack(0x0000000025710000,0x0000000025810000)]
  0x000000001a7eb000 JavaThread "RMI Scheduler(0)" daemon [_thread_blocked, id=8700, stack(0x00000000266b0000,0x00000000267b0000)]
  0x000000001a7e8800 JavaThread "Cache worker for Java compile cache (C:\Users\Administrator\.gradle\caches\5.4.1\javaCompile)" [_thread_blocked, id=18284, stack(0x0000000025c30000,0x0000000025d30000)]
  0x000000001c999800 JavaThread "Cache worker for file content cache (C:\Users\Administrator\.gradle\caches\5.4.1\fileContent)" [_thread_blocked, id=16400, stack(0x0000000024dc0000,0x0000000024ec0000)]
  0x000000001c998800 JavaThread "Memory manager" [_thread_blocked, id=15540, stack(0x00000000238e0000,0x00000000239e0000)]
  0x000000001a3c6000 JavaThread "Cache worker for execution history cache (C:\Users\Administrator\.gradle\caches\5.4.1\executionHistory)" [_thread_blocked, id=19276, stack(0x000000001f0b0000,0x000000001f1b0000)]
  0x000000001a3bd800 JavaThread "Cache worker for journal cache (C:\Users\Administrator\.gradle\caches\journal-1)" [_thread_blocked, id=792, stack(0x00000000172a0000,0x00000000173a0000)]
  0x000000001a3bc800 JavaThread "File lock request listener" [_thread_in_native, id=15264, stack(0x000000001bb70000,0x000000001bc70000)]
  0x00000000179ed000 JavaThread "Cache worker for file hash cache (C:\Users\Administrator\.gradle\caches\5.4.1\fileHashes)" [_thread_blocked, id=4076, stack(0x000000001c500000,0x000000001c600000)]
  0x000000001a25b000 JavaThread "Daemon periodic checks" [_thread_blocked, id=17600, stack(0x000000001b560000,0x000000001b660000)]
  0x000000001a264000 JavaThread "Incoming local TCP Connector on port 50692" [_thread_in_native, id=13704, stack(0x000000001b450000,0x000000001b550000)]
  0x00000000198e5800 JavaThread "Daemon health stats" [_thread_blocked, id=13172, stack(0x000000001aed0000,0x000000001afd0000)]
  0x0000000017840000 JavaThread "Service Thread" daemon [_thread_blocked, id=19312, stack(0x00000000184a0000,0x00000000185a0000)]
  0x00000000177c1800 JavaThread "C1 CompilerThread2" daemon [_thread_blocked, id=14264, stack(0x00000000182c0000,0x00000000183c0000)]
  0x00000000177be000 JavaThread "C2 CompilerThread1" daemon [_thread_blocked, id=16364, stack(0x0000000018060000,0x0000000018160000)]
  0x00000000177ab000 JavaThread "C2 CompilerThread0" daemon [_thread_blocked, id=14484, stack(0x0000000017f50000,0x0000000018050000)]
  0x00000000177a8800 JavaThread "Attach Listener" daemon [_thread_blocked, id=19356, stack(0x0000000017d00000,0x0000000017e00000)]
  0x00000000163ac800 JavaThread "Signal Dispatcher" daemon [_thread_blocked, id=16652, stack(0x0000000017bf0000,0x0000000017cf0000)]
  0x0000000016398800 JavaThread "Finalizer" daemon [_thread_blocked, id=15780, stack(0x00000000176a0000,0x00000000177a0000)]
  0x0000000016391000 JavaThread "Reference Handler" daemon [_thread_blocked, id=17732, stack(0x0000000017520000,0x0000000017620000)]
  0x00000000020ef800 JavaThread "main" [_thread_blocked, id=16516, stack(0x00000000026b0000,0x00000000027b0000)]

Other Threads:
  0x0000000016349800 VMThread [stack: 0x00000000173a0000,0x00000000174a0000] [id=16064]
  0x0000000017842000 WatcherThread [stack: 0x00000000181a0000,0x00000000182a0000] [id=9888]

=>0x00000000024ae800 (exited) GCTaskThread [stack: 0x0000000012300000,0x0000000012400000] [id=18068]

VM state:at safepoint (normal execution)

VM Mutex/Monitor currently owned by a thread:  ([mutex/lock_event])
[0x00000000020ecad0] Threads_lock - owner thread: 0x0000000016349800
[0x00000000020ecfd0] Heap_lock - owner thread: 0x000000001a3cc000

heap address: 0x00000000a0000000, size: 1536 MB, Compressed Oops mode: 32-bit
Narrow klass base: 0x0000000000000000, Narrow klass shift: 3
Compressed class space size: 1073741824 Address: 0x000000013fbe0000

Heap:
 PSYoungGen      total 448000K, used 447968K [0x00000000e0000000, 0x0000000100000000, 0x0000000100000000)
  eden space 371712K, 100% used [0x00000000e0000000,0x00000000f6b00000,0x00000000f6b00000)
  from space 76288K, 99% used [0x00000000f6b00000,0x00000000fb5780d8,0x00000000fb580000)
  to   space 76288K, 99% used [0x00000000fb580000,0x00000000ffff8ad8,0x0000000100000000)
 ParOldGen       total 407552K, used 179396K [0x00000000a0000000, 0x00000000b8e00000, 0x00000000e0000000)
  object space 407552K, 44% used [0x00000000a0000000,0x00000000aaf31010,0x00000000b8e00000)
 Metaspace       used 205939K, capacity 217570K, committed 217932K, reserved 1239040K
  class space    used 26155K, capacity 28394K, committed 28504K, reserved 1048576K

Card table byte_map: [0x0000000011b70000,0x0000000011e80000] byte_map_base: 0x0000000011670000

Marking Bits: (ParMarkBitMap*) 0x0000000050f29f30
 Begin Bits: [0x00000000126c0000, 0x0000000013ec0000)
 End Bits:   [0x0000000013ec0000, 0x00000000156c0000)

Polling page: 0x0000000000340000

CodeCache: size=245760Kb used=71752Kb max_used=71793Kb free=174007Kb
 bounds [0x00000000027b0000, 0x0000000006e30000, 0x00000000117b0000]
 total_blobs=21323 nmethods=20427 adapters=807
 compilation: enabled

Compilation events (10 events):
Event: 3805.954 Thread 0x00000000177c1800 24841       1       com.android.tools.r8.ir.code.o::M0 (2 bytes)
Event: 3805.954 Thread 0x00000000177c1800 nmethod 24841 0x0000000006e277d0 code [0x0000000006e27920, 0x0000000006e27a30]
Event: 3805.957 Thread 0x00000000177c1800 24842       2       com.android.tools.r8.ir.regalloc.LinearScanRegisterAllocator::e (276 bytes)
Event: 3805.958 Thread 0x00000000177c1800 nmethod 24842 0x0000000006e27a90 code [0x0000000006e27cc0, 0x0000000006e281e8]
Event: 3805.959 Thread 0x00000000177c1800 24843       2       java.util.TreeMap::firstKey (8 bytes)
Event: 3805.959 Thread 0x00000000177c1800 nmethod 24843 0x0000000006e28790 code [0x0000000006e28900, 0x0000000006e28b88]
Event: 3805.961 Thread 0x00000000177c1800 24845       1       com.android.tools.r8.ir.code.InvokeDirect::asInvokeDirect (2 bytes)
Event: 3805.961 Thread 0x00000000177c1800 nmethod 24845 0x0000000006e28d50 code [0x0000000006e28ea0, 0x0000000006e28fb0]
Event: 3805.968 Thread 0x00000000177c1800 24846       1       com.android.tools.r8.graph.GraphLense$d::a (2 bytes)
Event: 3805.968 Thread 0x00000000177c1800 nmethod 24846 0x0000000006e29010 code [0x0000000006e29160, 0x0000000006e29270]

GC Heap History (10 events):
Event: 1387.853 GC heap after
Heap after GC invocations=24 (full 5):
 PSYoungGen      total 452608K, used 37042K [0x00000000e0000000, 0x0000000100000000, 0x0000000100000000)
  eden space 380928K, 0% used [0x00000000e0000000,0x00000000e0000000,0x00000000f7400000)
  from space 71680K, 51% used [0x00000000f7400000,0x00000000f982ca88,0x00000000fba00000)
  to   space 69120K, 0% used [0x00000000fbc80000,0x00000000fbc80000,0x0000000100000000)
 ParOldGen       total 407552K, used 125097K [0x00000000a0000000, 0x00000000b8e00000, 0x00000000e0000000)
  object space 407552K, 30% used [0x00000000a0000000,0x00000000a7a2a7e8,0x00000000b8e00000)
 Metaspace       used 175095K, capacity 184174K, committed 184268K, reserved 1210368K
  class space    used 22174K, capacity 23950K, committed 24024K, reserved 1048576K
}
Event: 1641.989 GC heap before
{Heap before GC invocations=25 (full 5):
 PSYoungGen      total 452608K, used 417970K [0x00000000e0000000, 0x0000000100000000, 0x0000000100000000)
  eden space 380928K, 100% used [0x00000000e0000000,0x00000000f7400000,0x00000000f7400000)
  from space 71680K, 51% used [0x00000000f7400000,0x00000000f982ca88,0x00000000fba00000)
  to   space 69120K, 0% used [0x00000000fbc80000,0x00000000fbc80000,0x0000000100000000)
 ParOldGen       total 407552K, used 125097K [0x00000000a0000000, 0x00000000b8e00000, 0x00000000e0000000)
  object space 407552K, 30% used [0x00000000a0000000,0x00000000a7a2a7e8,0x00000000b8e00000)
 Metaspace       used 180559K, capacity 189862K, committed 190028K, reserved 1214464K
  class space    used 22740K, capacity 24582K, committed 24664K, reserved 1048576K
Event: 1642.020 GC heap after
Heap after GC invocations=25 (full 5):
 PSYoungGen      total 444928K, used 29169K [0x00000000e0000000, 0x00000000ff880000, 0x0000000100000000)
  eden space 383488K, 0% used [0x00000000e0000000,0x00000000e0000000,0x00000000f7680000)
  from space 61440K, 47% used [0x00000000fbc80000,0x00000000fd8fc7d0,0x00000000ff880000)
  to   space 66560K, 0% used [0x00000000f7680000,0x00000000f7680000,0x00000000fb780000)
 ParOldGen       total 407552K, used 125105K [0x00000000a0000000, 0x00000000b8e00000, 0x00000000e0000000)
  object space 407552K, 30% used [0x00000000a0000000,0x00000000a7a2c7e8,0x00000000b8e00000)
 Metaspace       used 180559K, capacity 189862K, committed 190028K, reserved 1214464K
  class space    used 22740K, capacity 24582K, committed 24664K, reserved 1048576K
}
Event: 3794.964 GC heap before
{Heap before GC invocations=26 (full 5):
 PSYoungGen      total 444928K, used 412657K [0x00000000e0000000, 0x00000000ff880000, 0x0000000100000000)
  eden space 383488K, 100% used [0x00000000e0000000,0x00000000f7680000,0x00000000f7680000)
  from space 61440K, 47% used [0x00000000fbc80000,0x00000000fd8fc7d0,0x00000000ff880000)
  to   space 66560K, 0% used [0x00000000f7680000,0x00000000f7680000,0x00000000fb780000)
 ParOldGen       total 407552K, used 125105K [0x00000000a0000000, 0x00000000b8e00000, 0x00000000e0000000)
  object space 407552K, 30% used [0x00000000a0000000,0x00000000a7a2c7e8,0x00000000b8e00000)
 Metaspace       used 193131K, capacity 203628K, committed 203980K, reserved 1226752K
  class space    used 24451K, capacity 26503K, committed 26584K, reserved 1048576K
Event: 3794.999 GC heap after
Heap after GC invocations=26 (full 5):
 PSYoungGen      total 450048K, used 43907K [0x00000000e0000000, 0x0000000100000000, 0x0000000100000000)
  eden space 383488K, 0% used [0x00000000e0000000,0x00000000e0000000,0x00000000f7680000)
  from space 66560K, 65% used [0x00000000f7680000,0x00000000fa160c00,0x00000000fb780000)
  to   space 67072K, 0% used [0x00000000fbe80000,0x00000000fbe80000,0x0000000100000000)
 ParOldGen       total 407552K, used 125113K [0x00000000a0000000, 0x00000000b8e00000, 0x00000000e0000000)
  object space 407552K, 30% used [0x00000000a0000000,0x00000000a7a2e7e8,0x00000000b8e00000)
 Metaspace       used 193131K, capacity 203628K, committed 203980K, reserved 1226752K
  class space    used 24451K, capacity 26503K, committed 26584K, reserved 1048576K
}
Event: 3802.307 GC heap before
{Heap before GC invocations=27 (full 5):
 PSYoungGen      total 450048K, used 427395K [0x00000000e0000000, 0x0000000100000000, 0x0000000100000000)
  eden space 383488K, 100% used [0x00000000e0000000,0x00000000f7680000,0x00000000f7680000)
  from space 66560K, 65% used [0x00000000f7680000,0x00000000fa160c00,0x00000000fb780000)
  to   space 67072K, 0% used [0x00000000fbe80000,0x00000000fbe80000,0x0000000100000000)
 ParOldGen       total 407552K, used 125113K [0x00000000a0000000, 0x00000000b8e00000, 0x00000000e0000000)
  object space 407552K, 30% used [0x00000000a0000000,0x00000000a7a2e7e8,0x00000000b8e00000)
 Metaspace       used 199381K, capacity 210156K, committed 210508K, reserved 1232896K
  class space    used 25253K, capacity 27365K, committed 27480K, reserved 1048576K
Event: 3802.413 GC heap after
Heap after GC invocations=27 (full 5):
 PSYoungGen      total 438784K, used 67052K [0x00000000e0000000, 0x0000000100000000, 0x0000000100000000)
  eden space 371712K, 0% used [0x00000000e0000000,0x00000000e0000000,0x00000000f6b00000)
  from space 67072K, 99% used [0x00000000fbe80000,0x00000000ffffb298,0x0000000100000000)
  to   space 76288K, 0% used [0x00000000f6b00000,0x00000000f6b00000,0x00000000fb580000)
 ParOldGen       total 407552K, used 125714K [0x00000000a0000000, 0x00000000b8e00000, 0x00000000e0000000)
  object space 407552K, 30% used [0x00000000a0000000,0x00000000a7ac48e8,0x00000000b8e00000)
 Metaspace       used 199381K, capacity 210156K, committed 210508K, reserved 1232896K
  class space    used 25253K, capacity 27365K, committed 27480K, reserved 1048576K
}
Event: 3804.910 GC heap before
{Heap before GC invocations=28 (full 5):
 PSYoungGen      total 438784K, used 438764K [0x00000000e0000000, 0x0000000100000000, 0x0000000100000000)
  eden space 371712K, 100% used [0x00000000e0000000,0x00000000f6b00000,0x00000000f6b00000)
  from space 67072K, 99% used [0x00000000fbe80000,0x00000000ffffb298,0x0000000100000000)
  to   space 76288K, 0% used [0x00000000f6b00000,0x00000000f6b00000,0x00000000fb580000)
 ParOldGen       total 407552K, used 130304K [0x00000000a0000000, 0x00000000b8e00000, 0x00000000e0000000)
  object space 407552K, 31% used [0x00000000a0000000,0x00000000a7f401e0,0x00000000b8e00000)
 Metaspace       used 205701K, capacity 217188K, committed 217292K, reserved 1239040K
  class space    used 26136K, capacity 28323K, committed 28376K, reserved 1048576K
Event: 3804.991 GC heap after
Heap after GC invocations=28 (full 5):
 PSYoungGen      total 448000K, used 76256K [0x00000000e0000000, 0x0000000100000000, 0x0000000100000000)
  eden space 371712K, 0% used [0x00000000e0000000,0x00000000e0000000,0x00000000f6b00000)
  from space 76288K, 99% used [0x00000000f6b00000,0x00000000fb5780d8,0x00000000fb580000)
  to   space 76288K, 0% used [0x00000000fb580000,0x00000000fb580000,0x0000000100000000)
 ParOldGen       total 407552K, used 150146K [0x00000000a0000000, 0x00000000b8e00000, 0x00000000e0000000)
  object space 407552K, 36% used [0x00000000a0000000,0x00000000a92a0818,0x00000000b8e00000)
 Metaspace       used 205701K, capacity 217188K, committed 217292K, reserved 1239040K
  class space    used 26136K, capacity 28323K, committed 28376K, reserved 1048576K
}
Event: 3805.975 GC heap before
{Heap before GC invocations=29 (full 5):
 PSYoungGen      total 448000K, used 447968K [0x00000000e0000000, 0x0000000100000000, 0x0000000100000000)
  eden space 371712K, 100% used [0x00000000e0000000,0x00000000f6b00000,0x00000000f6b00000)
  from space 76288K, 99% used [0x00000000f6b00000,0x00000000fb5780d8,0x00000000fb580000)
  to   space 76288K, 0% used [0x00000000fb580000,0x00000000fb580000,0x0000000100000000)
 ParOldGen       total 407552K, used 150147K [0x00000000a0000000, 0x00000000b8e00000, 0x00000000e0000000)
  object space 407552K, 36% used [0x00000000a0000000,0x00000000a92a0d08,0x00000000b8e00000)
 Metaspace       used 205939K, capacity 217570K, committed 217932K, reserved 1239040K
  class space    used 26155K, capacity 28394K, committed 28504K, reserved 1048576K

Deoptimization events (10 events):
Event: 3805.056 Thread 0x000000001dc28800 Uncommon trap: reason=class_check action=maybe_recompile pc=0x0000000002deb280 method=java.lang.Throwable.<init>(Ljava/lang/String;Ljava/lang/Throwable;)V @ 24
Event: 3805.175 Thread 0x000000001a3cc000 Uncommon trap: reason=unstable_if action=reinterpret pc=0x0000000006b00d04 method=com.android.tools.r8.n.a.a.a.g.B0$e.contains(Ljava/lang/Object;)Z @ 176
Event: 3805.186 Thread 0x000000001a3cc000 Uncommon trap: reason=bimorphic action=maybe_recompile pc=0x0000000006ad9afc method=com.android.tools.r8.ir.optimize.CodeRewriter.e(Lcom/android/tools/r8/ir/code/Instruction;)Z @ 119
Event: 3805.221 Thread 0x000000001a3cc000 Uncommon trap: reason=class_check action=maybe_recompile pc=0x0000000006cbfdbc method=com.android.tools.r8.ir.analysis.g.e.b(Lcom/android/tools/r8/ir/code/Instruction;)V @ 233
Event: 3805.221 Thread 0x000000001a3cc000 Uncommon trap: reason=class_check action=maybe_recompile pc=0x0000000006cbfdbc method=com.android.tools.r8.ir.analysis.g.e.b(Lcom/android/tools/r8/ir/code/Instruction;)V @ 233
Event: 3805.221 Thread 0x000000001a3cc000 Uncommon trap: reason=class_check action=maybe_recompile pc=0x0000000006cbfdbc method=com.android.tools.r8.ir.analysis.g.e.b(Lcom/android/tools/r8/ir/code/Instruction;)V @ 233
Event: 3805.223 Thread 0x000000001a3cc000 Uncommon trap: reason=class_check action=maybe_recompile pc=0x0000000006cbfdbc method=com.android.tools.r8.ir.analysis.g.e.b(Lcom/android/tools/r8/ir/code/Instruction;)V @ 233
Event: 3805.815 Thread 0x000000001a3cc000 Uncommon trap: reason=unstable_if action=reinterpret pc=0x0000000006947dcc method=com.android.tools.r8.ir.code.Position.equals(Ljava/lang/Object;)Z @ 27
Event: 3805.852 Thread 0x000000001dc26800 Uncommon trap: reason=class_check action=maybe_recompile pc=0x00000000046d6204 method=java.util.ArrayList$ArrayListSpliterator.tryAdvance(Ljava/util/function/Consumer;)Z @ 48
Event: 3805.894 Thread 0x000000001a3cc000 Uncommon trap: reason=unstable_if action=reinterpret pc=0x0000000006d81314 method=com.android.tools.r8.ir.regalloc.a.a(ILcom/android/tools/r8/ir/regalloc/a$a;)Z @ 73

Classes redefined (0 events):
No events

Internal exceptions (10 events):
Event: 3803.772 Thread 0x000000002005e000 Exception <a 'sun/nio/fs/WindowsException'> (0x00000000eac86ea0) thrown at [D:\src\AOSP-openjdk-cygwin\jdk8u\hotspot\src\share\vm\prims\jni.cpp, line 710]
Event: 3803.821 Thread 0x000000001a3c6800 Exception <a 'sun/nio/fs/WindowsException'> (0x00000000eb3b2758) thrown at [D:\src\AOSP-openjdk-cygwin\jdk8u\hotspot\src\share\vm\prims\jni.cpp, line 710]
Event: 3803.823 Thread 0x000000001a3c6800 Exception <a 'sun/nio/fs/WindowsException'> (0x00000000eb3bd068) thrown at [D:\src\AOSP-openjdk-cygwin\jdk8u\hotspot\src\share\vm\prims\jni.cpp, line 710]
Event: 3803.853 Thread 0x000000001a3c6800 Exception <a 'sun/nio/fs/WindowsException'> (0x00000000ebbeeb90) thrown at [D:\src\AOSP-openjdk-cygwin\jdk8u\hotspot\src\share\vm\prims\jni.cpp, line 710]
Event: 3803.855 Thread 0x000000001a3c6800 Exception <a 'sun/nio/fs/WindowsException'> (0x00000000ebbf7008) thrown at [D:\src\AOSP-openjdk-cygwin\jdk8u\hotspot\src\share\vm\prims\jni.cpp, line 710]
Event: 3803.891 Thread 0x000000001a3c6800 Exception <a 'sun/nio/fs/WindowsException'> (0x00000000ebc009b0) thrown at [D:\src\AOSP-openjdk-cygwin\jdk8u\hotspot\src\share\vm\prims\jni.cpp, line 710]
Event: 3803.893 Thread 0x000000001a3c6800 Exception <a 'sun/nio/fs/WindowsException'> (0x00000000ebc0af98) thrown at [D:\src\AOSP-openjdk-cygwin\jdk8u\hotspot\src\share\vm\prims\jni.cpp, line 710]
Event: 3803.950 Thread 0x000000001a3c3800 Implicit null exception at 0x00000000052ea08a to 0x00000000052ec189
Event: 3803.951 Thread 0x000000001a3c3800 Implicit null exception at 0x00000000052e2319 to 0x00000000052e438d
Event: 3805.677 Thread 0x000000001dc26800 Exception <a 'sun/nio/fs/WindowsException'> (0x00000000ea5cca90) thrown at [D:\src\AOSP-openjdk-cygwin\jdk8u\hotspot\src\share\vm\prims\jni.cpp, line 710]

Events (10 events):
Event: 3805.968 Thread 0x00000000177c1800 flushing nmethod 0x0000000002998a50
Event: 3805.968 Thread 0x00000000177c1800 flushing nmethod 0x00000000029bef90
Event: 3805.968 Thread 0x00000000177c1800 flushing nmethod 0x00000000029c9050
Event: 3805.968 Thread 0x00000000177c1800 flushing nmethod 0x00000000029d6590
Event: 3805.968 Thread 0x00000000177c1800 flushing nmethod 0x00000000029d8490
Event: 3805.968 Thread 0x00000000177c1800 flushing nmethod 0x00000000029de710
Event: 3805.968 Thread 0x00000000177c1800 flushing nmethod 0x00000000029e8610
Event: 3805.972 Executing VM operation: ForceSafepoint
Event: 3805.974 Executing VM operation: ForceSafepoint done
Event: 3805.975 Executing VM operation: ParallelGCFailedAllocation


Dynamic libraries:
0x000000013fba0000 - 0x000000013fbd1000 	C:\Program Files\Android\Android Studio\jre\bin\java.exe
0x0000000077790000 - 0x000000007792f000 	C:\Windows\SYSTEM32\ntdll.dll
0x000007feea0a0000 - 0x000007feea0b4000 	C:\Program Files\AVAST Software\Avast\aswhook.dll
0x0000000077670000 - 0x000000007778f000 	C:\Windows\system32\kernel32.dll
0x000007fefd290000 - 0x000007fefd2fa000 	C:\Windows\system32\KERNELBASE.dll
0x000007fefd740000 - 0x000007fefd81b000 	C:\Windows\system32\ADVAPI32.dll
0x000007fefe8d0000 - 0x000007fefe96f000 	C:\Windows\system32\msvcrt.dll
0x000007fefd720000 - 0x000007fefd73f000 	C:\Windows\SYSTEM32\sechost.dll
0x000007feff640000 - 0x000007feff76c000 	C:\Windows\system32\RPCRT4.dll
0x0000000077570000 - 0x000000007766a000 	C:\Windows\system32\USER32.dll
0x000007feff190000 - 0x000007feff1f7000 	C:\Windows\system32\GDI32.dll
0x000007fefd710000 - 0x000007fefd71e000 	C:\Windows\system32\LPK.dll
0x000007fefee90000 - 0x000007fefef5b000 	C:\Windows\system32\USP10.dll
0x000007fefb490000 - 0x000007fefb685000 	C:\Windows\WinSxS\amd64_microsoft.windows.common-controls_6595b64144ccf1df_6.0.7601.24440_none_e36f1bbf30ff0606\COMCTL32.dll
0x000007fefd630000 - 0x000007fefd6a1000 	C:\Windows\system32\SHLWAPI.dll
0x000007fefef60000 - 0x000007fefef8e000 	C:\Windows\system32\IMM32.DLL
0x000007feff280000 - 0x000007feff389000 	C:\Windows\system32\MSCTF.dll
0x000007fefd1b0000 - 0x000007fefd1e0000 	C:\Windows\system32\nvinitx.dll
0x000007fefd1a0000 - 0x000007fefd1ac000 	C:\Windows\system32\VERSION.dll
0x0000000074e30000 - 0x0000000074e36000 	C:\Program Files\NVIDIA Corporation\CoProcManager\detoured.dll
0x000007fefa9d0000 - 0x000007fefaa08000 	C:\Program Files\NVIDIA Corporation\CoProcManager\nvd3d9wrapx.dll
0x000007feff3a0000 - 0x000007feff577000 	C:\Windows\system32\SETUPAPI.dll
0x000007fefd5e0000 - 0x000007fefd616000 	C:\Windows\system32\CFGMGR32.dll
0x000007feff810000 - 0x000007feff8eb000 	C:\Windows\system32\OLEAUT32.dll
0x000007fefef90000 - 0x000007feff18f000 	C:\Windows\system32\ole32.dll
0x000007fefd330000 - 0x000007fefd34a000 	C:\Windows\system32\DEVOBJ.dll
0x000007fefa9a0000 - 0x000007fefa9c4000 	C:\Program Files\NVIDIA Corporation\CoProcManager\nvdxgiwrapx.dll
0x00000000788e0000 - 0x00000000789b2000 	C:\Program Files\Android\Android Studio\jre\jre\bin\msvcr100.dll
0x0000000050760000 - 0x0000000050fa6000 	C:\Program Files\Android\Android Studio\jre\jre\bin\server\jvm.dll
0x000007feea1c0000 - 0x000007feea1c9000 	C:\Windows\system32\WSOCK32.dll
0x000007fefe880000 - 0x000007fefe8cd000 	C:\Windows\system32\WS2_32.dll
0x000007feff390000 - 0x000007feff398000 	C:\Windows\system32\NSI.dll
0x000007fef9fb0000 - 0x000007fef9feb000 	C:\Windows\system32\WINMM.dll
0x0000000077940000 - 0x0000000077947000 	C:\Windows\system32\PSAPI.DLL
0x000007fed19d0000 - 0x000007fed19df000 	C:\Program Files\Android\Android Studio\jre\jre\bin\verify.dll
0x000007fec93b0000 - 0x000007fec93d9000 	C:\Program Files\Android\Android Studio\jre\jre\bin\java.dll
0x000007fec4df0000 - 0x000007fec4e06000 	C:\Program Files\Android\Android Studio\jre\jre\bin\zip.dll
0x000007fefd820000 - 0x000007fefe5ab000 	C:\Windows\system32\SHELL32.dll
0x00000000005a0000 - 0x00000000005af000 	C:\Windows\system32\profapi.dll
0x000007fec4dd0000 - 0x000007fec4dea000 	C:\Program Files\Android\Android Studio\jre\jre\bin\net.dll
0x000007fefc9b0000 - 0x000007fefca05000 	C:\Windows\system32\mswsock.dll
0x000007fefc9a0000 - 0x000007fefc9a7000 	C:\Windows\System32\wship6.dll
0x000007fec4db0000 - 0x000007fec4dc1000 	C:\Program Files\Android\Android Studio\jre\jre\bin\nio.dll
0x000007fec45b0000 - 0x000007fec45d6000 	C:\Users\Administrator\.gradle\native\29\windows-amd64\native-platform.dll
0x000007fefc280000 - 0x000007fefc283000 	C:\Windows\system32\api-ms-win-core-synch-l1-2-0.DLL
0x000007feccef0000 - 0x000007feccefd000 	C:\Program Files\Android\Android Studio\jre\jre\bin\management.dll
0x000007fefca10000 - 0x000007fefca28000 	C:\Windows\system32\CRYPTSP.dll
0x000007fefc710000 - 0x000007fefc757000 	C:\Windows\system32\rsaenh.dll
0x000007fefd570000 - 0x000007fefd58e000 	C:\Windows\system32\USERENV.dll
0x000007fefd0d0000 - 0x000007fefd0df000 	C:\Windows\system32\CRYPTBASE.dll
0x000007fefa000000 - 0x000007fefa027000 	C:\Windows\system32\IPHLPAPI.DLL
0x000007fef9ff0000 - 0x000007fef9ffb000 	C:\Windows\system32\WINNSI.DLL
0x000007fef5450000 - 0x000007fef5468000 	C:\Windows\system32\dhcpcsvc.DLL
0x000007fef5380000 - 0x000007fef5391000 	C:\Windows\system32\dhcpcsvc6.DLL
0x000007fefd070000 - 0x000007fefd0c7000 	C:\Windows\system32\apphelp.dll
0x000007fee7b80000 - 0x000007fee7ca5000 	C:\Windows\system32\dbghelp.dll

VM Arguments:
jvm_args: -Xmx1536m -Dfile.encoding=x-windows-949 -Duser.country=KR -Duser.language=ko -Duser.variant 
java_command: org.gradle.launcher.daemon.bootstrap.GradleDaemon 5.4.1
java_class_path (initial): C:\Users\Administrator\.gradle\wrapper\dists\gradle-5.4.1-all\3221gyojl5jsh0helicew7rwx\gradle-5.4.1\lib\gradle-launcher-5.4.1.jar
Launcher Type: SUN_STANDARD

Environment Variables:
JAVA_HOME=C:\Program Files\Java\jdk-12.0.1
PATH=C:\Windows\system32; C:\Program Files\Java\jdk-12.0.1\bin;C:\Program Files\Intel\WiFi\bin\;C:\Program Files\Common Files\Intel\WirelessCommon\;C:\Users\Administrator\AppData\Local\GitHubDesktop\bin
USERNAME=Administrator
OS=Windows_NT
PROCESSOR_IDENTIFIER=Intel64 Family 6 Model 94 Stepping 3, GenuineIntel



---------------  S Y S T E M  ---------------

OS: Windows 7 , 64 bit Build 7601 (6.1.7601.24441)

CPU:total 4 (initial active 4) (4 cores per cpu, 1 threads per core) family 6 model 94 stepping 3, cmov, cx8, fxsr, mmx, sse, sse2, sse3, ssse3, sse4.1, sse4.2, popcnt, avx, avx2, aes, clmul, erms, rtm, 3dnowpref, lzcnt, tsc, tscinvbit, bmi1, bmi2, adx

Memory: 4k page, physical 12489592k(235392k free), swap 17566732k(29132k free)

vm_info: OpenJDK 64-Bit Server VM (25.202-b03) for windows-amd64 JRE (1.8.0_202-release-1483-b03), built by "builder" with MS VC++ 10.0 (VS2010)

time: Mon Nov 04 11:07:30 2019
timezone: 대한민국 표준시
elapsed time: 3806 seconds (0d 1h 3m 26s)

