#
# A fatal error has been detected by the Java Runtime Environment:
#
#  EXCEPTION_ACCESS_VIOLATION (0xc0000005) at pc=0x000000007352f4e8, pid=14292, tid=0x00000000000034f4
#
# JRE version: OpenJDK Runtime Environment (8.0_212-b04) (build 1.8.0_212-release-1586-b04)
# Java VM: OpenJDK 64-Bit Server VM (25.212-b04 mixed mode windows-amd64 compressed oops)
# Problematic frame:
# V  [jvm.dll+0xef4e8]
#
# Failed to write core dump. Minidumps are not enabled by default on client versions of Windows
#
# If you would like to submit a bug report, please visit:
#   
#

---------------  T H R E A D  ---------------

Current thread (0x000000000259a000):  GCTaskThread [stack: 0x0000000012150000,0x0000000012250000] [id=13556]

siginfo: ExceptionCode=0xc0000005, reading address 0xffffffffffffffff

Registers:
RAX=0x0000000012350000, RBX=0x0000000000000014, RCX=0x0000000000000000, RDX=0x0000000000000002
RSP=0x000000001224f480, RBP=0x00000000e47aa9d0, RSI=0x000000000266ae40, RDI=0x000000000266ae40
R8 =0x007fffffffb00000, R9 =0x0000000100034fb8, R10=0x000000000000000c, R11=0x0000000073a0ade8
R12=0x00000000e47aa9dc, R13=0x00000001000351d8, R14=0x00000001000351e0, R15=0x00000000e47aa9c0
RIP=0x000000007352f4e8, EFLAGS=0x0000000000010202

Top of Stack: (sp=0x000000001224f480)
0x000000001224f480:   0000000100034fb8 00000000a024034c
0x000000001224f490:   0000000000000010 0000000073636622
0x000000001224f4a0:   0000000000000000 00000000000003d8
0x000000001224f4b0:   000000000259abc8 00000000a020c318
0x000000001224f4c0:   00000000000000b6 0000000073805f60
0x000000001224f4d0:   00000000167d05f8 0000000000001600
0x000000001224f4e0:   000000000266ae40 000000000259a7f0
0x000000001224f4f0:   000002e10000008d 000002e20000008d
0x000000001224f500:   0000000000000000 00000000a020c318
0x000000001224f510:   0000000000001600 000000000257d800
0x000000001224f520:   000000000259a701 000000000259a701
0x000000001224f530:   00002457c4aaf465 000000000259abc8
0x000000001224f540:   000000000259a7f0 00000000000003d8
0x000000001224f550:   000000000259a7f0 00000000025918f0
0x000000001224f560:   000000000259a7e0 000000001f5398a0
0x000000001224f570:   000000000266ae40 0000000073802c43 

Instructions: (pc=0x000000007352f4e8)
0x000000007352f4c8:   05 63 aa 6d 00 49 c1 e8 03 49 d3 e8 41 0f b6 c0
0x000000007352f4d8:   49 c1 e8 06 24 3f 0f b6 d0 48 8b 05 78 aa 6d 00
0x000000007352f4e8:   4a 8b 0c c0 48 0f a3 d1 0f 82 59 01 00 00 0f b6
0x000000007352f4f8:   15 74 09 6d 00 84 d2 74 16 44 8b 43 08 8b 0d 0d 


Register to memory mapping:

RAX=0x0000000012350000 is an unknown value
RBX=0x0000000000000014 is an unknown value
RCX=0x0000000000000000 is an unknown value
RDX=0x0000000000000002 is an unknown value
RSP=0x000000001224f480 is an unknown value
RBP=0x00000000e47aa9d0 is an oop

[error occurred during error reporting (printing register info), id 0xc0000005]

Stack: [0x0000000012150000,0x0000000012250000],  sp=0x000000001224f480,  free space=1021k
Native frames: (J=compiled Java code, j=interpreted, Vv=VM code, C=native code)
V  [jvm.dll+0xef4e8]
V  [jvm.dll+0x3c5f60]
V  [jvm.dll+0x3c2c43]
V  [jvm.dll+0x3c0a0e]
V  [jvm.dll+0x26f53a]
C  [msvcr100.dll+0x21d9f]
C  [msvcr100.dll+0x21e3b]
C  [KERNEL32.DLL+0x13d2]
C  [ntdll.dll+0x154f4]


---------------  P R O C E S S  ---------------

Java Threads: ( => current thread )
  0x000000001bff4000 JavaThread "Cache worker for execution history cache (C:\Users\gksrlgud\.gradle\caches\5.4.1\executionHistory)" [_thread_blocked, id=15784, stack(0x000000001e8b0000,0x000000001e9b0000)]
  0x000000001801c800 JavaThread "Cache worker for cache directory md-rule (C:\Users\gksrlgud\.gradle\caches\5.4.1\md-rule)" [_thread_blocked, id=5256, stack(0x000000001e7b0000,0x000000001e8b0000)]
  0x000000001801d000 JavaThread "Cache worker for cache directory md-supplier (C:\Users\gksrlgud\.gradle\caches\5.4.1\md-supplier)" [_thread_blocked, id=17076, stack(0x000000001cdf0000,0x000000001cef0000)]
  0x0000000018016800 JavaThread "Cache worker for file hash cache (C:\carrot_market\carrot_market-master\.gradle\5.4.1\fileHashes)" [_thread_blocked, id=5500, stack(0x000000001ccf0000,0x000000001cdf0000)]
  0x0000000018018800 JavaThread "Cache worker for journal cache (C:\Users\gksrlgud\.gradle\caches\journal-1)" [_thread_blocked, id=13708, stack(0x000000001b920000,0x000000001ba20000)]
  0x0000000018018000 JavaThread "File lock request listener" [_thread_in_native, id=14172, stack(0x000000001b820000,0x000000001b920000)]
  0x0000000018017000 JavaThread "Cache worker for file hash cache (C:\Users\gksrlgud\.gradle\caches\5.4.1\fileHashes)" [_thread_blocked, id=5320, stack(0x000000001b520000,0x000000001b620000)]
  0x0000000018f7a000 JavaThread "Thread-9" [_thread_blocked, id=13816, stack(0x000000001b420000,0x000000001b520000)]
  0x0000000018f77000 JavaThread "Stdin handler" [_thread_blocked, id=16300, stack(0x000000001b320000,0x000000001b420000)]
  0x0000000018f76000 JavaThread "Asynchronous log dispatcher for DefaultDaemonConnection: socket connection from /127.0.0.1:58435 to /127.0.0.1:58436" [_thread_blocked, id=16212, stack(0x000000001b220000,0x000000001b320000)]
  0x00000000192ec800 JavaThread "Daemon worker" [_thread_blocked, id=11640, stack(0x000000001b120000,0x000000001b220000)]
  0x00000000192ec000 JavaThread "Cancel handler" [_thread_blocked, id=13936, stack(0x000000001b020000,0x000000001b120000)]
  0x000000001940e000 JavaThread "Handler for socket connection from /127.0.0.1:58435 to /127.0.0.1:58436" [_thread_in_native, id=10248, stack(0x000000001ad20000,0x000000001ae20000)]
  0x00000000191d6800 JavaThread "Daemon" [_thread_blocked, id=16044, stack(0x000000001ac20000,0x000000001ad20000)]
  0x0000000019274800 JavaThread "Daemon periodic checks" [_thread_blocked, id=14096, stack(0x000000001ab20000,0x000000001ac20000)]
  0x00000000191c0000 JavaThread "Incoming local TCP Connector on port 58435" [_thread_in_native, id=17172, stack(0x000000001a9a0000,0x000000001aaa0000)]
  0x0000000018d34800 JavaThread "Daemon health stats" [_thread_blocked, id=1592, stack(0x000000001a680000,0x000000001a780000)]
  0x0000000017474800 JavaThread "Service Thread" daemon [_thread_blocked, id=16808, stack(0x0000000017ce0000,0x0000000017de0000)]
  0x00000000173f7000 JavaThread "C1 CompilerThread2" daemon [_thread_blocked, id=13776, stack(0x0000000017be0000,0x0000000017ce0000)]
  0x000000001604b800 JavaThread "C2 CompilerThread1" daemon [_thread_in_native, id=7420, stack(0x0000000017ae0000,0x0000000017be0000)]
  0x0000000015ffb800 JavaThread "C2 CompilerThread0" daemon [_thread_blocked, id=8768, stack(0x00000000179e0000,0x0000000017ae0000)]
  0x0000000016048800 JavaThread "Attach Listener" daemon [_thread_blocked, id=16776, stack(0x00000000178e0000,0x00000000179e0000)]
  0x00000000173e8800 JavaThread "Signal Dispatcher" daemon [_thread_blocked, id=16376, stack(0x00000000177e0000,0x00000000178e0000)]
  0x000000000267b800 JavaThread "Finalizer" daemon [_thread_blocked, id=11288, stack(0x0000000017260000,0x0000000017360000)]
  0x0000000002671800 JavaThread "Reference Handler" daemon [_thread_blocked, id=9580, stack(0x0000000017160000,0x0000000017260000)]
  0x000000000257d800 JavaThread "main" [_thread_blocked, id=16972, stack(0x0000000002440000,0x0000000002540000)]

Other Threads:
  0x0000000015fb6000 VMThread [stack: 0x0000000017060000,0x0000000017160000] [id=16984]
  0x0000000017475000 WatcherThread [stack: 0x0000000017de0000,0x0000000017ee0000] [id=11576]

=>0x000000000259a000 (exited) GCTaskThread [stack: 0x0000000012150000,0x0000000012250000] [id=13556]

VM state:at safepoint (normal execution)

VM Mutex/Monitor currently owned by a thread:  ([mutex/lock_event])
[0x000000000257c5b0] Threads_lock - owner thread: 0x0000000015fb6000
[0x000000000257d230] Heap_lock - owner thread: 0x00000000192ec800

heap address: 0x00000000a0000000, size: 1536 MB, Compressed Oops mode: 32-bit
Narrow klass base: 0x0000000000000000, Narrow klass shift: 3
Compressed class space size: 1073741824 Address: 0x0000000100000000

Heap:
 PSYoungGen      total 85504K, used 7798K [0x00000000e0000000, 0x00000000e7980000, 0x0000000100000000)
  eden space 73216K, 0% used [0x00000000e0000000,0x00000000e0000000,0x00000000e4780000)
  from space 12288K, 63% used [0x00000000e4780000,0x00000000e4f1da50,0x00000000e5380000)
  to   space 11776K, 0% used [0x00000000e6e00000,0x00000000e6e00000,0x00000000e7980000)
 ParOldGen       total 82944K, used 9708K [0x00000000a0000000, 0x00000000a5100000, 0x00000000e0000000)
  object space 82944K, 11% used [0x00000000a0000000,0x00000000a097b3f8,0x00000000a5100000)
 Metaspace       used 34732K, capacity 35442K, committed 35496K, reserved 1079296K
  class space    used 4574K, capacity 4760K, committed 4776K, reserved 1048576K

Card table byte_map: [0x0000000011a40000,0x0000000011d50000] byte_map_base: 0x0000000011540000

Marking Bits: (ParMarkBitMap*) 0x0000000073c09f30
 Begin Bits: [0x0000000012350000, 0x0000000013b50000)
 End Bits:   [0x0000000013b50000, 0x0000000015350000)

Polling page: 0x00000000008d0000

CodeCache: size=245760Kb used=10853Kb max_used=10853Kb free=234906Kb
 bounds [0x0000000002680000, 0x0000000003130000, 0x0000000011680000]
 total_blobs=3584 nmethods=2869 adapters=627
 compilation: enabled

Compilation events (10 events):
Event: 9.961 Thread 0x00000000173f7000 3140       3       com.google.common.collect.MapMakerInternalMap$Segment::getLiveEntry (7 bytes)
Event: 9.961 Thread 0x00000000173f7000 nmethod 3140 0x000000000311b090 code [0x000000000311b200, 0x000000000311b408]
Event: 9.961 Thread 0x00000000173f7000 3141       3       com.google.common.collect.MapMakerInternalMap$Segment::postReadCleanup (18 bytes)
Event: 9.962 Thread 0x00000000173f7000 nmethod 3141 0x000000000311a9d0 code [0x000000000311ab40, 0x000000000311af48]
Event: 9.980 Thread 0x00000000173f7000 3142       3       java.util.WeakHashMap::put (162 bytes)
Event: 9.981 Thread 0x00000000173f7000 nmethod 3142 0x000000000311f590 code [0x000000000311f7c0, 0x0000000003120658]
Event: 9.981 Thread 0x00000000173f7000 3143       3       java.lang.ClassValue$ClassValueMap::checkCacheLoad (16 bytes)
Event: 9.981 Thread 0x00000000173f7000 nmethod 3143 0x000000000311a610 code [0x000000000311a780, 0x000000000311a948]
Event: 9.981 Thread 0x00000000173f7000 3144       3       java.lang.ClassValue$ClassValueMap::addToCache (92 bytes)
Event: 9.982 Thread 0x00000000173f7000 nmethod 3144 0x0000000003120d10 code [0x0000000003120fa0, 0x00000000031226d0]

GC Heap History (10 events):
Event: 6.421 GC heap after
Heap after GC invocations=6 (full 1):
 PSYoungGen      total 56320K, used 0K [0x00000000e0000000, 0x00000000e4700000, 0x0000000100000000)
  eden space 48128K, 0% used [0x00000000e0000000,0x00000000e0000000,0x00000000e2f00000)
  from space 8192K, 0% used [0x00000000e3000000,0x00000000e3000000,0x00000000e3800000)
  to   space 12288K, 0% used [0x00000000e3b00000,0x00000000e3b00000,0x00000000e4700000)
 ParOldGen       total 82944K, used 9676K [0x00000000a0000000, 0x00000000a5100000, 0x00000000e0000000)
  object space 82944K, 11% used [0x00000000a0000000,0x00000000a09733f8,0x00000000a5100000)
 Metaspace       used 20665K, capacity 21158K, committed 21296K, reserved 1067008K
  class space    used 2952K, capacity 3126K, committed 3200K, reserved 1048576K
}
Event: 7.343 GC heap before
{Heap before GC invocations=7 (full 1):
 PSYoungGen      total 56320K, used 48128K [0x00000000e0000000, 0x00000000e4700000, 0x0000000100000000)
  eden space 48128K, 100% used [0x00000000e0000000,0x00000000e2f00000,0x00000000e2f00000)
  from space 8192K, 0% used [0x00000000e3000000,0x00000000e3000000,0x00000000e3800000)
  to   space 12288K, 0% used [0x00000000e3b00000,0x00000000e3b00000,0x00000000e4700000)
 ParOldGen       total 82944K, used 9676K [0x00000000a0000000, 0x00000000a5100000, 0x00000000e0000000)
  object space 82944K, 11% used [0x00000000a0000000,0x00000000a09733f8,0x00000000a5100000)
 Metaspace       used 26478K, capacity 26978K, committed 27136K, reserved 1073152K
  class space    used 3570K, capacity 3742K, committed 3840K, reserved 1048576K
Event: 7.348 GC heap after
Heap after GC invocations=7 (full 1):
 PSYoungGen      total 60416K, used 5035K [0x00000000e0000000, 0x00000000e6080000, 0x0000000100000000)
  eden space 48128K, 0% used [0x00000000e0000000,0x00000000e0000000,0x00000000e2f00000)
  from space 12288K, 40% used [0x00000000e3b00000,0x00000000e3feaf60,0x00000000e4700000)
  to   space 12288K, 0% used [0x00000000e2f00000,0x00000000e2f00000,0x00000000e3b00000)
 ParOldGen       total 82944K, used 9684K [0x00000000a0000000, 0x00000000a5100000, 0x00000000e0000000)
  object space 82944K, 11% used [0x00000000a0000000,0x00000000a09753f8,0x00000000a5100000)
 Metaspace       used 26478K, capacity 26978K, committed 27136K, reserved 1073152K
  class space    used 3570K, capacity 3742K, committed 3840K, reserved 1048576K
}
Event: 8.154 GC heap before
{Heap before GC invocations=8 (full 1):
 PSYoungGen      total 60416K, used 53163K [0x00000000e0000000, 0x00000000e6080000, 0x0000000100000000)
  eden space 48128K, 100% used [0x00000000e0000000,0x00000000e2f00000,0x00000000e2f00000)
  from space 12288K, 40% used [0x00000000e3b00000,0x00000000e3feaf60,0x00000000e4700000)
  to   space 12288K, 0% used [0x00000000e2f00000,0x00000000e2f00000,0x00000000e3b00000)
 ParOldGen       total 82944K, used 9684K [0x00000000a0000000, 0x00000000a5100000, 0x00000000e0000000)
  object space 82944K, 11% used [0x00000000a0000000,0x00000000a09753f8,0x00000000a5100000)
 Metaspace       used 29202K, capacity 29812K, committed 30080K, reserved 1075200K
  class space    used 4027K, capacity 4193K, committed 4224K, reserved 1048576K
Event: 8.159 GC heap after
Heap after GC invocations=8 (full 1):
 PSYoungGen      total 60416K, used 6118K [0x00000000e0000000, 0x00000000e5f80000, 0x0000000100000000)
  eden space 48128K, 0% used [0x00000000e0000000,0x00000000e0000000,0x00000000e2f00000)
  from space 12288K, 49% used [0x00000000e2f00000,0x00000000e34f99f0,0x00000000e3b00000)
  to   space 12288K, 0% used [0x00000000e5380000,0x00000000e5380000,0x00000000e5f80000)
 ParOldGen       total 82944K, used 9692K [0x00000000a0000000, 0x00000000a5100000, 0x00000000e0000000)
  object space 82944K, 11% used [0x00000000a0000000,0x00000000a09773f8,0x00000000a5100000)
 Metaspace       used 29202K, capacity 29812K, committed 30080K, reserved 1075200K
  class space    used 4027K, capacity 4193K, committed 4224K, reserved 1048576K
}
Event: 9.323 GC heap before
{Heap before GC invocations=9 (full 1):
 PSYoungGen      total 60416K, used 54246K [0x00000000e0000000, 0x00000000e5f80000, 0x0000000100000000)
  eden space 48128K, 100% used [0x00000000e0000000,0x00000000e2f00000,0x00000000e2f00000)
  from space 12288K, 49% used [0x00000000e2f00000,0x00000000e34f99f0,0x00000000e3b00000)
  to   space 12288K, 0% used [0x00000000e5380000,0x00000000e5380000,0x00000000e5f80000)
 ParOldGen       total 82944K, used 9692K [0x00000000a0000000, 0x00000000a5100000, 0x00000000e0000000)
  object space 82944K, 11% used [0x00000000a0000000,0x00000000a09773f8,0x00000000a5100000)
 Metaspace       used 33019K, capacity 33564K, committed 33792K, reserved 1079296K
  class space    used 4450K, capacity 4606K, committed 4608K, reserved 1048576K
Event: 9.335 GC heap after
Heap after GC invocations=9 (full 1):
 PSYoungGen      total 85504K, used 8538K [0x00000000e0000000, 0x00000000e6080000, 0x0000000100000000)
  eden space 73216K, 0% used [0x00000000e0000000,0x00000000e0000000,0x00000000e4780000)
  from space 12288K, 69% used [0x00000000e5380000,0x00000000e5bd68b0,0x00000000e5f80000)
  to   space 12288K, 0% used [0x00000000e4780000,0x00000000e4780000,0x00000000e5380000)
 ParOldGen       total 82944K, used 9700K [0x00000000a0000000, 0x00000000a5100000, 0x00000000e0000000)
  object space 82944K, 11% used [0x00000000a0000000,0x00000000a09793f8,0x00000000a5100000)
 Metaspace       used 33019K, capacity 33564K, committed 33792K, reserved 1079296K
  class space    used 4450K, capacity 4606K, committed 4608K, reserved 1048576K
}
Event: 9.986 GC heap before
{Heap before GC invocations=10 (full 1):
 PSYoungGen      total 85504K, used 38516K [0x00000000e0000000, 0x00000000e6080000, 0x0000000100000000)
  eden space 73216K, 40% used [0x00000000e0000000,0x00000000e1d46910,0x00000000e4780000)
  from space 12288K, 69% used [0x00000000e5380000,0x00000000e5bd68b0,0x00000000e5f80000)
  to   space 12288K, 0% used [0x00000000e4780000,0x00000000e4780000,0x00000000e5380000)
 ParOldGen       total 82944K, used 9700K [0x00000000a0000000, 0x00000000a5100000, 0x00000000e0000000)
  object space 82944K, 11% used [0x00000000a0000000,0x00000000a09793f8,0x00000000a5100000)
 Metaspace       used 34732K, capacity 35442K, committed 35496K, reserved 1079296K
  class space    used 4574K, capacity 4760K, committed 4776K, reserved 1048576K
Event: 10.000 GC heap after
Heap after GC invocations=10 (full 1):
 PSYoungGen      total 85504K, used 7798K [0x00000000e0000000, 0x00000000e7980000, 0x0000000100000000)
  eden space 73216K, 0% used [0x00000000e0000000,0x00000000e0000000,0x00000000e4780000)
  from space 12288K, 63% used [0x00000000e4780000,0x00000000e4f1da50,0x00000000e5380000)
  to   space 11776K, 0% used [0x00000000e6e00000,0x00000000e6e00000,0x00000000e7980000)
 ParOldGen       total 82944K, used 9708K [0x00000000a0000000, 0x00000000a5100000, 0x00000000e0000000)
  object space 82944K, 11% used [0x00000000a0000000,0x00000000a097b3f8,0x00000000a5100000)
 Metaspace       used 34732K, capacity 35442K, committed 35496K, reserved 1079296K
  class space    used 4574K, capacity 4760K, committed 4776K, reserved 1048576K
}
Event: 10.000 GC heap before
{Heap before GC invocations=11 (full 2):
 PSYoungGen      total 85504K, used 7798K [0x00000000e0000000, 0x00000000e7980000, 0x0000000100000000)
  eden space 73216K, 0% used [0x00000000e0000000,0x00000000e0000000,0x00000000e4780000)
  from space 12288K, 63% used [0x00000000e4780000,0x00000000e4f1da50,0x00000000e5380000)
  to   space 11776K, 0% used [0x00000000e6e00000,0x00000000e6e00000,0x00000000e7980000)
 ParOldGen       total 82944K, used 9708K [0x00000000a0000000, 0x00000000a5100000, 0x00000000e0000000)
  object space 82944K, 11% used [0x00000000a0000000,0x00000000a097b3f8,0x00000000a5100000)
 Metaspace       used 34732K, capacity 35442K, committed 35496K, reserved 1079296K
  class space    used 4574K, capacity 4760K, committed 4776K, reserved 1048576K

Deoptimization events (10 events):
Event: 8.957 Thread 0x00000000192ec800 Uncommon trap: reason=predicate action=maybe_recompile pc=0x0000000003014c34 method=groovyjarjarantlr.InputBuffer.syncConsume()V @ 7
Event: 9.013 Thread 0x00000000192ec800 Uncommon trap: reason=unstable_if action=reinterpret pc=0x0000000002d13138 method=java.io.BufferedInputStream.read([BII)I @ 56
Event: 9.203 Thread 0x00000000192ec800 Uncommon trap: reason=unstable_if action=reinterpret pc=0x00000000027a9f70 method=java.io.WinNTFileSystem.prefixLength(Ljava/lang/String;)I @ 42
Event: 9.370 Thread 0x00000000192ec800 Uncommon trap: reason=unstable_if action=reinterpret pc=0x0000000003032340 method=groovyjarjarantlr.CharQueue.append(C)V @ 9
Event: 9.377 Thread 0x00000000192ec800 Uncommon trap: reason=unstable_if action=reinterpret pc=0x000000000302d9ac method=java.io.StringReader.read()I @ 19
Event: 9.675 Thread 0x00000000192ec800 Uncommon trap: reason=unstable_if action=reinterpret pc=0x0000000002f1e608 method=org.objectweb.asm.ByteVector.putShort(I)Lorg/objectweb/asm/ByteVector; @ 13
Event: 9.724 Thread 0x00000000192ec800 Uncommon trap: reason=unstable_if action=reinterpret pc=0x0000000002da3edc method=java.lang.ClassValue.match(Ljava/lang/ClassValue$Entry;)Z @ 12
Event: 9.726 Thread 0x00000000192ec800 Uncommon trap: reason=unstable_if action=reinterpret pc=0x0000000002ff8bd4 method=java.lang.ClassValue.match(Ljava/lang/ClassValue$Entry;)Z @ 12
Event: 9.765 Thread 0x00000000192ec800 Uncommon trap: reason=unstable_if action=reinterpret pc=0x0000000002eefe08 method=java.util.WeakHashMap.put(Ljava/lang/Object;Ljava/lang/Object;)Ljava/lang/Object; @ 72
Event: 9.941 Thread 0x00000000192ec800 Uncommon trap: reason=predicate action=maybe_recompile pc=0x00000000029ff690 method=java.util.Arrays.binarySearch0([Ljava/lang/Object;IILjava/lang/Object;Ljava/util/Comparator;)I @ 28

Classes redefined (0 events):
No events

Internal exceptions (10 events):
Event: 9.932 Thread 0x00000000192ec800 Exception <a 'java/lang/ClassNotFoundException': org/gradle/util/GradleVersionBeanInfo> (0x00000000e1992800) thrown at [D:\src\AOSP-openjdk-cygwin\jdk8u\hotspot\src\share\vm\classfile\systemDictionary.cpp, line 210]
Event: 9.933 Thread 0x00000000192ec800 Exception <a 'java/lang/ClassNotFoundException': org/gradle/util/GradleVersionCustomizer> (0x00000000e19c2b60) thrown at [D:\src\AOSP-openjdk-cygwin\jdk8u\hotspot\src\share\vm\classfile\systemDictionary.cpp, line 210]
Event: 9.943 Thread 0x00000000192ec800 Exception <a 'java/lang/ClassNotFoundException': org/jetbrains/plugins/gradle/tooling/builder/WarModelBuilderImplBeanInfo> (0x00000000e1a342d0) thrown at [D:\src\AOSP-openjdk-cygwin\jdk8u\hotspot\src\share\vm\classfile\systemDictionary.cpp, line 210]
Event: 9.945 Thread 0x00000000192ec800 Exception <a 'java/lang/ClassNotFoundException': org/jetbrains/plugins/gradle/tooling/builder/WarModelBuilderImplCustomizer> (0x00000000e1a45710) thrown at [D:\src\AOSP-openjdk-cygwin\jdk8u\hotspot\src\share\vm\classfile\systemDictionary.cpp, line 210]
Event: 9.957 Thread 0x00000000192ec800 Exception <a 'java/lang/ClassNotFoundException': org/jetbrains/plugins/gradle/tooling/builder/EarModelBuilderImplBeanInfo> (0x00000000e1af2c60) thrown at [D:\src\AOSP-openjdk-cygwin\jdk8u\hotspot\src\share\vm\classfile\systemDictionary.cpp, line 210]
Event: 9.959 Thread 0x00000000192ec800 Exception <a 'java/lang/ClassNotFoundException': org/jetbrains/plugins/gradle/tooling/AbstractModelBuilderServiceBeanInfo> (0x00000000e1b04498) thrown at [D:\src\AOSP-openjdk-cygwin\jdk8u\hotspot\src\share\vm\classfile\systemDictionary.cpp, line 210]
Event: 9.959 Thread 0x00000000192ec800 Exception <a 'java/lang/ClassNotFoundException': org/jetbrains/plugins/gradle/tooling/AbstractModelBuilderServiceCustomizer> (0x00000000e1b15ab0) thrown at [D:\src\AOSP-openjdk-cygwin\jdk8u\hotspot\src\share\vm\classfile\systemDictionary.cpp, line 210]
Event: 9.962 Thread 0x00000000192ec800 Exception <a 'java/lang/ClassNotFoundException': org/jetbrains/plugins/gradle/tooling/builder/EarModelBuilderImplCustomizer> (0x00000000e1b2a0d8) thrown at [D:\src\AOSP-openjdk-cygwin\jdk8u\hotspot\src\share\vm\classfile\systemDictionary.cpp, line 210]
Event: 9.983 Thread 0x00000000192ec800 Exception <a 'java/lang/ClassNotFoundException': org/jetbrains/plugins/gradle/tooling/builder/ScalaModelBuilderImplBeanInfo> (0x00000000e1c71098) thrown at [D:\src\AOSP-openjdk-cygwin\jdk8u\hotspot\src\share\vm\classfile\systemDictionary.cpp, line 210]
Event: 9.984 Thread 0x00000000192ec800 Exception <a 'java/lang/ClassNotFoundException': org/jetbrains/plugins/gradle/tooling/builder/ScalaModelBuilderImplCustomizer> (0x00000000e1c82940) thrown at [D:\src\AOSP-openjdk-cygwin\jdk8u\hotspot\src\share\vm\classfile\systemDictionary.cpp, line 210]

Events (10 events):
Event: 9.982 loading class org/jetbrains/plugins/gradle/tooling/builder/ScalaModelBuilderImplBeanInfo done
Event: 9.983 loading class org/jetbrains/plugins/gradle/tooling/builder/ScalaModelBuilderImplBeanInfo
Event: 9.983 loading class org/jetbrains/plugins/gradle/tooling/builder/ScalaModelBuilderImplBeanInfo done
Event: 9.983 loading class org/jetbrains/plugins/gradle/tooling/builder/ScalaModelBuilderImplCustomizer
Event: 9.983 loading class org/jetbrains/plugins/gradle/tooling/builder/ScalaModelBuilderImplCustomizer done
Event: 9.984 loading class org/jetbrains/plugins/gradle/tooling/builder/ScalaModelBuilderImplCustomizer
Event: 9.984 loading class org/jetbrains/plugins/gradle/tooling/builder/ScalaModelBuilderImplCustomizer done
Event: 9.984 loading class org/jetbrains/plugins/gradle/tooling/builder/ExternalProjectBuilderImpl
Event: 9.984 loading class org/jetbrains/plugins/gradle/tooling/builder/ExternalProjectBuilderImpl done
Event: 9.986 Executing VM operation: CollectForMetadataAllocation


Dynamic libraries:
0x00007ff6d72d0000 - 0x00007ff6d7301000 	C:\Program Files\Android\Android Studio\jre\bin\java.exe
0x00007ff967e00000 - 0x00007ff967fad000 	C:\Windows\SYSTEM32\ntdll.dll
0x00007ff9654a0000 - 0x00007ff9655df000 	C:\Windows\system32\KERNEL32.DLL
0x00007ff965370000 - 0x00007ff965485000 	C:\Windows\system32\KERNELBASE.dll
0x00007ff967b30000 - 0x00007ff967bda000 	C:\Windows\system32\ADVAPI32.dll
0x00007ff967250000 - 0x00007ff9673c7000 	C:\Windows\system32\USER32.dll
0x00007ff964a60000 - 0x00007ff964cdb000 	C:\Windows\WinSxS\amd64_microsoft.windows.common-controls_6595b64144ccf1df_6.0.9600.19394_none_62486577ecb635cf\COMCTL32.dll
0x00007ff965980000 - 0x00007ff965a2a000 	C:\Windows\system32\msvcrt.dll
0x00007ff967570000 - 0x00007ff9675c9000 	C:\Windows\SYSTEM32\sechost.dll
0x00007ff9673d0000 - 0x00007ff967510000 	C:\Windows\system32\RPCRT4.dll
0x00007ff965bd0000 - 0x00007ff965d1c000 	C:\Windows\system32\GDI32.dll
0x00007ff965240000 - 0x00007ff96526e000 	C:\Windows\system32\SspiCli.dll
0x00007ff9679b0000 - 0x00007ff9679e6000 	C:\Windows\system32\IMM32.DLL
0x00007ff967ca0000 - 0x00007ff967df2000 	C:\Windows\system32\MSCTF.dll
0x0000000073360000 - 0x0000000073432000 	C:\Program Files\Android\Android Studio\jre\jre\bin\msvcr100.dll
0x0000000073440000 - 0x0000000073c86000 	C:\Program Files\Android\Android Studio\jre\jre\bin\server\jvm.dll
0x00007ff95d3f0000 - 0x00007ff95d3f9000 	C:\Windows\SYSTEM32\WSOCK32.dll
0x00007ff95dfa0000 - 0x00007ff95dfc2000 	C:\Windows\SYSTEM32\WINMM.dll
0x00007ff963730000 - 0x00007ff96373a000 	C:\Windows\SYSTEM32\VERSION.dll
0x00007ff9676a0000 - 0x00007ff9676a7000 	C:\Windows\system32\PSAPI.DLL
0x00007ff9676b0000 - 0x00007ff96770a000 	C:\Windows\system32\WS2_32.dll
0x00007ff95ddc0000 - 0x00007ff95ddea000 	C:\Windows\SYSTEM32\WINMMBASE.dll
0x00007ff967790000 - 0x00007ff967799000 	C:\Windows\system32\NSI.dll
0x00007ff965270000 - 0x00007ff9652bf000 	C:\Windows\SYSTEM32\cfgmgr32.dll
0x00007ff963280000 - 0x00007ff9632a8000 	C:\Windows\SYSTEM32\DEVOBJ.dll
0x00007ff960b40000 - 0x00007ff960b4f000 	C:\Program Files\Android\Android Studio\jre\jre\bin\verify.dll
0x00007ff95c490000 - 0x00007ff95c4b9000 	C:\Program Files\Android\Android Studio\jre\jre\bin\java.dll
0x00007ff958370000 - 0x00007ff958386000 	C:\Program Files\Android\Android Studio\jre\jre\bin\zip.dll
0x00007ff965d20000 - 0x00007ff96724b000 	C:\Windows\system32\SHELL32.dll
0x00007ff9677a0000 - 0x00007ff9679b0000 	C:\Windows\SYSTEM32\combase.dll
0x00007ff967730000 - 0x00007ff967784000 	C:\Windows\system32\SHLWAPI.dll
0x00007ff964630000 - 0x00007ff9646e2000 	C:\Windows\SYSTEM32\SHCORE.dll
0x00007ff964f30000 - 0x00007ff964f45000 	C:\Windows\SYSTEM32\profapi.dll
0x00007ff958350000 - 0x00007ff95836a000 	C:\Program Files\Android\Android Studio\jre\jre\bin\net.dll
0x00007ff958450000 - 0x00007ff9585da000 	C:\Windows\SYSTEM32\urlmon.dll
0x00007ff965a30000 - 0x00007ff965bc4000 	C:\Windows\system32\ole32.dll
0x00007ff959b50000 - 0x00007ff959e1c000 	C:\Windows\SYSTEM32\iertutil.dll
0x00007ff95a200000 - 0x00007ff95a6ac000 	C:\Windows\SYSTEM32\WININET.dll
0x00007ff964110000 - 0x00007ff964131000 	C:\Windows\SYSTEM32\USERENV.dll
0x00007ff9643d0000 - 0x00007ff964429000 	C:\Windows\system32\mswsock.dll
0x00007ff958300000 - 0x00007ff958313000 	C:\Program Files\Android\Android Studio\jre\jre\bin\nio.dll
0x00007ff958040000 - 0x00007ff958066000 	C:\Users\gksrlgud\.gradle\native\29\windows-amd64\native-platform.dll
0x00007ff958340000 - 0x00007ff95834d000 	C:\Program Files\Android\Android Studio\jre\jre\bin\management.dll
0x00007ff964430000 - 0x00007ff964450000 	C:\Windows\SYSTEM32\CRYPTSP.dll
0x00007ff964000000 - 0x00007ff964036000 	C:\Windows\system32\rsaenh.dll
0x00007ff964760000 - 0x00007ff964786000 	C:\Windows\SYSTEM32\bcrypt.dll
0x00007ff964e00000 - 0x00007ff964e63000 	C:\Windows\system32\bcryptprimitives.dll
0x00007ff964e70000 - 0x00007ff964e7b000 	C:\Windows\SYSTEM32\CRYPTBASE.dll
0x00007ff964d10000 - 0x00007ff964d3a000 	C:\Windows\SYSTEM32\IPHLPAPI.DLL
0x00007ff964cf0000 - 0x00007ff964cfa000 	C:\Windows\SYSTEM32\WINNSI.DLL
0x00007ff963770000 - 0x00007ff963786000 	C:\Windows\SYSTEM32\dhcpcsvc6.DLL
0x00007ff963b50000 - 0x00007ff963b6a000 	C:\Windows\SYSTEM32\dhcpcsvc.DLL
0x00007ff95c1d0000 - 0x00007ff95c359000 	C:\Windows\SYSTEM32\dbghelp.dll

VM Arguments:
jvm_args: -Xmx1536m -Dfile.encoding=x-windows-949 -Duser.country=KR -Duser.language=ko -Duser.variant 
java_command: org.gradle.launcher.daemon.bootstrap.GradleDaemon 5.4.1
java_class_path (initial): C:\Users\gksrlgud\.gradle\wrapper\dists\gradle-5.4.1-all\3221gyojl5jsh0helicew7rwx\gradle-5.4.1\lib\gradle-launcher-5.4.1.jar
Launcher Type: SUN_STANDARD

Environment Variables:
PATH=C:\Windows\system32;C:\Windows;C:\Windows\System32\Wbem;C:\Windows\System32\WindowsPowerShell\v1.0\;C:\Program Files\Git\cmd;C:\Program Files\PuTTY\
USERNAME=gksrlgud
OS=Windows_NT
PROCESSOR_IDENTIFIER=Intel64 Family 6 Model 94 Stepping 3, GenuineIntel



---------------  S Y S T E M  ---------------

OS: Windows 8.1 , 64 bit Build 9600 (6.3.9600.19538)

CPU:total 4 (initial active 4) (4 cores per cpu, 1 threads per core) family 6 model 94 stepping 3, cmov, cx8, fxsr, mmx, sse, sse2, sse3, ssse3, sse4.1, sse4.2, popcnt, avx, avx2, aes, clmul, erms, rtm, 3dnowpref, lzcnt, tsc, tscinvbit, bmi1, bmi2, adx

Memory: 4k page, physical 12492648k(4523736k free), swap 25075572k(12815472k free)

vm_info: OpenJDK 64-Bit Server VM (25.212-b04) for windows-amd64 JRE (1.8.0_212-release-1586-b04), built by "builder" with MS VC++ 10.0 (VS2010)

time: Fri May 08 15:25:30 2020
timezone: 대한민국 표준시
elapsed time: 10 seconds (0d 0h 0m 10s)

