#
# There is insufficient memory for the Java Runtime Environment to continue.
# Native memory allocation (malloc) failed to allocate 32744 bytes for ChunkPool::allocate
# Possible reasons:
#   The system is out of physical RAM or swap space
#   The process is running with CompressedOops enabled, and the Java Heap may be blocking the growth of the native heap
# Possible solutions:
#   Reduce memory load on the system
#   Increase physical memory or swap space
#   Check if swap backing store is full
#   Decrease Java heap size (-Xmx/-Xms)
#   Decrease number of Java threads
#   Decrease Java thread stack sizes (-Xss)
#   Set larger code cache with -XX:ReservedCodeCacheSize=
#   JVM is running with Unscaled Compressed Oops mode in which the Java heap is
#     placed in the first 4GB address space. The Java Heap base address is the
#     maximum limit for the native heap growth. Please use -XX:HeapBaseMinAddress
#     to set the Java Heap base and to place the Java Heap above 4GB virtual address.
# This output file may be truncated or incomplete.
#
#  Out of Memory Error (allocation.cpp:272), pid=16064, tid=0x00000000000045a4
#
# JRE version: OpenJDK Runtime Environment (8.0_202-b03) (build 1.8.0_202-release-1483-b03)
# Java VM: OpenJDK 64-Bit Server VM (25.202-b03 mixed mode windows-amd64 compressed oops)
# Failed to write core dump. Minidumps are not enabled by default on client versions of Windows
#

---------------  T H R E A D  ---------------

Current thread (0x0000000017963800):  JavaThread "C2 CompilerThread1" daemon [_thread_in_native, id=17828, stack(0x0000000018240000,0x0000000018340000)]

Stack: [0x0000000018240000,0x0000000018340000]
[error occurred during error reporting (printing stack bounds), id 0xc0000005]

Native frames: (J=compiled Java code, j=interpreted, Vv=VM code, C=native code)


Current CompileTask:
C2:  21608 5842       4       org.gradle.api.internal.cache.StringInterner::intern (20 bytes)


---------------  P R O C E S S  ---------------

Java Threads: ( => current thread )
  0x000000001b09c800 JavaThread "Execution worker for ':' Thread 3" [_thread_blocked, id=1728, stack(0x0000000024510000,0x0000000024610000)]
  0x000000001b09b800 JavaThread "Execution worker for ':' Thread 2" [_thread_in_Java, id=5040, stack(0x0000000024290000,0x0000000024390000)]
  0x000000001b09b000 JavaThread "File lock release action executor Thread 2" [_thread_blocked, id=12764, stack(0x000000001bfe0000,0x000000001c0e0000)]
  0x000000001b09a000 JavaThread "Execution worker for ':'" [_thread_blocked, id=13256, stack(0x00000000240b0000,0x00000000241b0000)]
  0x0000000018a93800 JavaThread "Memory manager" [_thread_blocked, id=1968, stack(0x0000000022740000,0x0000000022840000)]
  0x0000000018a92000 JavaThread "Cache worker for Build Output Cleanup Cache (C:\Users\Administrator\AndroidStudioProjects\TestBoard\.gradle\buildOutputCleanup)" [_thread_blocked, id=16868, stack(0x0000000021a70000,0x0000000021b70000)]
  0x0000000018a91000 JavaThread "pool-1-thread-1" [_thread_blocked, id=16884, stack(0x0000000021c30000,0x0000000021d30000)]
  0x0000000018a8f800 JavaThread "Build operations Thread 4" [_thread_blocked, id=6536, stack(0x0000000020bb0000,0x0000000020cb0000)]
  0x0000000018a8f000 JavaThread "Build operations Thread 3" [_thread_blocked, id=6540, stack(0x0000000020790000,0x0000000020890000)]
  0x0000000018a8e000 JavaThread "Build operations Thread 2" [_thread_blocked, id=16548, stack(0x0000000021260000,0x0000000021360000)]
  0x0000000018a8d800 JavaThread "Build operations" [_thread_blocked, id=7632, stack(0x0000000021080000,0x0000000021180000)]
  0x0000000018a8c000 JavaThread "Cache worker for execution history cache (C:\Users\Administrator\.gradle\caches\5.4.1\executionHistory)" [_thread_blocked, id=13860, stack(0x0000000020cb0000,0x0000000020db0000)]
  0x0000000018a8b000 JavaThread "Cache worker for cache directory md-rule (C:\Users\Administrator\.gradle\caches\5.4.1\md-rule)" [_thread_blocked, id=17580, stack(0x00000000208b0000,0x00000000209b0000)]
  0x0000000018a8a800 JavaThread "Cache worker for cache directory md-supplier (C:\Users\Administrator\.gradle\caches\5.4.1\md-supplier)" [_thread_blocked, id=13136, stack(0x0000000020050000,0x0000000020150000)]
  0x0000000018a86800 JavaThread "File lock release action executor" [_thread_blocked, id=16664, stack(0x000000001ec30000,0x000000001ed30000)]
  0x0000000018a86000 JavaThread "Cache worker for file hash cache (C:\Users\Administrator\AndroidStudioProjects\TestBoard\.gradle\5.4.1\fileHashes)" [_thread_blocked, id=8264, stack(0x000000001c2a0000,0x000000001c3a0000)]
  0x0000000018a85000 JavaThread "Cache worker for journal cache (C:\Users\Administrator\.gradle\caches\journal-1)" [_thread_blocked, id=288, stack(0x000000001c4e0000,0x000000001c5e0000)]
  0x0000000018a84000 JavaThread "File lock request listener" [_thread_in_native, id=16692, stack(0x000000001c3b0000,0x000000001c4b0000)]
  0x0000000017a9a800 JavaThread "Cache worker for file hash cache (C:\Users\Administrator\.gradle\caches\5.4.1\fileHashes)" [_thread_blocked, id=16032, stack(0x000000001c100000,0x000000001c200000)]
  0x0000000019cd4000 JavaThread "Thread-9" [_thread_blocked, id=2136, stack(0x000000001bee0000,0x000000001bfe0000)]
  0x0000000019ccf000 JavaThread "Stdin handler" [_thread_blocked, id=9836, stack(0x000000001bd40000,0x000000001be40000)]
  0x0000000019cca000 JavaThread "Asynchronous log dispatcher for DefaultDaemonConnection: socket connection from /127.0.0.1:61304 to /127.0.0.1:61305" [_thread_blocked, id=10452, stack(0x000000001bba0000,0x000000001bca0000)]
  0x0000000019d1a000 JavaThread "Daemon worker" [_thread_blocked, id=15620, stack(0x0000000017d50000,0x0000000017e50000)]
  0x0000000019cff000 JavaThread "Cancel handler" [_thread_blocked, id=15872, stack(0x0000000018140000,0x0000000018240000)]
  0x0000000019d08800 JavaThread "Handler for socket connection from /127.0.0.1:61304 to /127.0.0.1:61305" [_thread_in_native, id=14228, stack(0x000000001b8a0000,0x000000001b9a0000)]
  0x0000000019d07800 JavaThread "Daemon" [_thread_blocked, id=12776, stack(0x000000001b790000,0x000000001b890000)]
  0x0000000019d04800 JavaThread "Daemon periodic checks" [_thread_blocked, id=7704, stack(0x000000001a4b0000,0x000000001a5b0000)]
  0x0000000019cab000 JavaThread "Incoming local TCP Connector on port 61304" [_thread_in_native, id=16312, stack(0x000000001a5f0000,0x000000001a6f0000)]
  0x0000000019afe000 JavaThread "Daemon health stats" [_thread_blocked, id=10180, stack(0x00000000184a0000,0x00000000185a0000)]
  0x00000000179db800 JavaThread "Service Thread" daemon [_thread_blocked, id=18140, stack(0x00000000185e0000,0x00000000186e0000)]
  0x0000000017969000 JavaThread "C1 CompilerThread2" daemon [_thread_blocked, id=11136, stack(0x0000000018350000,0x0000000018450000)]
=>0x0000000017963800 JavaThread "C2 CompilerThread1" daemon [_thread_in_native, id=17828, stack(0x0000000018240000,0x0000000018340000)]
  0x000000001794b000 JavaThread "C2 CompilerThread0" daemon [_thread_in_native, id=16968, stack(0x00000000176e0000,0x00000000177e0000)]
  0x0000000017948800 JavaThread "Attach Listener" daemon [_thread_blocked, id=10888, stack(0x0000000018040000,0x0000000018140000)]
  0x000000001658c800 JavaThread "Signal Dispatcher" daemon [_thread_blocked, id=14684, stack(0x0000000017e70000,0x0000000017f70000)]
  0x0000000016578800 JavaThread "Finalizer" daemon [_thread_blocked, id=5300, stack(0x0000000017840000,0x0000000017940000)]
  0x0000000016571000 JavaThread "Reference Handler" daemon [_thread_blocked, id=13032, stack(0x0000000017480000,0x0000000017580000)]
  0x000000000244f800 JavaThread "main" [_thread_blocked, id=16500, stack(0x0000000002720000,0x0000000002820000)]

Other Threads:
  0x0000000016529800 VMThread [stack: 0x00000000175c0000,0x00000000176c0000] [id=17920]
  0x00000000179fd800 WatcherThread [stack: 0x00000000187d0000,0x00000000188d0000] [id=11240]

VM state:not at safepoint (normal execution)

VM Mutex/Monitor currently owned by a thread: None

heap address: 0x00000000a0000000, size: 1536 MB, Compressed Oops mode: 32-bit
Narrow klass base: 0x0000000000000000, Narrow klass shift: 3
Compressed class space size: 1073741824 Address: 0x000000013f900000

Heap:
 PSYoungGen      total 204800K, used 13741K [0x00000000e0000000, 0x00000000f2080000, 0x0000000100000000)
  eden space 196608K, 6% used [0x00000000e0000000,0x00000000e0d6b4a0,0x00000000ec000000)
  from space 8192K, 0% used [0x00000000ec000000,0x00000000ec000000,0x00000000ec800000)
  to   space 16384K, 0% used [0x00000000f1080000,0x00000000f1080000,0x00000000f2080000)
 ParOldGen       total 116224K, used 32902K [0x00000000a0000000, 0x00000000a7180000, 0x00000000e0000000)
  object space 116224K, 28% used [0x00000000a0000000,0x00000000a20219f8,0x00000000a7180000)
 Metaspace       used 57177K, capacity 58868K, committed 59224K, reserved 1099776K
  class space    used 7780K, capacity 8203K, committed 8320K, reserved 1048576K

Card table byte_map: [0x0000000011be0000,0x0000000011ef0000] byte_map_base: 0x00000000116e0000

Marking Bits: (ParMarkBitMap*) 0x0000000055579f30
 Begin Bits: [0x00000000128a0000, 0x00000000140a0000)
 End Bits:   [0x00000000140a0000, 0x00000000158a0000)

Polling page: 0x0000000000430000

CodeCache: size=245760Kb used=16509Kb max_used=16717Kb free=229250Kb
 bounds [0x0000000002820000, 0x0000000003890000, 0x0000000011820000]
 total_blobs=5969 nmethods=5180 adapters=700
 compilation: enabled

Compilation events (10 events):
Event: 21.599 Thread 0x0000000017969000 nmethod 5837 0x00000000029cda50 code [0x00000000029cdbc0, 0x00000000029cde88]
Event: 21.599 Thread 0x0000000017969000 5838       3       com.google.common.collect.CompactHashMap$2::<init> (12 bytes)
Event: 21.599 Thread 0x0000000017969000 nmethod 5838 0x00000000029cd610 code [0x00000000029cd780, 0x00000000029cd988]
Event: 21.600 Thread 0x0000000017969000 5839       3       com.google.common.collect.CompactHashMap::firstEntryIndex (13 bytes)
Event: 21.600 Thread 0x0000000017963800 5842       4       org.gradle.api.internal.cache.StringInterner::intern (20 bytes)
Event: 21.600 Thread 0x0000000017969000 nmethod 5839 0x00000000029cd110 code [0x00000000029cd280, 0x00000000029cd570]
Event: 21.600 Thread 0x0000000017969000 5840       3       com.google.common.collect.ImmutableMultimap::<init> (15 bytes)
Event: 21.600 Thread 0x0000000017969000 nmethod 5840 0x00000000029ccbd0 code [0x00000000029ccd40, 0x00000000029ccfd0]
Event: 21.600 Thread 0x0000000017969000 5841       3       com.google.common.collect.BaseImmutableMultimap::<init> (5 bytes)
Event: 21.600 Thread 0x0000000017969000 nmethod 5841 0x00000000029cc750 code [0x00000000029cc8c0, 0x00000000029ccad0]

GC Heap History (10 events):
Event: 14.065 GC heap before
{Heap before GC invocations=6 (full 1):
 PSYoungGen      total 170496K, used 102602K [0x00000000e0000000, 0x00000000ed000000, 0x0000000100000000)
  eden space 162304K, 58% used [0x00000000e0000000,0x00000000e5c34d28,0x00000000e9e80000)
  from space 8192K, 99% used [0x00000000ec800000,0x00000000ecffdad8,0x00000000ed000000)
  to   space 8192K, 0% used [0x00000000ec000000,0x00000000ec000000,0x00000000ec800000)
 ParOldGen       total 83968K, used 15759K [0x00000000a0000000, 0x00000000a5200000, 0x00000000e0000000)
  object space 83968K, 18% used [0x00000000a0000000,0x00000000a0f63e60,0x00000000a5200000)
 Metaspace       used 34473K, capacity 35228K, committed 35416K, reserved 1079296K
  class space    used 4750K, capacity 4969K, committed 4992K, reserved 1048576K
Event: 14.116 GC heap after
Heap after GC invocations=6 (full 1):
 PSYoungGen      total 204800K, used 8187K [0x00000000e0000000, 0x00000000f2080000, 0x0000000100000000)
  eden space 196608K, 0% used [0x00000000e0000000,0x00000000e0000000,0x00000000ec000000)
  from space 8192K, 99% used [0x00000000ec000000,0x00000000ec7fed38,0x00000000ec800000)
  to   space 16384K, 0% used [0x00000000f1080000,0x00000000f1080000,0x00000000f2080000)
 ParOldGen       total 83968K, used 21003K [0x00000000a0000000, 0x00000000a5200000, 0x00000000e0000000)
  object space 83968K, 25% used [0x00000000a0000000,0x00000000a1482cc8,0x00000000a5200000)
 Metaspace       used 34473K, capacity 35228K, committed 35416K, reserved 1079296K
  class space    used 4750K, capacity 4969K, committed 4992K, reserved 1048576K
}
Event: 14.116 GC heap before
{Heap before GC invocations=7 (full 2):
 PSYoungGen      total 204800K, used 8187K [0x00000000e0000000, 0x00000000f2080000, 0x0000000100000000)
  eden space 196608K, 0% used [0x00000000e0000000,0x00000000e0000000,0x00000000ec000000)
  from space 8192K, 99% used [0x00000000ec000000,0x00000000ec7fed38,0x00000000ec800000)
  to   space 16384K, 0% used [0x00000000f1080000,0x00000000f1080000,0x00000000f2080000)
 ParOldGen       total 83968K, used 21003K [0x00000000a0000000, 0x00000000a5200000, 0x00000000e0000000)
  object space 83968K, 25% used [0x00000000a0000000,0x00000000a1482cc8,0x00000000a5200000)
 Metaspace       used 34473K, capacity 35228K, committed 35416K, reserved 1079296K
  class space    used 4750K, capacity 4969K, committed 4992K, reserved 1048576K
Event: 14.310 GC heap after
Heap after GC invocations=7 (full 2):
 PSYoungGen      total 204800K, used 0K [0x00000000e0000000, 0x00000000f2080000, 0x0000000100000000)
  eden space 196608K, 0% used [0x00000000e0000000,0x00000000e0000000,0x00000000ec000000)
  from space 8192K, 0% used [0x00000000ec000000,0x00000000ec000000,0x00000000ec800000)
  to   space 16384K, 0% used [0x00000000f1080000,0x00000000f1080000,0x00000000f2080000)
 ParOldGen       total 116224K, used 20218K [0x00000000a0000000, 0x00000000a7180000, 0x00000000e0000000)
  object space 116224K, 17% used [0x00000000a0000000,0x00000000a13bebd0,0x00000000a7180000)
 Metaspace       used 34473K, capacity 35228K, committed 35416K, reserved 1079296K
  class space    used 4750K, capacity 4969K, committed 4992K, reserved 1048576K
}
Event: 18.309 GC heap before
{Heap before GC invocations=8 (full 2):
 PSYoungGen      total 204800K, used 196608K [0x00000000e0000000, 0x00000000f2080000, 0x0000000100000000)
  eden space 196608K, 100% used [0x00000000e0000000,0x00000000ec000000,0x00000000ec000000)
  from space 8192K, 0% used [0x00000000ec000000,0x00000000ec000000,0x00000000ec800000)
  to   space 16384K, 0% used [0x00000000f1080000,0x00000000f1080000,0x00000000f2080000)
 ParOldGen       total 116224K, used 20218K [0x00000000a0000000, 0x00000000a7180000, 0x00000000e0000000)
  object space 116224K, 17% used [0x00000000a0000000,0x00000000a13bebd0,0x00000000a7180000)
 Metaspace       used 52345K, capacity 53800K, committed 53848K, reserved 1095680K
  class space    used 7105K, capacity 7507K, committed 7552K, reserved 1048576K
Event: 18.347 GC heap after
Heap after GC invocations=8 (full 2):
 PSYoungGen      total 212992K, used 16371K [0x00000000e0000000, 0x00000000f2080000, 0x0000000100000000)
  eden space 196608K, 0% used [0x00000000e0000000,0x00000000e0000000,0x00000000ec000000)
  from space 16384K, 99% used [0x00000000f1080000,0x00000000f207cda8,0x00000000f2080000)
  to   space 8192K, 0% used [0x00000000ec000000,0x00000000ec000000,0x00000000ec800000)
 ParOldGen       total 116224K, used 28123K [0x00000000a0000000, 0x00000000a7180000, 0x00000000e0000000)
  object space 116224K, 24% used [0x00000000a0000000,0x00000000a1b76d38,0x00000000a7180000)
 Metaspace       used 52345K, capacity 53800K, committed 53848K, reserved 1095680K
  class space    used 7105K, capacity 7507K, committed 7552K, reserved 1048576K
}
Event: 20.050 GC heap before
{Heap before GC invocations=9 (full 2):
 PSYoungGen      total 212992K, used 85509K [0x00000000e0000000, 0x00000000f2080000, 0x0000000100000000)
  eden space 196608K, 35% used [0x00000000e0000000,0x00000000e43847c0,0x00000000ec000000)
  from space 16384K, 99% used [0x00000000f1080000,0x00000000f207cda8,0x00000000f2080000)
  to   space 8192K, 0% used [0x00000000ec000000,0x00000000ec000000,0x00000000ec800000)
 ParOldGen       total 116224K, used 28123K [0x00000000a0000000, 0x00000000a7180000, 0x00000000e0000000)
  object space 116224K, 24% used [0x00000000a0000000,0x00000000a1b76d38,0x00000000a7180000)
 Metaspace       used 57161K, capacity 58820K, committed 58968K, reserved 1099776K
  class space    used 7788K, capacity 8217K, committed 8320K, reserved 1048576K
Event: 20.074 GC heap after
Heap after GC invocations=9 (full 2):
 PSYoungGen      total 204800K, used 8177K [0x00000000e0000000, 0x00000000f2080000, 0x0000000100000000)
  eden space 196608K, 0% used [0x00000000e0000000,0x00000000e0000000,0x00000000ec000000)
  from space 8192K, 99% used [0x00000000ec000000,0x00000000ec7fc4d0,0x00000000ec800000)
  to   space 16384K, 0% used [0x00000000f1080000,0x00000000f1080000,0x00000000f2080000)
 ParOldGen       total 116224K, used 37369K [0x00000000a0000000, 0x00000000a7180000, 0x00000000e0000000)
  object space 116224K, 32% used [0x00000000a0000000,0x00000000a247e450,0x00000000a7180000)
 Metaspace       used 57161K, capacity 58820K, committed 58968K, reserved 1099776K
  class space    used 7788K, capacity 8217K, committed 8320K, reserved 1048576K
}
Event: 20.074 GC heap before
{Heap before GC invocations=10 (full 3):
 PSYoungGen      total 204800K, used 8177K [0x00000000e0000000, 0x00000000f2080000, 0x0000000100000000)
  eden space 196608K, 0% used [0x00000000e0000000,0x00000000e0000000,0x00000000ec000000)
  from space 8192K, 99% used [0x00000000ec000000,0x00000000ec7fc4d0,0x00000000ec800000)
  to   space 16384K, 0% used [0x00000000f1080000,0x00000000f1080000,0x00000000f2080000)
 ParOldGen       total 116224K, used 37369K [0x00000000a0000000, 0x00000000a7180000, 0x00000000e0000000)
  object space 116224K, 32% used [0x00000000a0000000,0x00000000a247e450,0x00000000a7180000)
 Metaspace       used 57161K, capacity 58820K, committed 58968K, reserved 1099776K
  class space    used 7788K, capacity 8217K, committed 8320K, reserved 1048576K
Event: 20.383 GC heap after
Heap after GC invocations=10 (full 3):
 PSYoungGen      total 204800K, used 0K [0x00000000e0000000, 0x00000000f2080000, 0x0000000100000000)
  eden space 196608K, 0% used [0x00000000e0000000,0x00000000e0000000,0x00000000ec000000)
  from space 8192K, 0% used [0x00000000ec000000,0x00000000ec000000,0x00000000ec800000)
  to   space 16384K, 0% used [0x00000000f1080000,0x00000000f1080000,0x00000000f2080000)
 ParOldGen       total 116224K, used 32902K [0x00000000a0000000, 0x00000000a7180000, 0x00000000e0000000)
  object space 116224K, 28% used [0x00000000a0000000,0x00000000a20219f8,0x00000000a7180000)
 Metaspace       used 57136K, capacity 58740K, committed 58968K, reserved 1099776K
  class space    used 7780K, capacity 8203K, committed 8320K, reserved 1048576K
}

Deoptimization events (10 events):
Event: 19.367 Thread 0x0000000019d1a000 Uncommon trap: reason=unstable_if action=reinterpret pc=0x0000000002e30c68 method=java.util.regex.Pattern$BmpCharProperty.match(Ljava/util/regex/Matcher;ILjava/lang/CharSequence;)Z @ 34
Event: 19.376 Thread 0x0000000019d1a000 Uncommon trap: reason=unstable_if action=reinterpret pc=0x000000000379afb0 method=com.sun.org.apache.xerces.internal.impl.XMLEntityScanner.scanLiteral(ILcom/sun/org/apache/xerces/internal/xni/XMLString;Z)I @ 660
Event: 19.383 Thread 0x0000000019d1a000 Uncommon trap: reason=unstable_if action=reinterpret pc=0x0000000003798bc0 method=com.sun.org.apache.xerces.internal.util.SymbolTable.addSymbol([CII)Ljava/lang/String; @ 38
Event: 19.457 Thread 0x0000000019d1a000 Uncommon trap: reason=unstable_if action=reinterpret pc=0x00000000033f5618 method=com.google.gson.stream.JsonReader.doPeek()I @ 315
Event: 19.609 Thread 0x0000000018a8c000 Uncommon trap: reason=bimorphic action=maybe_recompile pc=0x00000000034851b0 method=java.util.Arrays.binarySearch0([Ljava/lang/Object;IILjava/lang/Object;Ljava/util/Comparator;)I @ 48
Event: 19.609 Thread 0x0000000018a8c000 Uncommon trap: reason=bimorphic action=maybe_recompile pc=0x00000000034851b0 method=java.util.Arrays.binarySearch0([Ljava/lang/Object;IILjava/lang/Object;Ljava/util/Comparator;)I @ 48
Event: 19.609 Thread 0x0000000018a8c000 Uncommon trap: reason=bimorphic action=maybe_recompile pc=0x00000000034851b0 method=java.util.Arrays.binarySearch0([Ljava/lang/Object;IILjava/lang/Object;Ljava/util/Comparator;)I @ 48
Event: 19.609 Thread 0x0000000018a8c000 Uncommon trap: reason=bimorphic action=maybe_recompile pc=0x00000000034851b0 method=java.util.Arrays.binarySearch0([Ljava/lang/Object;IILjava/lang/Object;Ljava/util/Comparator;)I @ 48
Event: 19.749 Thread 0x0000000018a8c000 Uncommon trap: reason=unstable_if action=reinterpret pc=0x00000000029d7188 method=com.esotericsoftware.kryo.io.Input.readUtf8(I)V @ 79
Event: 19.763 Thread 0x0000000018a8c000 Uncommon trap: reason=unstable_if action=reinterpret pc=0x0000000003151d60 method=com.esotericsoftware.kryo.io.Input.readUtf8(I)V @ 79

Classes redefined (0 events):
No events

Internal exceptions (10 events):
Event: 16.693 Thread 0x0000000019d1a000 Exception <a 'java/lang/NoSuchMethodError': java.lang.Object.lambda$thenComparing$36697e65$1(Ljava/util/Comparator;Ljava/lang/Object;Ljava/lang/Object;)I> (0x00000000e7f16f80) thrown at [D:\src\AOSP-openjdk-cygwin\jdk8u\hotspot\src\share\vm\interpreter\li
Event: 16.694 Thread 0x0000000019d1a000 Exception <a 'java/lang/NoSuchMethodError': java.lang.Object.lambda$comparing$ea9a8b3a$1(Ljava/util/Comparator;Ljava/util/function/Function;Ljava/lang/Object;Ljava/lang/Object;)I> (0x00000000e7f24968) thrown at [D:\src\AOSP-openjdk-cygwin\jdk8u\hotspot\sr
Event: 17.947 Thread 0x0000000019d1a000 Exception <a 'java/lang/ClassNotFoundException': com/android/build/gradle/internal/api/ApkVariantOutputImpl_DecoratedBeanInfo> (0x00000000eb554e70) thrown at [D:\src\AOSP-openjdk-cygwin\jdk8u\hotspot\src\share\vm\classfile\systemDictionary.cpp, line 210]
Event: 17.947 Thread 0x0000000019d1a000 Exception <a 'java/lang/ClassNotFoundException': com/android/build/gradle/internal/api/ApkVariantOutputImplBeanInfo> (0x00000000eb56f538) thrown at [D:\src\AOSP-openjdk-cygwin\jdk8u\hotspot\src\share\vm\classfile\systemDictionary.cpp, line 210]
Event: 17.947 Thread 0x0000000019d1a000 Exception <a 'java/lang/ClassNotFoundException': com/android/build/gradle/internal/api/BaseVariantOutputImplBeanInfo> (0x00000000eb58abf8) thrown at [D:\src\AOSP-openjdk-cygwin\jdk8u\hotspot\src\share\vm\classfile\systemDictionary.cpp, line 210]
Event: 17.948 Thread 0x0000000019d1a000 Exception <a 'java/lang/ClassNotFoundException': com/android/build/gradle/internal/api/BaseVariantOutputImplCustomizer> (0x00000000eb5a6768) thrown at [D:\src\AOSP-openjdk-cygwin\jdk8u\hotspot\src\share\vm\classfile\systemDictionary.cpp, line 210]
Event: 17.948 Thread 0x0000000019d1a000 Exception <a 'java/lang/ClassNotFoundException': com/android/build/gradle/internal/api/ApkVariantOutputImplCustomizer> (0x00000000eb5dc1b8) thrown at [D:\src\AOSP-openjdk-cygwin\jdk8u\hotspot\src\share\vm\classfile\systemDictionary.cpp, line 210]
Event: 17.949 Thread 0x0000000019d1a000 Exception <a 'java/lang/ClassNotFoundException': com/android/build/gradle/internal/api/ApkVariantOutputImpl_DecoratedCustomizer> (0x00000000eb60cd10) thrown at [D:\src\AOSP-openjdk-cygwin\jdk8u\hotspot\src\share\vm\classfile\systemDictionary.cpp, line 210
Event: 19.016 Thread 0x0000000019d1a000 Exception <a 'java/lang/ClassNotFoundException': com/sun/org/glassfish/hk2/osgiresourcelocator/ServiceLoader> (0x00000000e129e6a8) thrown at [D:\src\AOSP-openjdk-cygwin\jdk8u\hotspot\src\share\vm\classfile\systemDictionary.cpp, line 210]
Event: 19.066 Thread 0x0000000019d1a000 Exception <a 'java/lang/NullPointerException'> (0x00000000e176dec0) thrown at [D:\src\AOSP-openjdk-cygwin\jdk8u\hotspot\src\share\vm\interpreter\linkResolver.cpp, line 1287]

Events (10 events):
Event: 21.104 Executing VM operation: RevokeBias
Event: 21.104 Executing VM operation: RevokeBias done
Event: 21.104 Executing VM operation: RevokeBias
Event: 21.104 Executing VM operation: RevokeBias done
Event: 21.130 Executing VM operation: RevokeBias
Event: 21.131 Executing VM operation: RevokeBias done
Event: 21.133 Executing VM operation: RevokeBias
Event: 21.133 Executing VM operation: RevokeBias done
Event: 21.134 Executing VM operation: RevokeBias
Event: 21.134 Executing VM operation: RevokeBias done


Dynamic libraries:
0x000000013f8c0000 - 0x000000013f8f1000 	C:\Program Files\Android\Android Studio\jre\bin\java.exe
0x0000000077770000 - 0x000000007790f000 	C:\Windows\SYSTEM32\ntdll.dll
0x0000000077650000 - 0x000000007776f000 	C:\Windows\system32\kernel32.dll
0x000007fefd2a0000 - 0x000007fefd30a000 	C:\Windows\system32\KERNELBASE.dll
0x000007feff970000 - 0x000007feffa4b000 	C:\Windows\system32\ADVAPI32.dll
0x000007fefe100000 - 0x000007fefe19f000 	C:\Windows\system32\msvcrt.dll
0x000007fefe880000 - 0x000007fefe89f000 	C:\Windows\SYSTEM32\sechost.dll
0x000007fefe750000 - 0x000007fefe87c000 	C:\Windows\system32\RPCRT4.dll
0x0000000077550000 - 0x000000007764a000 	C:\Windows\system32\USER32.dll
0x000007fefd7f0000 - 0x000007fefd857000 	C:\Windows\system32\GDI32.dll
0x000007feffa50000 - 0x000007feffa5e000 	C:\Windows\system32\LPK.dll
0x000007fefd860000 - 0x000007fefd92b000 	C:\Windows\system32\USP10.dll
0x000007fefb970000 - 0x000007fefbb65000 	C:\Windows\WinSxS\amd64_microsoft.windows.common-controls_6595b64144ccf1df_6.0.7601.24440_none_e36f1bbf30ff0606\COMCTL32.dll
0x000007fefe1c0000 - 0x000007fefe231000 	C:\Windows\system32\SHLWAPI.dll
0x000007fefe8a0000 - 0x000007fefe8ce000 	C:\Windows\system32\IMM32.DLL
0x000007fefe8d0000 - 0x000007fefe9d9000 	C:\Windows\system32\MSCTF.dll
0x000007fefd190000 - 0x000007fefd1c0000 	C:\Windows\system32\nvinitx.dll
0x000007fefd180000 - 0x000007fefd18c000 	C:\Windows\system32\VERSION.dll
0x0000000074e10000 - 0x0000000074e16000 	C:\Program Files\NVIDIA Corporation\CoProcManager\detoured.dll
0x000007fefa9b0000 - 0x000007fefa9e8000 	C:\Program Files\NVIDIA Corporation\CoProcManager\nvd3d9wrapx.dll
0x000007fefd610000 - 0x000007fefd7e7000 	C:\Windows\system32\SETUPAPI.dll
0x000007fefd310000 - 0x000007fefd346000 	C:\Windows\system32\CFGMGR32.dll
0x000007fefe020000 - 0x000007fefe0fb000 	C:\Windows\system32\OLEAUT32.dll
0x000007fefe9e0000 - 0x000007fefebdf000 	C:\Windows\system32\ole32.dll
0x000007fefd270000 - 0x000007fefd28a000 	C:\Windows\system32\DEVOBJ.dll
0x000007fefa980000 - 0x000007fefa9a4000 	C:\Program Files\NVIDIA Corporation\CoProcManager\nvdxgiwrapx.dll
0x0000000079460000 - 0x0000000079532000 	C:\Program Files\Android\Android Studio\jre\jre\bin\msvcr100.dll
0x0000000054db0000 - 0x00000000555f6000 	C:\Program Files\Android\Android Studio\jre\jre\bin\server\jvm.dll
0x000007fef4930000 - 0x000007fef4939000 	C:\Windows\system32\WSOCK32.dll
0x000007fefdfd0000 - 0x000007fefe01d000 	C:\Windows\system32\WS2_32.dll
0x000007fefe240000 - 0x000007fefe248000 	C:\Windows\system32\NSI.dll
0x000007fef9f90000 - 0x000007fef9fcb000 	C:\Windows\system32\WINMM.dll
0x0000000077910000 - 0x0000000077917000 	C:\Windows\system32\PSAPI.DLL
0x000007fefb6c0000 - 0x000007fefb6cf000 	C:\Program Files\Android\Android Studio\jre\jre\bin\verify.dll
0x000007feedb80000 - 0x000007feedba9000 	C:\Program Files\Android\Android Studio\jre\jre\bin\java.dll
0x000007feedb60000 - 0x000007feedb76000 	C:\Program Files\Android\Android Studio\jre\jre\bin\zip.dll
0x000007fefebe0000 - 0x000007feff96b000 	C:\Windows\system32\SHELL32.dll
0x000007fefd260000 - 0x000007fefd26f000 	C:\Windows\system32\profapi.dll
0x000007feedb40000 - 0x000007feedb5a000 	C:\Program Files\Android\Android Studio\jre\jre\bin\net.dll
0x000007fefc990000 - 0x000007fefc9e5000 	C:\Windows\system32\mswsock.dll
0x000007fefc980000 - 0x000007fefc987000 	C:\Windows\System32\wship6.dll
0x000007feedb20000 - 0x000007feedb31000 	C:\Program Files\Android\Android Studio\jre\jre\bin\nio.dll
0x000007fedaa20000 - 0x000007fedaa46000 	C:\Users\Administrator\.gradle\native\29\windows-amd64\native-platform.dll
0x000007fefc600000 - 0x000007fefc603000 	C:\Windows\system32\api-ms-win-core-synch-l1-2-0.DLL
0x000007feedb00000 - 0x000007feedb0d000 	C:\Program Files\Android\Android Studio\jre\jre\bin\management.dll
0x000007fefcc30000 - 0x000007fefcc48000 	C:\Windows\system32\CRYPTSP.dll
0x000007fefc6f0000 - 0x000007fefc737000 	C:\Windows\system32\rsaenh.dll
0x000007fefd370000 - 0x000007fefd38e000 	C:\Windows\system32\USERENV.dll
0x000007fefd0b0000 - 0x000007fefd0bf000 	C:\Windows\system32\CRYPTBASE.dll
0x000007fefa7b0000 - 0x000007fefa7d7000 	C:\Windows\system32\IPHLPAPI.DLL
0x000007fefa7a0000 - 0x000007fefa7ab000 	C:\Windows\system32\WINNSI.DLL
0x000007fef4e90000 - 0x000007fef4ea8000 	C:\Windows\system32\dhcpcsvc.DLL
0x000007fef4e70000 - 0x000007fef4e81000 	C:\Windows\system32\dhcpcsvc6.DLL

VM Arguments:
jvm_args: -Xmx1536m -Dfile.encoding=x-windows-949 -Duser.country=KR -Duser.language=ko -Duser.variant 
java_command: org.gradle.launcher.daemon.bootstrap.GradleDaemon 5.4.1
java_class_path (initial): C:\Users\Administrator\.gradle\wrapper\dists\gradle-5.4.1-all\3221gyojl5jsh0helicew7rwx\gradle-5.4.1\lib\gradle-launcher-5.4.1.jar
Launcher Type: SUN_STANDARD

Environment Variables:
JAVA_HOME=C:\Program Files\Java\jdk-12.0.1
PATH=C:\Windows\system32; C:\Program Files\Java\jdk-12.0.1\bin;C:\Program Files\Intel\WiFi\bin\;C:\Program Files\Common Files\Intel\WirelessCommon\;C:\Users\Administrator\AppData\Local\GitHubDesktop\bin
USERNAME=Administrator
OS=Windows_NT
PROCESSOR_IDENTIFIER=Intel64 Family 6 Model 94 Stepping 3, GenuineIntel



---------------  S Y S T E M  ---------------

OS: Windows 7 , 64 bit Build 7601 (6.1.7601.24441)

CPU:total 4 (initial active 4) (4 cores per cpu, 1 threads per core) family 6 model 94 stepping 3, cmov, cx8, fxsr, mmx, sse, sse2, sse3, ssse3, sse4.1, sse4.2, popcnt, avx, avx2, aes, clmul, erms, rtm, 3dnowpref, lzcnt, tsc, tscinvbit, bmi1, bmi2, adx

Memory: 4k page, physical 12489592k(823944k free), swap 17566732k(4984k free)

vm_info: OpenJDK 64-Bit Server VM (25.202-b03) for windows-amd64 JRE (1.8.0_202-release-1483-b03), built by "builder" with MS VC++ 10.0 (VS2010)

time: Thu Nov 14 16:25:03 2019
timezone: 대한민국 표준시
elapsed time: 21 seconds (0d 0h 0m 21s)

