JvmtiExport can_access_local_variables 0
JvmtiExport can_hotswap_or_post_breakpoint 0
JvmtiExport can_post_on_exceptions 0
# 324 ciObject found
ciMethod java/lang/Object <init> ()V 4097 1 3387664 0 0
ciMethod java/lang/String length ()I 4097 1 1016713 0 64
ciMethod java/lang/String charAt (I)C 4097 1 2133281 0 -1
ciMethod java/lang/String toCharArray ()[C 3129 1 24857 0 -1
ciMethod java/lang/System getSecurityManager ()Ljava/lang/SecurityManager; 2065 1 105196 0 0
ciMethod java/lang/Throwable addSuppressed (Ljava/lang/Throwable;)V 0 0 1 0 -1
ciMethod java/lang/SecurityManager checkRead (Ljava/lang/String;)V 0 0 1 0 -1
ciMethod java/lang/ref/Reference get ()Ljava/lang/Object; 2073 1 259 0 -1
ciMethod java/lang/Thread currentThread ()Ljava/lang/Thread; 2049 1 256 0 -1
ciMethod sun/misc/Unsafe putChar (JC)V 2049 1 256 0 -1
ciMethod sun/misc/Unsafe getInt (J)I 2049 1 256 0 -1
ciMethod sun/misc/Unsafe copyMemory (Ljava/lang/Object;JLjava/lang/Object;JJ)V 3073 1 384 0 -1
ciMethod java/lang/Long numberOfTrailingZeros (J)I 2049 1 1574 0 -1
ciMethod java/util/Collection iterator ()Ljava/util/Iterator; 0 0 1 0 -1
ciMethod java/util/AbstractList iterator ()Ljava/util/Iterator; 2049 1 6400 0 192
ciMethod java/util/AbstractCollection <init> ()V 641 1 325975 0 32
ciMethod java/util/AbstractCollection size ()I 0 0 1 0 -1
ciMethod java/lang/ThreadLocal get ()Ljava/lang/Object; 2049 1 23144 0 1568
ciMethod java/lang/ThreadLocal setInitialValue ()Ljava/lang/Object; 25 1 326 0 -1
ciMethod java/lang/ThreadLocal getMap (Ljava/lang/Thread;)Ljava/lang/ThreadLocal$ThreadLocalMap; 2049 1 10536 0 -1
ciMethodData java/lang/String length ()I 2 1016755 orig 264 8 206 208 80 0 0 0 0 96 60 141 21 0 0 0 0 32 1 0 0 0 0 0 0 0 0 0 0 0 0 0 0 0 0 0 0 0 0 0 0 0 0 0 0 0 0 0 0 0 0 0 0 0 0 0 0 0 0 0 0 0 0 0 0 0 0 0 0 0 0 0 0 0 0 0 0 0 0 0 0 77 68 79 32 101 120 116 114 97 32 100 97 116 97 32 108 111 99 107 0 0 0 0 0 0 0 0 0 0 0 0 0 0 0 0 0 0 0 0 0 0 0 0 0 0 0 0 0 0 0 0 0 0 0 0 0 0 0 0 0 0 0 0 0 0 0 0 0 0 0 0 0 0 0 0 0 0 0 0 0 0 0 0 0 0 0 0 0 0 0 0 0 0 0 0 0 0 0 0 0 0 0 0 0 1 0 0 0 0 0 0 0 0 0 0 0 0 0 0 0 1 0 0 0 0 0 0 0 0 0 0 0 0 0 0 0 0 2 0 0 153 13 124 0 1 0 0 0 0 0 0 0 0 0 0 0 2 0 0 0 0 0 0 0 0 0 0 0 0 0 0 0 255 255 255 255 0 0 0 0 0 0 0 0 data 0 oops 0
ciMethodData java/lang/Object <init> ()V 2 3387682 orig 264 8 206 208 80 0 0 0 0 128 4 141 21 0 0 0 0 32 1 0 0 0 0 0 0 0 0 0 0 0 0 0 0 0 0 0 0 0 0 0 0 0 0 0 0 0 0 0 0 0 0 0 0 0 0 0 0 0 0 0 0 0 0 0 0 0 0 0 0 0 0 0 0 0 0 0 0 0 0 0 0 77 68 79 32 101 120 116 114 97 32 100 97 116 97 32 108 111 99 107 0 0 0 0 0 0 0 0 0 0 0 0 0 0 0 0 0 0 0 0 0 0 0 0 0 0 0 0 0 0 0 0 0 0 0 0 0 0 0 0 0 0 0 0 0 0 0 0 0 0 0 0 0 0 0 0 0 0 0 0 0 0 0 0 0 0 0 0 0 0 0 0 0 0 0 0 0 0 0 0 0 0 0 0 0 1 0 0 0 0 0 0 0 1 0 0 0 0 0 0 0 1 0 0 0 0 0 0 0 0 0 0 0 0 0 0 0 0 2 0 0 17 121 157 1 1 0 0 0 0 0 0 0 0 0 0 0 2 0 0 0 0 0 3 0 1 0 0 0 0 0 0 0 255 255 255 255 0 0 0 0 0 0 0 0 data 0 oops 0
ciMethod java/lang/ThreadLocal$ThreadLocalMap access$000 (Ljava/lang/ThreadLocal$ThreadLocalMap;Ljava/lang/ThreadLocal;)Ljava/lang/ThreadLocal$ThreadLocalMap$Entry; 2041 1 23143 0 -1
ciMethod java/util/Objects requireNonNull (Ljava/lang/Object;)Ljava/lang/Object; 2193 1 564978 0 -1
ciMethod java/util/Iterator hasNext ()Z 0 0 1 0 -1
ciMethod java/util/Iterator next ()Ljava/lang/Object; 0 0 1 0 -1
ciMethod java/lang/Enum ordinal ()I 1025 1 128 0 0
ciMethod java/nio/file/Path getFileSystem ()Ljava/nio/file/FileSystem; 0 0 1 0 -1
ciMethod java/util/ArrayDeque <init> ()V 2049 1 4922 0 0
ciMethod java/util/ArrayDeque push (Ljava/lang/Object;)V 3081 1 5963 0 -1
ciMethod java/util/ArrayDeque size ()I 8137 1 13277 0 -1
ciMethod java/util/AbstractList$Itr <init> (Ljava/util/AbstractList;)V 2057 1 49863 0 0
ciMethod java/util/AbstractList$Itr hasNext ()Z 4097 1 7180 0 96
ciMethod java/util/AbstractList$Itr <init> (Ljava/util/AbstractList;Ljava/util/AbstractList$1;)V 2049 1 47536 0 96
ciMethodData java/lang/System getSecurityManager ()Ljava/lang/SecurityManager; 2 105205 orig 264 8 206 208 80 0 0 0 0 120 151 142 21 0 0 0 0 24 1 0 0 0 0 0 0 0 0 0 0 0 0 0 0 0 0 0 0 0 0 0 0 0 0 0 0 0 0 0 0 0 0 0 0 0 0 0 0 0 0 0 0 0 0 0 0 0 0 0 0 0 0 0 0 0 0 0 0 0 0 0 0 77 68 79 32 101 120 116 114 97 32 100 97 116 97 32 108 111 99 107 0 0 0 0 0 0 0 0 0 0 0 0 0 0 0 0 0 0 0 0 0 0 0 0 0 0 0 0 0 0 0 0 0 0 0 0 0 0 0 0 0 0 0 0 0 0 0 0 0 0 0 0 0 0 0 0 0 0 0 0 0 0 0 0 0 0 0 0 0 0 0 0 0 0 0 0 0 0 0 0 0 0 0 0 0 1 0 0 0 0 0 0 0 0 0 0 0 0 0 0 0 0 0 0 0 0 0 0 0 0 0 0 0 0 0 0 0 2 1 0 0 153 207 12 0 1 0 0 0 0 0 0 0 0 0 0 0 2 0 0 0 0 0 3 0 1 0 0 0 0 0 0 0 255 255 255 255 0 0 0 0 0 0 0 0 data 0 oops 0
ciMethodData java/util/AbstractCollection <init> ()V 2 325976 orig 264 8 206 208 80 0 0 0 0 136 137 153 21 0 0 0 0 48 1 0 0 0 0 0 0 0 0 0 0 0 0 0 0 0 0 0 0 0 0 0 0 0 0 0 0 0 0 0 0 0 0 0 0 0 0 0 0 0 0 0 0 0 0 0 0 0 0 0 0 0 0 0 0 0 0 0 0 0 0 0 0 77 68 79 32 101 120 116 114 97 32 100 97 116 97 32 108 111 99 107 0 0 0 0 0 0 0 0 0 0 0 0 0 0 0 0 0 0 0 0 0 0 0 0 0 0 0 0 0 0 0 0 0 0 0 0 0 0 0 0 0 0 0 0 0 0 0 0 0 0 0 0 0 0 0 0 0 0 0 0 0 0 0 0 0 0 0 0 0 0 0 0 0 0 0 0 0 0 0 0 0 0 0 0 0 1 0 0 0 0 0 0 0 0 0 0 0 0 0 0 0 1 0 0 0 0 0 0 0 0 0 0 0 0 0 0 0 80 0 0 0 65 200 39 0 1 0 0 0 0 0 0 0 0 0 0 0 2 0 0 0 0 0 3 0 2 0 0 0 16 0 0 0 255 255 255 255 2 0 1 0 0 0 0 0 data 2 0x10002 0x4f90c oops 0
ciMethodData java/util/AbstractList$Itr hasNext ()Z 2 7180 orig 264 8 206 208 80 0 0 0 0 8 235 180 21 0 0 0 0 176 1 0 0 0 0 0 0 0 0 0 0 0 0 0 0 0 0 0 0 0 0 0 0 0 0 0 0 0 0 0 0 0 0 0 0 0 0 0 0 0 0 0 0 0 0 0 0 0 0 0 0 0 0 0 0 0 0 0 0 0 0 0 0 77 68 79 32 101 120 116 114 97 32 100 97 116 97 32 108 111 99 107 0 0 0 0 0 0 0 0 0 0 0 0 0 0 0 0 0 0 0 0 0 0 0 0 0 0 0 0 0 0 0 0 0 0 0 0 0 0 0 0 0 0 0 0 0 0 0 0 0 0 0 0 0 0 0 0 0 0 0 0 0 0 0 0 0 0 0 0 0 0 0 0 0 0 0 0 0 0 0 0 0 0 0 0 0 0 0 0 0 0 0 0 0 0 0 0 0 0 0 0 0 0 0 0 0 0 0 0 0 0 0 0 0 0 0 0 0 0 2 0 0 97 208 0 0 1 0 0 0 0 0 0 0 0 0 0 0 2 0 0 0 0 0 6 0 2 0 0 0 104 0 0 0 255 255 255 255 5 0 8 0 0 0 0 0 data 13 0x80005 0x15ae 0x1cc02540 0x3e8 0x1fddff00 0x76 0xb0007 0xc9 0x38 0x1943 0xf0003 0x1943 0x18 oops 2 2 org/gradle/internal/classpath/DefaultClassPath$ImmutableUniqueList 4 java/util/Arrays$ArrayList
ciMethodData java/util/ArrayDeque <init> ()V 2 4922 orig 264 8 206 208 80 0 0 0 0 176 84 175 21 0 0 0 0 48 1 0 0 0 0 0 0 0 0 0 0 0 0 0 0 0 0 0 0 0 0 0 0 0 0 0 0 0 0 0 0 0 0 0 0 0 0 0 0 0 0 0 0 0 0 0 0 0 0 0 0 0 0 0 0 0 0 0 0 0 0 0 0 77 68 79 32 101 120 116 114 97 32 100 97 116 97 32 108 111 99 107 0 0 0 0 0 0 0 0 0 0 0 0 0 0 0 0 0 0 0 0 0 0 0 0 0 0 0 0 0 0 0 0 0 0 0 0 0 0 0 0 0 0 0 0 0 0 0 0 0 0 0 0 0 0 0 0 0 0 0 0 0 0 0 0 0 0 0 0 0 0 0 0 0 0 0 0 0 0 0 0 0 0 0 0 0 0 0 0 0 0 0 0 0 0 0 0 0 0 0 0 0 0 0 0 0 0 0 0 0 0 0 0 0 0 0 0 0 0 1 0 0 209 145 0 0 1 0 0 0 0 0 0 0 0 0 0 0 2 0 0 0 0 0 3 0 2 0 0 0 16 0 0 0 255 255 255 255 2 0 1 0 0 0 0 0 data 2 0x10002 0x123a oops 0
ciMethodData java/util/AbstractList$Itr <init> (Ljava/util/AbstractList;Ljava/util/AbstractList$1;)V 2 47536 orig 264 8 206 208 80 0 0 0 0 16 238 180 21 0 0 0 0 64 1 0 0 0 0 0 0 0 0 0 0 0 0 0 0 0 0 0 0 0 0 0 0 0 0 0 0 0 0 0 0 0 0 0 0 0 0 0 0 0 0 0 0 0 0 0 0 0 0 0 0 0 0 0 0 0 0 0 0 0 0 0 0 77 68 79 32 101 120 116 114 97 32 100 97 116 97 32 108 111 99 107 0 0 0 0 0 0 0 0 0 0 0 0 0 0 0 0 0 0 0 0 0 0 0 0 0 0 0 0 0 0 0 0 0 0 0 0 0 0 0 0 0 0 0 0 0 0 0 0 0 0 0 0 0 0 0 0 0 0 0 0 0 0 0 0 0 0 0 0 0 0 0 0 0 0 0 0 0 0 0 0 0 0 0 0 0 1 0 0 0 0 0 0 0 4 0 0 0 0 0 0 0 5 0 0 0 0 0 0 0 0 0 0 0 0 0 0 0 0 1 0 0 129 197 5 0 1 0 0 0 0 0 0 0 0 0 0 0 2 0 0 0 0 0 3 0 2 0 0 0 16 0 0 0 255 255 255 255 2 0 2 0 0 0 0 0 data 2 0x20002 0xb8be oops 0
ciMethodData java/util/AbstractList$Itr <init> (Ljava/util/AbstractList;)V 2 49863 orig 264 8 206 208 80 0 0 0 0 96 234 180 21 0 0 0 0 56 1 0 0 0 0 0 0 0 0 0 0 0 0 0 0 0 0 0 0 0 0 0 0 0 0 0 0 0 0 0 0 0 0 0 0 0 0 0 0 0 0 0 0 0 0 0 0 0 0 0 0 0 0 0 0 0 0 0 0 0 0 0 0 77 68 79 32 101 120 116 114 97 32 100 97 116 97 32 108 111 99 107 0 0 0 0 0 0 0 0 0 0 0 0 0 0 0 0 0 0 0 0 0 0 0 0 0 0 0 0 0 0 0 0 0 0 0 0 0 0 0 0 0 0 0 0 0 0 0 0 0 0 0 0 0 0 0 0 0 0 0 0 0 0 0 0 0 0 0 0 0 0 0 0 0 0 0 0 0 0 0 0 0 0 0 0 0 1 0 0 0 0 0 0 0 0 0 0 0 0 0 0 0 1 0 0 0 0 0 0 0 0 0 0 0 0 0 0 0 1 1 0 0 49 14 6 0 1 0 0 0 0 0 0 0 0 0 0 0 2 0 0 0 0 0 3 0 2 0 0 0 16 0 0 0 255 255 255 255 2 0 6 0 0 0 0 0 data 2 0x60002 0xc1c8 oops 0
ciMethodData java/util/AbstractList iterator ()Ljava/util/Iterator; 2 6400 orig 264 8 206 208 80 0 0 0 0 152 124 153 21 0 0 0 0 48 1 0 0 0 0 0 0 0 0 0 0 0 0 0 0 0 0 0 0 0 0 0 0 0 0 0 0 0 0 0 0 0 0 0 0 0 0 0 0 0 0 0 0 0 0 0 0 0 0 0 0 0 0 0 0 0 0 0 0 0 0 0 0 77 68 79 32 101 120 116 114 97 32 100 97 116 97 32 108 111 99 107 0 0 0 0 0 0 0 0 0 0 0 0 0 0 0 0 0 0 0 0 0 0 0 0 0 0 0 0 0 0 0 0 0 0 0 0 0 0 0 0 0 0 0 0 0 0 0 0 0 0 0 0 0 0 0 0 0 0 0 0 0 0 0 0 0 0 0 0 0 0 0 0 0 0 0 0 0 0 0 0 0 0 0 0 0 0 0 0 0 0 0 0 0 0 0 0 0 0 0 0 0 0 0 0 0 0 0 0 0 0 0 0 0 0 0 0 0 0 1 0 0 1 192 0 0 1 0 0 0 0 0 0 0 0 0 0 0 2 0 0 0 0 0 3 0 2 0 0 0 16 0 0 0 255 255 255 255 2 0 6 0 0 0 0 0 data 2 0x60002 0x1800 oops 0
ciMethod sun/nio/fs/WindowsFileSystemProvider getFileAttributeView (Ljava/nio/file/Path;Ljava/lang/Class;[Ljava/nio/file/LinkOption;)Ljava/nio/file/attribute/FileAttributeView; 3073 1 4274 0 0
ciMethod sun/nio/fs/WindowsFileSystemProvider readAttributes (Ljava/nio/file/Path;Ljava/lang/Class;[Ljava/nio/file/LinkOption;)Ljava/nio/file/attribute/BasicFileAttributes; 3073 1 3814 0 0
ciMethod java/nio/file/spi/FileSystemProvider readAttributes (Ljava/nio/file/Path;Ljava/lang/Class;[Ljava/nio/file/LinkOption;)Ljava/nio/file/attribute/BasicFileAttributes; 0 0 1 0 -1
ciMethod sun/nio/fs/WindowsFileSystem provider ()Ljava/nio/file/spi/FileSystemProvider; 1025 1 128 0 0
ciMethod java/nio/file/FileSystem provider ()Ljava/nio/file/spi/FileSystemProvider; 0 0 1 0 -1
ciMethod sun/nio/fs/Util followLinks ([Ljava/nio/file/LinkOption;)Z 3073 9 4275 0 0
ciMethod sun/nio/fs/WindowsPath getPathForPermissionCheck ()Ljava/lang/String; 1025 1 128 0 -1
ciMethod sun/nio/fs/WindowsPath getPathForWin32Calls ()Ljava/lang/String; 2057 1 5380 0 160
ciMethod sun/nio/fs/WindowsPath getAbsolutePath ()Ljava/lang/String; 0 0 1 0 -1
ciMethod sun/nio/fs/WindowsPath addPrefixIfNeeded (Ljava/lang/String;)Ljava/lang/String; 0 0 1 0 -1
ciMethod sun/nio/fs/WindowsPath getFileSystem ()Lsun/nio/fs/WindowsFileSystem; 1297 1 162 0 0
ciMethod sun/nio/fs/WindowsPath isAbsolute ()Z 2049 1 10422 0 0
ciMethod sun/nio/fs/WindowsPath toWindowsPath (Ljava/nio/file/Path;)Lsun/nio/fs/WindowsPath; 2049 1 17210 0 0
ciMethod sun/nio/fs/WindowsPath openForReadAttributeAccess (Z)J 3073 1 6588 0 -1
ciMethod sun/nio/fs/WindowsPath checkRead ()V 3073 1 18030 0 0
ciMethod sun/nio/fs/WindowsPath getFileSystem ()Ljava/nio/file/FileSystem; 3073 1 5515 0 32
ciMethod java/nio/file/Files provider (Ljava/nio/file/Path;)Ljava/nio/file/spi/FileSystemProvider; 3073 1 14702 0 0
ciMethod java/nio/file/Files newDirectoryStream (Ljava/nio/file/Path;)Ljava/nio/file/DirectoryStream; 1569 1 3313 0 -1
ciMethod java/nio/file/Files readAttributes (Ljava/nio/file/Path;Ljava/lang/Class;[Ljava/nio/file/LinkOption;)Ljava/nio/file/attribute/BasicFileAttributes; 2089 1 3813 0 0
ciMethod java/nio/file/Files walkFileTree (Ljava/nio/file/Path;Ljava/util/Set;ILjava/nio/file/FileVisitor;)Ljava/nio/file/Path; 1441 16385 1204 0 -1
ciMethod sun/nio/fs/WindowsNativeDispatcher CloseHandle (J)V 2049 1 256 0 -1
ciMethod sun/nio/fs/WindowsNativeDispatcher FindFirstFile (Ljava/lang/String;J)J 0 0 1 0 -1
ciMethod sun/nio/fs/WindowsNativeDispatcher FindClose (J)V 2049 1 256 0 -1
ciMethod sun/nio/fs/WindowsNativeDispatcher GetFileAttributesEx (Ljava/lang/String;J)V 4097 1 4278 0 0
ciMethod sun/nio/fs/WindowsNativeDispatcher GetFileAttributesEx0 (JJ)V 4113 1 514 0 -1
ciMethod sun/nio/fs/WindowsNativeDispatcher GetFullPathName (Ljava/lang/String;)Ljava/lang/String; 0 0 1 0 -1
ciMethod sun/nio/fs/WindowsNativeDispatcher asNativeBuffer (Ljava/lang/String;)Lsun/nio/fs/NativeBuffer; 2065 1 8730 0 0
ciMethod sun/nio/fs/NativeBuffers allocNativeBuffer (I)Lsun/nio/fs/NativeBuffer; 113 1 143 0 0
ciMethod sun/nio/fs/NativeBuffers getNativeBufferFromCache (I)Lsun/nio/fs/NativeBuffer; 2057 889 12610 0 1664
ciMethod sun/nio/fs/NativeBuffers getNativeBuffer (I)Lsun/nio/fs/NativeBuffer; 3073 1 14480 0 0
ciMethod sun/nio/fs/NativeBuffer <init> (I)V 113 1 143 0 -1
ciMethod sun/nio/fs/NativeBuffer release ()V 2121 1 28057 0 -1
ciMethod sun/nio/fs/NativeBuffer address ()J 2049 1 50534 0 0
ciMethod sun/nio/fs/NativeBuffer size ()I 1025 1 128 0 0
ciMethod sun/nio/fs/NativeBuffer setOwner (Ljava/lang/Object;)V 3073 1 23046 0 0
ciMethod sun/nio/fs/NativeBuffer owner ()Ljava/lang/Object; 1065 1 133 0 -1
ciMethod java/nio/file/attribute/BasicFileAttributes isDirectory ()Z 0 0 1 0 -1
ciMethod java/nio/file/attribute/BasicFileAttributes isSymbolicLink ()Z 0 0 1 0 -1
ciMethod java/nio/file/attribute/BasicFileAttributes fileKey ()Ljava/lang/Object; 0 0 1 0 -1
ciMethod sun/nio/fs/WindowsFileAttributes fromFileAttributeData (JI)Lsun/nio/fs/WindowsFileAttributes; 4089 1 4277 0 -1
ciMethod sun/nio/fs/WindowsFileAttributes getBufferForFindData ()Lsun/nio/fs/NativeBuffer; 2049 1 3725 0 -1
ciMethod sun/nio/fs/WindowsFileAttributes fromFindData (J)Lsun/nio/fs/WindowsFileAttributes; 4097 1 4386 0 -1
ciMethod sun/nio/fs/WindowsFileAttributes readAttributes (J)Lsun/nio/fs/WindowsFileAttributes; 2049 1 6478 0 -1
ciMethod sun/nio/fs/WindowsFileAttributes get (Lsun/nio/fs/WindowsPath;Z)Lsun/nio/fs/WindowsFileAttributes; 4097 1 4277 0 0
ciMethod sun/nio/fs/WindowsFileAttributes isReparsePoint (I)Z 4097 1 15141 0 -1
ciMethod sun/nio/fs/WindowsFileAttributes isReparsePoint ()Z 0 0 1 0 -1
ciMethod sun/nio/fs/BasicFileAttributesHolder get ()Ljava/nio/file/attribute/BasicFileAttributes; 0 0 1 0 -1
ciMethod sun/nio/fs/WindowsPath$WindowsPathWithAttributes getFileSystem ()Ljava/nio/file/FileSystem; 2097 1 5455 0 32
ciMethodData sun/nio/fs/NativeBuffer address ()J 2 50542 orig 264 8 206 208 80 0 0 0 0 128 164 22 27 0 0 0 0 32 1 0 0 0 0 0 0 0 0 0 0 0 0 0 0 0 0 0 0 0 0 0 0 0 0 0 0 0 0 0 0 0 0 0 0 0 0 0 0 0 0 0 0 0 0 0 0 0 0 0 0 0 0 0 0 0 0 0 0 0 0 0 0 77 68 79 32 101 120 116 114 97 32 100 97 116 97 32 108 111 99 107 0 0 0 0 0 0 0 0 0 0 0 0 0 0 0 0 0 0 0 0 0 0 0 0 0 0 0 0 0 0 0 0 0 0 0 0 0 0 0 0 0 0 0 0 0 0 0 0 0 0 0 0 0 0 0 0 0 0 0 0 0 0 0 0 0 0 0 0 0 0 0 0 0 0 0 0 0 0 0 0 0 0 0 0 0 0 0 0 0 0 0 0 0 0 0 0 0 0 0 0 0 0 0 0 0 0 0 0 0 0 0 0 0 0 0 0 0 0 1 0 0 113 35 6 0 1 0 0 0 0 0 0 0 0 0 0 0 2 0 0 0 0 0 3 0 1 0 0 0 0 0 0 0 255 255 255 255 0 0 0 0 0 0 0 0 data 0 oops 0
ciMethod java/util/RegularEnumSet iterator ()Ljava/util/Iterator; 2057 1 1227 0 0
ciMethod java/util/RegularEnumSet access$000 (Ljava/util/RegularEnumSet;)J 2057 1 1227 0 0
ciMethod java/nio/file/FileVisitor preVisitDirectory (Ljava/lang/Object;Ljava/nio/file/attribute/BasicFileAttributes;)Ljava/nio/file/FileVisitResult; 0 0 1 0 -1
ciMethod java/nio/file/FileVisitor visitFile (Ljava/lang/Object;Ljava/nio/file/attribute/BasicFileAttributes;)Ljava/nio/file/FileVisitResult; 0 0 1 0 -1
ciMethod java/nio/file/FileVisitor visitFileFailed (Ljava/lang/Object;Ljava/io/IOException;)Ljava/nio/file/FileVisitResult; 0 0 1 0 -1
ciMethod java/nio/file/FileVisitor postVisitDirectory (Ljava/lang/Object;Ljava/io/IOException;)Ljava/nio/file/FileVisitResult; 0 0 1 0 -1
ciMethod java/nio/file/attribute/BasicFileAttributeView readAttributes ()Ljava/nio/file/attribute/BasicFileAttributes; 0 0 1 0 -1
ciMethod sun/nio/fs/WindowsFileAttributeViews createBasicView (Lsun/nio/fs/WindowsPath;Z)Lsun/nio/fs/WindowsFileAttributeViews$Basic; 3073 1 4275 0 0
ciMethod sun/nio/fs/WindowsFileAttributeViews createDosView (Lsun/nio/fs/WindowsPath;Z)Lsun/nio/fs/WindowsFileAttributeViews$Dos; 0 0 1 0 -1
ciMethod sun/nio/fs/WindowsFileAttributeViews$Basic <init> (Lsun/nio/fs/WindowsPath;Z)V 3073 1 4277 0 0
ciMethod sun/nio/fs/WindowsFileAttributeViews$Basic readAttributes ()Lsun/nio/fs/WindowsFileAttributes; 4097 1 4277 0 0
ciMethod sun/nio/fs/WindowsFileAttributeViews$Basic readAttributes ()Ljava/nio/file/attribute/BasicFileAttributes; 4097 1 4277 0 0
ciMethod sun/nio/fs/AbstractBasicFileAttributeView <init> ()V 3073 1 4277 0 0
ciMethodData sun/nio/fs/Util followLinks ([Ljava/nio/file/LinkOption;)Z 2 4277 orig 264 8 206 208 80 0 0 0 0 96 243 20 27 0 0 0 0 248 1 0 0 120 0 0 0 0 0 0 0 0 0 0 0 0 0 0 0 0 0 0 0 0 0 0 0 0 0 0 0 0 0 0 0 0 0 0 0 0 0 0 0 0 0 0 0 0 0 0 0 0 0 0 0 0 0 0 0 0 0 0 0 77 68 79 32 101 120 116 114 97 32 100 97 116 97 32 108 111 99 107 0 0 0 0 0 0 0 0 0 0 0 0 0 0 0 0 0 0 0 0 0 0 0 0 0 0 0 0 0 0 0 0 0 0 0 0 0 0 0 0 0 0 0 0 0 0 0 0 0 0 0 0 0 0 0 0 0 0 0 0 0 0 0 0 0 0 0 0 0 0 0 0 0 0 0 0 0 0 0 0 0 0 0 0 0 25 0 0 0 0 0 0 0 0 0 0 0 0 0 0 0 1 0 0 0 0 0 0 0 0 0 0 0 0 0 0 0 128 1 0 0 169 121 0 0 49 0 0 0 0 0 0 0 0 0 0 0 2 0 0 0 1 0 11 0 2 0 0 0 176 0 0 0 255 255 255 255 7 0 13 0 0 0 0 0 data 22 0xd0007 0xf35 0xb0 0x6 0x1b0007 0x0 0x38 0x6 0x200003 0x6 0x58 0x250007 0x0 0x30 0x0 0x2c0002 0x0 0x360002 0x0 0x3d0003 0x6 0xffffffffffffff68 oops 0
ciMethodData sun/nio/fs/WindowsPath isAbsolute ()Z 2 10422 orig 264 8 206 208 80 0 0 0 0 104 34 21 27 0 0 0 0 160 1 0 0 32 0 0 0 0 0 0 0 0 0 0 0 0 0 0 0 0 0 0 0 0 0 0 0 0 0 0 0 0 0 0 0 0 0 0 0 0 0 0 0 0 0 0 0 0 0 0 0 0 0 0 0 0 0 0 0 0 0 0 0 77 68 79 32 101 120 116 114 97 32 100 97 116 97 32 108 111 99 107 0 0 0 0 0 0 0 0 0 0 0 0 0 0 0 0 0 0 0 0 0 0 0 0 0 0 0 0 0 0 0 0 0 0 0 0 0 0 0 0 0 0 0 0 0 0 0 0 0 0 0 0 0 0 0 0 0 0 0 0 0 0 0 0 0 0 0 0 0 0 0 0 0 0 0 0 0 0 0 0 0 0 0 0 0 0 0 0 0 0 0 0 0 0 0 0 0 0 0 0 0 0 0 0 0 0 0 0 0 0 0 0 0 0 0 0 0 0 1 0 0 177 61 1 0 1 0 0 0 0 0 0 0 0 0 0 0 2 0 0 0 0 0 9 0 2 0 0 0 88 0 0 0 255 255 255 255 7 0 7 0 0 0 0 0 data 11 0x70007 0x1dc6 0x40 0x9f0 0x110007 0x9f0 0x38 0x0 0x150003 0x1dc7 0x18 oops 0
ciMethod sun/nio/fs/WindowsException lastError ()I 145 1 18 0 -1
ciMethod sun/nio/fs/WindowsException rethrowAsIOException (Lsun/nio/fs/WindowsPath;)V 9 1 3 3 -1
ciMethod java/util/RegularEnumSet$EnumSetIterator <init> (Ljava/util/RegularEnumSet;)V 2057 1 1227 0 0
ciMethod java/util/RegularEnumSet$EnumSetIterator hasNext ()Z 3073 1 2466 0 0
ciMethod java/util/RegularEnumSet$EnumSetIterator next ()Ljava/lang/Enum; 2049 1 1256 0 0
ciMethod java/util/RegularEnumSet$EnumSetIterator next ()Ljava/lang/Object; 2049 1 1256 0 0
ciMethod java/nio/file/FileTreeWalker <init> (Ljava/util/Collection;I)V 1441 1441 1207 0 0
ciMethod java/nio/file/FileTreeWalker getAttributes (Ljava/nio/file/Path;Z)Ljava/nio/file/attribute/BasicFileAttributes; 2049 1 10242 0 0
ciMethod java/nio/file/FileTreeWalker wouldLoop (Ljava/nio/file/Path;Ljava/lang/Object;)Z 1561 1745 3238 0 -1
ciMethod java/nio/file/FileTreeWalker visit (Ljava/nio/file/Path;ZZ)Ljava/nio/file/FileTreeWalker$Event; 2009 1 10296 0 0
ciMethod java/nio/file/FileTreeWalker walk (Ljava/nio/file/Path;)Ljava/nio/file/FileTreeWalker$Event; 1441 1 1208 0 0
ciMethod java/nio/file/FileTreeWalker next ()Ljava/nio/file/FileTreeWalker$Event; 3073 1 13502 0 -1
ciMethod java/nio/file/FileTreeWalker pop ()V 0 0 6 0 -1
ciMethod java/nio/file/FileTreeWalker skipRemainingSiblings ()V 0 0 1 0 -1
ciMethod java/nio/file/FileTreeWalker close ()V 1425 1 1204 0 -1
ciMethod java/nio/file/FileTreeWalker$DirectoryNode <init> (Ljava/nio/file/Path;Ljava/lang/Object;Ljava/nio/file/DirectoryStream;)V 1561 1 3719 0 -1
ciMethod java/nio/file/FileTreeWalker$Event <init> (Ljava/nio/file/FileTreeWalker$EventType;Ljava/nio/file/Path;Ljava/nio/file/attribute/BasicFileAttributes;)V 2057 1 10550 0 -1
ciMethod java/nio/file/FileTreeWalker$Event <init> (Ljava/nio/file/FileTreeWalker$EventType;Ljava/nio/file/Path;Ljava/io/IOException;)V 1089 1 3259 0 -1
ciMethod java/nio/file/FileTreeWalker$Event type ()Ljava/nio/file/FileTreeWalker$EventType; 1033 1 129 0 -1
ciMethod java/nio/file/FileTreeWalker$Event file ()Ljava/nio/file/Path; 1033 1 129 0 -1
ciMethod java/nio/file/FileTreeWalker$Event attributes ()Ljava/nio/file/attribute/BasicFileAttributes; 1025 1 128 0 -1
ciMethod java/nio/file/FileTreeWalker$Event ioeException ()Ljava/io/IOException; 1025 1 128 0 -1
ciMethodData sun/nio/fs/NativeBuffers getNativeBufferFromCache (I)Lsun/nio/fs/NativeBuffer; 2 12610 orig 264 8 206 208 80 0 0 0 0 232 151 22 27 0 0 0 0 160 2 0 0 48 0 0 0 0 0 0 0 0 0 0 0 0 0 0 0 0 0 0 0 0 0 0 0 0 0 0 0 0 0 0 0 0 0 0 0 0 0 0 0 0 0 0 0 0 0 0 0 0 0 0 0 0 0 0 0 0 0 0 0 77 68 79 32 101 120 116 114 97 32 100 97 116 97 32 108 111 99 107 0 0 0 0 0 0 0 0 0 0 0 0 0 0 0 0 0 0 0 0 0 0 0 0 0 0 0 0 0 0 0 0 0 0 0 0 0 0 0 0 0 0 0 0 0 1 0 0 0 1 0 0 0 0 0 0 0 0 0 0 0 0 2 0 0 0 0 0 0 0 0 0 0 0 0 0 0 0 0 0 0 0 0 0 0 0 0 0 0 0 0 0 0 0 0 0 0 0 0 0 0 0 0 0 0 0 0 0 0 0 0 0 0 0 0 0 0 1 1 0 0 9 130 1 0 137 62 0 0 163 24 0 0 223 2 0 0 2 0 0 0 1 0 14 0 2 0 0 0 88 1 0 0 255 255 255 255 5 0 3 0 0 0 0 0 data 43 0x30005 0x0 0x1f4e8620 0x3041 0x0 0x0 0x69104 0x0 0x1f4e8870 0x3039 0x0 0x0 0xb0007 0xb 0xf8 0x3038 0x120007 0x1f 0xd8 0x37e7 0x1a0007 0x7d1 0xa0 0x3018 0x1e0005 0x0 0x1c89ca60 0x301a 0x0 0x0 0x220007 0x0 0x50 0x301b 0x280104 0x0 0x0 0x0 0x0 0x0 0x2e0003 0x7d1 0xffffffffffffff40 oops 3 2 java/lang/ThreadLocal 8 [Lsun/nio/fs/NativeBuffer; 26 sun/nio/fs/NativeBuffer
ciMethodData sun/nio/fs/WindowsPath toWindowsPath (Ljava/nio/file/Path;)Lsun/nio/fs/WindowsPath; 2 17212 orig 264 8 206 208 80 0 0 0 0 32 35 21 27 0 0 0 0 8 2 0 0 128 0 0 0 0 0 0 0 0 0 0 0 0 0 0 0 0 0 0 0 0 0 0 0 0 0 0 0 0 0 0 0 0 0 0 0 0 0 0 0 0 0 0 0 0 0 0 0 0 0 0 0 0 0 0 0 0 0 0 0 77 68 79 32 101 120 116 114 97 32 100 97 116 97 32 108 111 99 107 0 0 0 0 0 0 0 0 0 0 0 0 0 0 0 0 0 0 0 0 0 0 0 0 0 0 0 0 0 0 0 0 0 0 0 0 0 0 0 0 0 0 0 0 0 0 0 0 0 0 0 0 0 0 0 0 0 0 0 0 0 0 0 0 0 0 0 0 0 0 0 0 0 0 0 0 0 0 0 0 0 0 0 0 0 27 0 0 0 0 0 0 0 0 0 0 0 0 0 0 0 1 0 0 0 0 0 0 0 1 0 0 0 0 0 0 0 0 1 0 0 225 17 2 0 1 0 0 0 0 0 0 0 0 0 0 0 2 0 0 0 0 0 7 0 2 0 0 0 192 0 0 0 255 255 255 255 7 0 1 0 0 0 0 0 data 24 0x10007 0x4238 0x30 0x0 0x80002 0x0 0xd0004 0x0 0x20d50890 0x2139 0x20d54620 0x2100 0x100007 0x4238 0x30 0x0 0x170002 0x0 0x1c0004 0x0 0x20d50890 0x2138 0x20d54620 0x2105 oops 4 8 sun/nio/fs/WindowsPath$WindowsPathWithAttributes 10 sun/nio/fs/WindowsPath 20 sun/nio/fs/WindowsPath$WindowsPathWithAttributes 22 sun/nio/fs/WindowsPath
ciMethodData sun/nio/fs/NativeBuffer setOwner (Ljava/lang/Object;)V 2 23048 orig 264 8 206 208 80 0 0 0 0 72 166 22 27 0 0 0 0 40 1 0 0 0 0 0 0 0 0 0 0 0 0 0 0 0 0 0 0 0 0 0 0 0 0 0 0 0 0 0 0 0 0 0 0 0 0 0 0 0 0 0 0 0 0 0 0 0 0 0 0 0 0 0 0 0 0 0 0 0 0 0 0 77 68 79 32 101 120 116 114 97 32 100 97 116 97 32 108 111 99 107 0 0 0 0 0 0 0 0 0 0 0 0 0 0 0 0 0 0 0 0 0 0 0 0 0 0 0 0 0 0 0 0 0 0 0 0 0 0 0 0 0 0 0 0 0 0 0 0 0 0 0 0 0 0 0 0 0 0 0 0 0 0 0 0 0 0 0 0 0 0 0 0 0 0 0 0 0 0 0 0 0 0 0 0 0 1 0 0 0 0 0 0 0 0 0 0 0 0 0 0 0 1 0 0 0 0 0 0 0 0 0 0 0 0 0 0 0 128 1 0 0 65 196 2 0 1 0 0 0 0 0 0 0 0 0 0 0 2 0 0 0 0 0 3 0 1 0 0 0 0 0 0 0 255 255 255 255 0 0 0 0 0 0 0 0 data 0 oops 0
ciMethodData sun/nio/fs/WindowsPath getPathForWin32Calls ()Ljava/lang/String; 2 5380 orig 264 8 206 208 80 0 0 0 0 64 23 21 27 0 0 0 0 200 3 0 0 8 2 0 0 0 0 0 0 0 0 0 0 0 0 0 0 0 0 0 0 0 0 0 0 0 0 0 0 0 0 0 0 0 0 0 0 0 0 0 0 0 0 0 0 0 0 0 0 0 0 0 0 0 0 0 0 0 0 0 0 77 68 79 32 101 120 116 114 97 32 100 97 116 97 32 108 111 99 107 0 0 0 0 0 0 0 0 0 0 0 0 0 0 0 0 0 0 0 0 0 0 0 0 0 0 0 0 0 0 0 0 0 0 0 0 0 0 0 0 0 0 0 0 0 0 0 0 0 0 0 0 0 0 0 0 0 0 0 0 0 0 0 0 0 0 0 0 0 0 0 0 0 0 0 0 0 0 0 0 0 0 0 0 0 0 0 0 0 0 0 0 0 0 0 0 0 0 0 0 0 0 0 0 0 0 0 0 0 0 0 0 0 0 0 0 0 1 1 0 0 25 160 0 0 1 0 0 0 0 0 0 0 0 0 0 0 2 0 0 0 0 0 41 0 2 0 0 0 128 2 0 0 255 255 255 255 5 0 1 0 0 0 0 0 data 80 0x10005 0x0 0x20d54620 0x645 0x20d50890 0xdbf 0x40007 0x0 0x70 0x1403 0xb0005 0x1 0x161a5e90 0x1400 0x0 0x0 0x110007 0x0 0x20 0x1403 0x1f0007 0x0 0x98 0x0 0x230005 0x0 0x0 0x0 0x0 0x0 0x260004 0x0 0x0 0x0 0x0 0x0 0x290003 0x0 0x18 0x2f0007 0x0 0x20 0x0 0x350002 0x0 0x3a0005 0x0 0x0 0x0 0x0 0x0 0x400007 0x0 0xa0 0x0 0x440005 0x0 0x0 0x0 0x0 0x0 0x4a0007 0x0 0x30 0x0 0x530002 0x0 0x580002 0x0 0x5b0002 0x0 0x660007 0x0 0x48 0x0 0x760002 0x0 0x7e0003 0x0 0x18 oops 3 2 sun/nio/fs/WindowsPath 4 sun/nio/fs/WindowsPath$WindowsPathWithAttributes 12 java/lang/String
ciMethodData sun/nio/fs/WindowsNativeDispatcher asNativeBuffer (Ljava/lang/String;)Lsun/nio/fs/NativeBuffer; 0 0 orig 264 8 206 208 80 0 0 0 0 40 88 22 27 0 0 0 0 64 3 0 0 48 0 0 0 0 0 0 0 0 0 0 0 0 0 0 0 0 0 0 0 0 0 0 0 0 0 0 0 0 0 0 0 0 0 0 0 0 0 0 0 0 0 0 0 0 0 0 0 0 0 0 0 0 0 0 0 0 0 0 0 77 68 79 32 101 120 116 114 97 32 100 97 116 97 32 108 111 99 107 0 0 0 0 0 0 0 0 0 0 0 0 0 0 0 0 0 0 0 0 0 0 0 0 0 0 0 0 0 0 0 0 0 0 0 0 0 0 0 0 0 0 0 0 0 1 0 0 0 0 0 0 0 0 0 0 0 0 0 0 0 0 0 0 0 0 0 0 0 0 0 0 0 0 0 0 0 0 0 0 0 0 0 0 0 17 0 0 0 0 0 0 0 0 0 0 0 0 0 0 0 0 0 0 0 0 0 0 0 0 0 0 0 0 0 0 0 2 1 0 0 193 8 1 0 1 0 0 0 152 20 0 0 0 0 0 0 2 0 0 0 0 0 12 0 2 0 0 0 248 1 0 0 255 255 255 255 5 0 1 0 0 0 0 0 data 63 0x10005 0xec 0x161a5e90 0x202b 0x13fbe1600 0x1 0xc0002 0x2116 0x110007 0x20f3 0x48 0x28 0x150002 0x28 0x190003 0x28 0x68 0x1d0005 0x0 0x13fd3d1d8 0x20f3 0x0 0x0 0x210007 0x206a 0x20 0x89 0x270005 0xde 0x13fbe1610 0x1fb3 0x13fbe1600 0x1 0x370005 0x0 0x13fd3d1d8 0x2092 0x0 0x0 0x3c0005 0xde 0x13fbedb38 0x1fb3 0x0 0x0 0x430005 0x0 0x13fd3d1d8 0x2093 0x0 0x0 0x4a0005 0xde 0x0 0x0 0x0 0x0 0x4f0005 0x0 0x13fd3d1d8 0x2091 0x0 0x0 oops 9 2 java/lang/String